

   Time         sum(rTop)     sum(rRoot)    sum(vTop)     sum(vRoot)     sum(vBot)    hTop       hRoot      hBot      A-level
    [T]           [L]           [L]           [L]           [L]            [L]        [L]         [L]       [L] 

     1.00000  0.000000E+00  0.000000E+00  0.244186E-07  0.000000E+00  0.857626E-01   -165.996      0.000     78.275       1
     2.00000  0.000000E+00  0.000000E+00  0.351197E-07  0.000000E+00  0.160487E+00   -165.536      0.000     78.000       2
     3.00000  0.000000E+00  0.000000E+00  0.407149E-07  0.000000E+00  0.227961E+00   -165.171      0.000     77.650       3
     4.00000  0.000000E+00  0.000000E+00  0.444984E-07  0.000000E+00  0.292075E+00   -164.852      0.000     77.758       4
     5.00000  0.000000E+00  0.000000E+00  0.301575E-07  0.000000E+00  0.352304E+00   -164.569      0.000     77.783       5
     6.00000  0.000000E+00  0.000000E+00  0.403729E-07  0.000000E+00  0.409447E+00   -164.304      0.000     77.708       6
     7.00000  0.000000E+00  0.000000E+00  0.307395E-07  0.000000E+00  0.464759E+00   -164.054      0.000     77.833       7
     8.00000  0.388446E-02  0.000000E+00  0.388450E-02  0.000000E+00  0.519749E+00   -166.389      0.000     78.283       8
     9.00000  0.152732E-01  0.000000E+00  0.152732E-01  0.000000E+00  0.569055E+00   -172.380      0.000     77.433       9
    10.00000  0.333899E-01  0.000000E+00  0.333899E-01  0.000000E+00  0.615838E+00   -180.342      0.000     77.208      10
    11.00000  0.570001E-01  0.000000E+00  0.570001E-01  0.000000E+00  0.657819E+00   -189.656      0.000     76.358      11
    12.00000  0.844947E-01  0.000000E+00  0.844947E-01  0.000000E+00  0.698563E+00   -199.703      0.000     76.283      12
    13.00000  0.114000E+00  0.000000E+00  0.114000E+00  0.000000E+00  0.737728E+00   -209.230      0.000     76.108      13
    14.00000  0.143505E+00  0.000000E+00  0.143506E+00  0.000000E+00  0.775960E+00   -217.158      0.000     76.092      14
    15.00000  0.171000E+00  0.000000E+00  0.171000E+00  0.000000E+00  0.813451E+00   -222.338      0.000     76.117      15
    16.00000  0.194610E+00  0.000000E+00  0.194610E+00  0.000000E+00  0.849473E+00   -224.074      0.000     75.967      16
    17.00000  0.212727E+00  0.000000E+00  0.212727E+00  0.000000E+00  0.885343E+00   -221.901      0.000     76.117      17
    18.00000  0.224116E+00  0.000000E+00  0.224116E+00  0.000000E+00  0.921933E+00   -216.024      0.000     76.492      18
    19.00000  0.228000E+00  0.000000E+00  0.228000E+00  0.000000E+00  0.956752E+00   -207.084      0.000     76.292      19
    20.00000  0.228000E+00  0.000000E+00  0.228000E+00  0.000000E+00  0.990655E+00   -199.401      0.000     76.267      20
    21.00000  0.228000E+00  0.000000E+00  0.228000E+00  0.000000E+00  0.102434E+01   -194.857      0.000     76.392      21
    22.00000  0.228000E+00  0.000000E+00  0.228000E+00  0.000000E+00  0.105531E+01   -191.600      0.000     75.908      22
    23.00000  0.228000E+00  0.000000E+00  0.228000E+00  0.000000E+00  0.108597E+01   -189.137      0.000     75.958      23
    24.00000  0.228000E+00  0.000000E+00  0.228000E+00  0.000000E+00  0.111490E+01   -187.017      0.000     75.658      24
    25.00000  0.228000E+00  0.000000E+00  0.228000E+00  0.000000E+00  0.114441E+01   -185.189      0.000     75.908      25
    26.00000  0.228000E+00  0.000000E+00  0.228000E+00  0.000000E+00  0.117229E+01   -183.569      0.000     75.633      26
    27.00000  0.228000E+00  0.000000E+00  0.228000E+00  0.000000E+00  0.120033E+01   -182.120      0.000     75.783      27
    28.00000  0.228000E+00  0.000000E+00  0.228000E+00  0.000000E+00  0.122710E+01   -180.807      0.000     75.583      28
    29.00000  0.228000E+00  0.000000E+00  0.228000E+00  0.000000E+00  0.125464E+01   -179.606      0.000     75.875      29
    30.00000  0.228000E+00  0.000000E+00  0.228000E+00  0.000000E+00  0.128036E+01   -178.498      0.000     75.550      30
    31.00000  0.228000E+00  0.000000E+00  0.228000E+00  0.000000E+00  0.130661E+01   -177.468      0.000     75.775      31
    32.00000  0.232157E+00  0.000000E+00  0.232157E+00  0.000000E+00  0.133298E+01   -179.474      0.000     75.917      32
    33.00000  0.244345E+00  0.000000E+00  0.244345E+00  0.000000E+00  0.135715E+01   -185.759      0.000     75.492      33
    34.00000  0.263733E+00  0.000000E+00  0.263733E+00  0.000000E+00  0.137933E+01   -194.551      0.000     75.067      34
    35.00000  0.289000E+00  0.000000E+00  0.289000E+00  0.000000E+00  0.139864E+01   -205.333      0.000     74.367      35
    36.00000  0.318424E+00  0.000000E+00  0.318424E+00  0.000000E+00  0.141692E+01   -216.720      0.000     74.067      36
    37.00000  0.350000E+00  0.000000E+00  0.350000E+00  0.000000E+00  0.143500E+01   -227.476      0.000     73.967      37
    38.00000  0.381576E+00  0.000000E+00  0.381576E+00  0.000000E+00  0.145318E+01   -236.413      0.000     73.967      38
    39.00000  0.411000E+00  0.000000E+00  0.411000E+00  0.000000E+00  0.147168E+01   -242.262      0.000     74.042      39
    40.00000  0.436267E+00  0.000000E+00  0.436267E+00  0.000000E+00  0.149050E+01   -243.906      0.000     74.142      40
    41.00000  0.455655E+00  0.000000E+00  0.455655E+00  0.000000E+00  0.150907E+01   -240.634      0.000     74.117      41
    42.00000  0.467843E+00  0.000000E+00  0.467843E+00  0.000000E+00  0.152670E+01   -233.161      0.000     73.917      42
    43.00000  0.472000E+00  0.000000E+00  0.472000E+00  0.000000E+00  0.154404E+01   -222.115      0.000     73.858      43
    44.00000  0.472000E+00  0.000000E+00  0.472000E+00  0.000000E+00  0.156123E+01   -212.658      0.000     73.833      44
    45.00000  0.472000E+00  0.000000E+00  0.472000E+00  0.000000E+00  0.157834E+01   -206.726      0.000     73.833      45
    46.00000  0.472000E+00  0.000000E+00  0.472000E+00  0.000000E+00  0.159557E+01   -202.190      0.000     73.883      46
    47.00000  0.472000E+00  0.000000E+00  0.472000E+00  0.000000E+00  0.161247E+01   -198.640      0.000     73.833      47
    48.00000  0.472000E+00  0.000000E+00  0.472000E+00  0.000000E+00  0.162845E+01   -195.711      0.000     73.633      48
    49.00000  0.472000E+00  0.000000E+00  0.472000E+00  0.000000E+00  0.164442E+01   -193.251      0.000     73.633      49
    50.00000  0.472000E+00  0.000000E+00  0.472000E+00  0.000000E+00  0.166004E+01   -191.154      0.000     73.558      50
    51.00000  0.472000E+00  0.000000E+00  0.472000E+00  0.000000E+00  0.167533E+01   -189.276      0.000     73.483      51
    52.00000  0.472000E+00  0.000000E+00  0.472000E+00  0.000000E+00  0.169100E+01   -187.520      0.000     73.583      52
    53.00000  0.472000E+00  0.000000E+00  0.472000E+00  0.000000E+00  0.170558E+01   -185.888      0.000     73.333      53
    54.00000  0.472000E+00  0.000000E+00  0.472000E+00  0.000000E+00  0.171981E+01   -184.361      0.000     73.242      54
    55.00000  0.472000E+00  0.000000E+00  0.472000E+00  0.000000E+00  0.173529E+01   -182.929      0.000     73.542      55
    56.00000  0.476736E+00  0.000000E+00  0.476737E+00  0.000000E+00  0.175034E+01   -185.082      0.000     73.467      56
    57.00000  0.490623E+00  0.000000E+00  0.490623E+00  0.000000E+00  0.176488E+01   -192.340      0.000     73.367      57
    58.00000  0.512712E+00  0.000000E+00  0.512712E+00  0.000000E+00  0.177860E+01   -202.984      0.000     73.167      58
    59.00000  0.541500E+00  0.000000E+00  0.541500E+00  0.000000E+00  0.178916E+01   -215.822      0.000     72.367      59
    60.00000  0.575024E+00  0.000000E+00  0.575024E+00  0.000000E+00  0.180084E+01   -229.496      0.000     72.550      60
    61.00000  0.611000E+00  0.000000E+00  0.611000E+00  0.000000E+00  0.181007E+01   -242.823      0.000     71.883      61
    62.00000  0.646976E+00  0.000000E+00  0.646976E+00  0.000000E+00  0.182161E+01   -254.372      0.000     72.358      62
    63.00000  0.680500E+00  0.000000E+00  0.680500E+00  0.000000E+00  0.183362E+01   -261.611      0.000     72.442      63
    64.00000  0.709288E+00  0.000000E+00  0.709288E+00  0.000000E+00  0.184666E+01   -263.468      0.000     72.700      64
    65.00000  0.731377E+00  0.000000E+00  0.731378E+00  0.000000E+00  0.185924E+01   -259.229      0.000     72.608      65
    66.00000  0.745264E+00  0.000000E+00  0.745264E+00  0.000000E+00  0.187220E+01   -249.300      0.000     72.717      66
    67.00000  0.750000E+00  0.000000E+00  0.750000E+00  0.000000E+00  0.188574E+01   -235.284      0.000     72.875      67
    68.00000  0.750000E+00  0.000000E+00  0.750000E+00  0.000000E+00  0.190148E+01   -223.770      0.000     73.458      68
    69.00000  0.750000E+00  0.000000E+00  0.750000E+00  0.000000E+00  0.191814E+01   -216.392      0.000     73.783      69
    70.00000  0.750000E+00  0.000000E+00  0.750000E+00  0.000000E+00  0.193359E+01   -210.751      0.000     73.600      70
    71.00000  0.750000E+00  0.000000E+00  0.750000E+00  0.000000E+00  0.194862E+01   -206.298      0.000     73.558      71
    72.00000  0.750000E+00  0.000000E+00  0.750000E+00  0.000000E+00  0.196670E+01   -202.552      0.000     74.367      72
    73.00000  0.750000E+00  0.000000E+00  0.750000E+00  0.000000E+00  0.198459E+01   -199.365      0.000     74.450      73
    74.00000  0.739000E+00  0.000000E+00  0.739000E+00  0.000000E+00  0.200441E+01   -187.054      0.000     74.983      74
    75.00000  0.685000E+00  0.000000E+00  0.685000E+00  0.000000E+00  0.202506E+01   -151.318      0.000     75.367      75
    76.00000  0.685000E+00  0.000000E+00  0.685000E+00  0.000000E+00  0.204427E+01   -170.516      0.000     75.225      76
    77.00000  0.685000E+00  0.000000E+00  0.685000E+00  0.000000E+00  0.206729E+01   -173.367      0.000     76.258      77
    78.00000  0.641000E+00  0.000000E+00  0.641000E+00  0.000000E+00  0.209181E+01   -144.940      0.000     76.833      78
    79.00000  0.552000E+00  0.000000E+00  0.552000E+00  0.000000E+00  0.211659E+01   -113.760      0.000     77.167      79
    80.00000  0.554658E+00  0.000000E+00  0.554658E+00  0.000000E+00  0.214115E+01   -141.679      0.000     77.367      80
    81.00000  0.316450E+00  0.000000E+00  0.316450E+00  0.000000E+00  0.216570E+01    -62.504      0.000     77.567      81
    82.00000  0.328846E+00  0.000000E+00  0.328846E+00  0.000000E+00  0.218754E+01   -108.962      0.000     77.117      82
    83.00000  0.345000E+00  0.000000E+00  0.345000E+00  0.000000E+00  0.221053E+01   -123.843      0.000     77.492      83
    84.00000  0.363812E+00  0.000000E+00  0.363812E+00  0.000000E+00  0.223269E+01   -135.181      0.000     77.433      84
    85.00000  0.384000E+00  0.000000E+00  0.384000E+00  0.000000E+00  0.225137E+01   -143.633      0.000     76.683      85
    86.00000  0.404188E+00  0.000000E+00  0.404188E+00  0.000000E+00  0.226646E+01   -150.458      0.000     75.783      86
    87.00000  0.423000E+00  0.000000E+00  0.423000E+00  0.000000E+00  0.228128E+01   -155.575      0.000     75.633      87
    88.00000  0.439154E+00  0.000000E+00  0.439155E+00  0.000000E+00  0.229449E+01   -158.663      0.000     75.158      88
    89.00000  0.451550E+00  0.000000E+00  0.451550E+00  0.000000E+00  0.230820E+01   -159.725      0.000     75.208      89
    90.00000  0.459342E+00  0.000000E+00  0.459343E+00  0.000000E+00  0.231995E+01   -158.765      0.000     74.658      90
    91.00000  0.462000E+00  0.000000E+00  0.462000E+00  0.000000E+00  0.233093E+01   -156.099      0.000     74.383      91
    92.00000  0.462000E+00  0.000000E+00  0.462000E+00  0.000000E+00  0.234472E+01   -153.753      0.000     75.000      92
    93.00000  0.462000E+00  0.000000E+00  0.462000E+00  0.000000E+00  0.235601E+01   -152.647      0.000     74.375      93
    94.00000  0.423000E+00  0.000000E+00  0.423000E+00  0.000000E+00  0.236533E+01   -130.144      0.000     73.875      94
    95.00000  0.368000E+00  0.000000E+00  0.368000E+00  0.000000E+00  0.237776E+01   -114.226      0.000     74.475      95
    96.00000  0.368000E+00  0.000000E+00  0.368000E+00  0.000000E+00  0.238609E+01   -130.473      0.000     73.525      96
    97.00000  0.368000E+00  0.000000E+00  0.368000E+00  0.000000E+00  0.239567E+01   -134.274      0.000     73.675      97
    98.00000  0.368000E+00  0.000000E+00  0.368000E+00  0.000000E+00  0.240515E+01   -136.301      0.000     73.600      98
    99.00000  0.368000E+00  0.000000E+00  0.368000E+00  0.000000E+00  0.241592E+01   -137.460      0.000     73.875      99
   100.00000  0.368000E+00  0.000000E+00  0.368000E+00  0.000000E+00  0.242530E+01   -138.327      0.000     73.525     100
   101.00000  0.368000E+00  0.000000E+00  0.368000E+00  0.000000E+00  0.243557E+01   -138.940      0.000     73.725     101
   102.00000  0.368000E+00  0.000000E+00  0.368000E+00  0.000000E+00  0.244616E+01   -139.398      0.000     73.800     102
   103.00000  0.368000E+00  0.000000E+00  0.368000E+00  0.000000E+00  0.245659E+01   -139.735      0.000     73.775     103
   104.00000  0.371135E+00  0.000000E+00  0.371135E+00  0.000000E+00  0.246746E+01   -141.636      0.000     73.900     104
   105.00000  0.371326E+00  0.000000E+00  0.371326E+00  0.000000E+00  0.247869E+01   -140.937      0.000     74.017     105
   106.00000  0.385946E+00  0.000000E+00  0.385947E+00  0.000000E+00  0.248755E+01   -148.939      0.000     73.458     106
   107.00000  0.398000E+00  0.000000E+00  0.398000E+00  0.000000E+00  0.249504E+01   -150.856      0.000     73.083     107
   108.00000  0.406189E+00  0.000000E+00  0.406189E+00  0.000000E+00  0.250286E+01   -151.359      0.000     73.100     108
   109.00000  0.430000E+00  0.000000E+00  0.430000E+00  0.000000E+00  0.250866E+01   -161.875      0.000     72.550     109
   110.00000  0.453812E+00  0.000000E+00  0.453812E+00  0.000000E+00  0.251385E+01   -167.384      0.000     72.317     110
   111.00000  0.476000E+00  0.000000E+00  0.476000E+00  0.000000E+00  0.251772E+01   -171.471      0.000     71.892     111
   112.00000  0.495054E+00  0.000000E+00  0.495054E+00  0.000000E+00  0.252143E+01   -172.952      0.000     71.742     112
   113.00000  0.509674E+00  0.000000E+00  0.509675E+00  0.000000E+00  0.252395E+01   -172.197      0.000     71.342     113
   114.00000  0.518865E+00  0.000000E+00  0.518866E+00  0.000000E+00  0.252554E+01   -169.205      0.000     70.992     114
   115.00000  0.340000E+00  0.000000E+00  0.340000E+00  0.000000E+00  0.252793E+01    -82.726      0.000     71.092     115
   116.00000  0.264000E+00  0.000000E+00  0.264000E+00  0.000000E+00  0.253124E+01    -89.529      0.000     71.217     116
   117.00000  0.264000E+00  0.000000E+00  0.264000E+00  0.000000E+00  0.253476E+01   -110.817      0.000     71.217     117
   118.00000  0.264000E+00  0.000000E+00  0.264000E+00  0.000000E+00  0.253972E+01   -116.867      0.000     71.517     118
   119.00000  0.264000E+00  0.000000E+00  0.264000E+00  0.000000E+00  0.254378E+01   -120.403      0.000     71.317     119
   120.00000  0.256000E+00  0.000000E+00  0.256000E+00  0.000000E+00  0.254807E+01   -119.234      0.000     71.342     120
   121.00000  0.256000E+00  0.000000E+00  0.256000E+00  0.000000E+00  0.255249E+01   -123.095      0.000     71.350     121
   122.00000  0.256000E+00  0.000000E+00  0.256000E+00  0.000000E+00  0.255937E+01   -124.860      0.000     71.925     122
   123.00000  0.256000E+00  0.000000E+00  0.256000E+00  0.000000E+00  0.256477E+01   -126.145      0.000     71.650     123
   124.00000  0.256000E+00  0.000000E+00  0.256000E+00  0.000000E+00  0.257098E+01   -127.080      0.000     71.850     124
   125.00000  0.256000E+00  0.000000E+00  0.256000E+00  0.000000E+00  0.257537E+01   -127.861      0.000     71.425     125
   126.00000  0.256000E+00  0.000000E+00  0.256000E+00  0.000000E+00  0.258006E+01   -128.495      0.000     71.475     126
   127.00000  0.256000E+00  0.000000E+00  0.256000E+00  0.000000E+00  0.258681E+01   -129.024      0.000     71.975     127
   128.00000  0.258181E+00  0.000000E+00  0.258181E+00  0.000000E+00  0.259407E+01   -130.530      0.000     72.158     128
   129.00000  0.264575E+00  0.000000E+00  0.264575E+00  0.000000E+00  0.260143E+01   -133.443      0.000     72.258     129
   130.00000  0.274745E+00  0.000000E+00  0.274746E+00  0.000000E+00  0.260506E+01   -137.006      0.000     71.383     130
   131.00000  0.288000E+00  0.000000E+00  0.288000E+00  0.000000E+00  0.261038E+01   -140.913      0.000     71.758     131
   132.00000  0.303436E+00  0.000000E+00  0.303436E+00  0.000000E+00  0.261464E+01   -144.794      0.000     71.492     132
   133.00000  0.320000E+00  0.000000E+00  0.320000E+00  0.000000E+00  0.261912E+01   -148.320      0.000     71.542     133
   134.00000  0.336565E+00  0.000000E+00  0.336565E+00  0.000000E+00  0.262346E+01   -151.163      0.000     71.500     134
   135.00000  0.352000E+00  0.000000E+00  0.352000E+00  0.000000E+00  0.262808E+01   -153.067      0.000     71.575     135
   136.00000  0.365255E+00  0.000000E+00  0.365255E+00  0.000000E+00  0.263497E+01   -153.747      0.000     72.158     136
   137.00000  0.375426E+00  0.000000E+00  0.375426E+00  0.000000E+00  0.264358E+01   -153.126      0.000     72.675     137
   138.00000  0.381819E+00  0.000000E+00  0.381820E+00  0.000000E+00  0.265185E+01   -151.272      0.000     72.725     138
   139.00000  0.351000E+00  0.000000E+00  0.351000E+00  0.000000E+00  0.265886E+01   -129.847      0.000     72.500     139
   140.00000  0.343000E+00  0.000000E+00  0.343000E+00  0.000000E+00  0.266428E+01   -133.118      0.000     72.175     140
   141.00000  0.343000E+00  0.000000E+00  0.343000E+00  0.000000E+00  0.266883E+01   -135.999      0.000     71.967     141
   142.00000  0.343000E+00  0.000000E+00  0.343000E+00  0.000000E+00  0.267428E+01   -136.447      0.000     72.167     142
   143.00000  0.343000E+00  0.000000E+00  0.343000E+00  0.000000E+00  0.267892E+01   -136.536      0.000     72.008     143
   144.00000  0.343000E+00  0.000000E+00  0.343000E+00  0.000000E+00  0.268045E+01   -136.480      0.000     71.233     144
   145.00000  0.343000E+00  0.000000E+00  0.343000E+00  0.000000E+00  0.268398E+01   -136.386      0.000     71.658     145
   146.00000  0.343000E+00  0.000000E+00  0.343000E+00  0.000000E+00  0.268598E+01   -136.266      0.000     71.258     146
   147.00000  0.343000E+00  0.000000E+00  0.343000E+00  0.000000E+00  0.268778E+01   -136.136      0.000     71.175     147
   148.00000  0.343000E+00  0.000000E+00  0.343000E+00  0.000000E+00  0.268939E+01   -136.002      0.000     71.075     148
   149.00000  0.331000E+00  0.000000E+00  0.331000E+00  0.000000E+00  0.269142E+01   -129.504      0.000     71.150     149
   150.00000  0.198000E+00  0.000000E+00  0.198000E+00  0.000000E+00  0.269365E+01    -81.240      0.000     71.175     150
   151.00000  0.164000E+00  0.000000E+00  0.164000E+00  0.000000E+00  0.269729E+01    -95.407      0.000     71.492     151
   152.00000  0.154617E+00  0.000000E+00  0.154617E+00  0.000000E+00  0.269909E+01   -104.764      0.000     71.108     152
   153.00000  0.168154E+00  0.000000E+00  0.168154E+00  0.000000E+00  0.269868E+01   -116.849      0.000     70.533     153
   154.00000  0.189687E+00  0.000000E+00  0.189687E+00  0.000000E+00  0.269687E+01   -126.477      0.000     70.075     154
   155.00000  0.217750E+00  0.000000E+00  0.217750E+00  0.000000E+00  0.269485E+01   -136.435      0.000     69.892     155
   156.00000  0.250430E+00  0.000000E+00  0.250430E+00  0.000000E+00  0.269257E+01   -145.927      0.000     69.692     156
   157.00000  0.285500E+00  0.000000E+00  0.285500E+00  0.000000E+00  0.268785E+01   -154.817      0.000     68.983     157
   158.00000  0.320570E+00  0.000000E+00  0.320570E+00  0.000000E+00  0.268208E+01   -162.514      0.000     68.558     158
   159.00000  0.353250E+00  0.000000E+00  0.353250E+00  0.000000E+00  0.267835E+01   -167.925      0.000     68.883     159
   160.00000  0.381313E+00  0.000000E+00  0.381313E+00  0.000000E+00  0.267373E+01   -170.360      0.000     68.558     160
   161.00000  0.402847E+00  0.000000E+00  0.402847E+00  0.000000E+00  0.266834E+01   -169.544      0.000     68.258     161
   162.00000  0.416383E+00  0.000000E+00  0.416383E+00  0.000000E+00  0.266239E+01   -165.592      0.000     67.983     162
   163.00000  0.421000E+00  0.000000E+00  0.421000E+00  0.000000E+00  0.265730E+01   -159.029      0.000     68.058     163
   164.00000  0.421000E+00  0.000000E+00  0.421000E+00  0.000000E+00  0.265191E+01   -153.511      0.000     67.883     164
   165.00000  0.421000E+00  0.000000E+00  0.421000E+00  0.000000E+00  0.264851E+01   -150.581      0.000     68.275     165
   166.00000  0.421000E+00  0.000000E+00  0.421000E+00  0.000000E+00  0.264488E+01   -148.377      0.000     68.175     166
   167.00000  0.421000E+00  0.000000E+00  0.421000E+00  0.000000E+00  0.264101E+01   -146.747      0.000     68.075     167
   168.00000  0.421000E+00  0.000000E+00  0.421000E+00  0.000000E+00  0.263779E+01   -145.409      0.000     68.175     168
   169.00000  0.421000E+00  0.000000E+00  0.421000E+00  0.000000E+00  0.263508E+01   -144.308      0.000     68.258     169
   170.00000  0.421000E+00  0.000000E+00  0.421000E+00  0.000000E+00  0.263216E+01   -143.372      0.000     68.183     170
   171.00000  0.421000E+00  0.000000E+00  0.421000E+00  0.000000E+00  0.262848E+01   -142.568      0.000     67.958     171
   172.00000  0.421000E+00  0.000000E+00  0.421000E+00  0.000000E+00  0.262530E+01   -141.866      0.000     68.017     172
   173.00000  0.421000E+00  0.000000E+00  0.421000E+00  0.000000E+00  0.262302E+01   -141.248      0.000     68.192     173
   174.00000  0.421000E+00  0.000000E+00  0.421000E+00  0.000000E+00  0.262187E+01   -140.700      0.000     68.450     174
   175.00000  0.421000E+00  0.000000E+00  0.421000E+00  0.000000E+00  0.262239E+01   -140.209      0.000     68.875     175
   176.00000  0.423334E+00  0.000000E+00  0.423335E+00  0.000000E+00  0.262391E+01   -140.993      0.000     69.175     176
   177.00000  0.430177E+00  0.000000E+00  0.430178E+00  0.000000E+00  0.262413E+01   -143.503      0.000     68.925     177
   178.00000  0.421063E+00  0.000000E+00  0.421064E+00  0.000000E+00  0.262477E+01   -135.879      0.000     69.033     178
   179.00000  0.378250E+00  0.000000E+00  0.378250E+00  0.000000E+00  0.262357E+01   -116.480      0.000     68.633     179
   180.00000  0.288771E+00  0.000000E+00  0.288771E+00  0.000000E+00  0.262407E+01    -91.837      0.000     68.967     180
   181.00000  0.281500E+00  0.000000E+00  0.281500E+00  0.000000E+00  0.262513E+01   -110.245      0.000     69.125     181
   182.00000  0.299229E+00  0.000000E+00  0.299229E+00  0.000000E+00  0.262765E+01   -124.646      0.000     69.500     182
   183.00000  0.315750E+00  0.000000E+00  0.315750E+00  0.000000E+00  0.262932E+01   -131.172      0.000     69.383     183
   184.00000  0.329937E+00  0.000000E+00  0.329937E+00  0.000000E+00  0.263324E+01   -134.955      0.000     69.933     184
   185.00000  0.340823E+00  0.000000E+00  0.340823E+00  0.000000E+00  0.263767E+01   -136.493      0.000     70.183     185
   186.00000  0.347666E+00  0.000000E+00  0.347666E+00  0.000000E+00  0.264057E+01   -136.550      0.000     69.892     186
   187.00000  0.350000E+00  0.000000E+00  0.350000E+00  0.000000E+00  0.264656E+01   -135.139      0.000     70.692     187
   188.00000  0.350000E+00  0.000000E+00  0.350000E+00  0.000000E+00  0.265172E+01   -133.843      0.000     70.600     188
   189.00000  0.350000E+00  0.000000E+00  0.350000E+00  0.000000E+00  0.265589E+01   -133.318      0.000     70.450     189
   190.00000  0.350000E+00  0.000000E+00  0.350000E+00  0.000000E+00  0.266031E+01   -132.993      0.000     70.550     190
   191.00000  0.350000E+00  0.000000E+00  0.350000E+00  0.000000E+00  0.266343E+01   -132.810      0.000     70.275     191
   192.00000  0.350000E+00  0.000000E+00  0.350000E+00  0.000000E+00  0.266549E+01   -132.684      0.000     70.025     192
   193.00000  0.350000E+00  0.000000E+00  0.350000E+00  0.000000E+00  0.266844E+01   -132.596      0.000     70.225     193
   194.00000  0.350000E+00  0.000000E+00  0.350000E+00  0.000000E+00  0.266956E+01   -132.529      0.000     69.783     194
   195.00000  0.350000E+00  0.000000E+00  0.350000E+00  0.000000E+00  0.267141E+01   -132.477      0.000     69.933     195
   196.00000  0.350000E+00  0.000000E+00  0.350000E+00  0.000000E+00  0.267313E+01   -132.434      0.000     69.892     196
   197.00000  0.350000E+00  0.000000E+00  0.350000E+00  0.000000E+00  0.267620E+01   -132.397      0.000     70.225     197
   198.00000  0.350000E+00  0.000000E+00  0.350000E+00  0.000000E+00  0.267983E+01   -132.365      0.000     70.400     198
   199.00000  0.350000E+00  0.000000E+00  0.350000E+00  0.000000E+00  0.268195E+01   -132.336      0.000     70.083     199
   200.00000  0.348162E+00  0.000000E+00  0.348163E+00  0.000000E+00  0.268709E+01   -131.337      0.000     70.783     200
   201.00000  0.363297E+00  0.000000E+00  0.363297E+00  0.000000E+00  0.269083E+01   -139.927      0.000     70.583     201
   202.00000  0.387373E+00  0.000000E+00  0.387374E+00  0.000000E+00  0.269602E+01   -148.709      0.000     70.967     202
   203.00000  0.418750E+00  0.000000E+00  0.418750E+00  0.000000E+00  0.269861E+01   -159.123      0.000     70.442     203
   204.00000  0.455289E+00  0.000000E+00  0.455289E+00  0.000000E+00  0.270308E+01   -169.741      0.000     70.892     204
   205.00000  0.494500E+00  0.000000E+00  0.494500E+00  0.000000E+00  0.270734E+01   -179.800      0.000     70.900     205
   206.00000  0.533711E+00  0.000000E+00  0.533711E+00  0.000000E+00  0.271158E+01   -188.454      0.000     70.950     206
   207.00000  0.570250E+00  0.000000E+00  0.570250E+00  0.000000E+00  0.271466E+01   -194.402      0.000     70.708     207
   208.00000  0.601627E+00  0.000000E+00  0.601627E+00  0.000000E+00  0.271899E+01   -196.473      0.000     71.033     208
   209.00000  0.625703E+00  0.000000E+00  0.625703E+00  0.000000E+00  0.272242E+01   -194.176      0.000     70.858     209
   210.00000  0.640838E+00  0.000000E+00  0.640838E+00  0.000000E+00  0.272514E+01   -187.888      0.000     70.708     210
   211.00000  0.646000E+00  0.000000E+00  0.646000E+00  0.000000E+00  0.272796E+01   -178.574      0.000     70.733     211
   212.00000  0.480000E+00  0.000000E+00  0.480000E+00  0.000000E+00  0.273037E+01    -90.234      0.000     70.642     212
   213.00000  0.480000E+00  0.000000E+00  0.480000E+00  0.000000E+00  0.273596E+01   -124.153      0.000     71.383     213
   214.00000  0.470000E+00  0.000000E+00  0.470000E+00  0.000000E+00  0.273436E+01   -125.534      0.000     69.833     214
   215.00000  0.470000E+00  0.000000E+00  0.470000E+00  0.000000E+00  0.273450E+01   -130.770      0.000     70.033     215
   216.00000  0.445000E+00  0.000000E+00  0.445000E+00  0.000000E+00  0.273569E+01   -120.035      0.000     70.233     216
   217.00000  0.440000E+00  0.000000E+00  0.440000E+00  0.000000E+00  0.273447E+01   -125.593      0.000     69.667     217
   218.00000  0.440000E+00  0.000000E+00  0.440000E+00  0.000000E+00  0.273312E+01   -128.884      0.000     69.517     218
   219.00000  0.440000E+00  0.000000E+00  0.440000E+00  0.000000E+00  0.273083E+01   -130.222      0.000     69.200     219
   220.00000  0.440000E+00  0.000000E+00  0.440000E+00  0.000000E+00  0.273083E+01   -131.075      0.000     69.633     220
   221.00000  0.313000E+00  0.000000E+00  0.313000E+00  0.000000E+00  0.273149E+01    -82.208      0.000     69.783     221
   222.00000  0.183000E+00  0.000000E+00  0.183000E+00  0.000000E+00  0.273593E+01    -68.067      0.000     70.675     222
   223.00000  0.183000E+00  0.000000E+00  0.183000E+00  0.000000E+00  0.273699E+01    -92.344      0.000     70.017     223
   224.00000  0.106294E+00  0.000000E+00  0.106294E+00  0.000000E+00  0.273867E+01    -76.304      0.000     70.117     224
   225.00000  0.118881E+00  0.000000E+00  0.118881E+00  0.000000E+00  0.273872E+01    -98.044      0.000     69.733     225
   226.00000  0.138905E+00  0.000000E+00  0.138905E+00  0.000000E+00  0.273547E+01   -109.041      0.000     68.875     226
   227.00000  0.165000E+00  0.000000E+00  0.165000E+00  0.000000E+00  0.273220E+01   -119.011      0.000     68.692     227
   228.00000  0.195389E+00  0.000000E+00  0.195389E+00  0.000000E+00  0.273176E+01   -128.199      0.000     69.233     228
   229.00000  0.228000E+00  0.000000E+00  0.228000E+00  0.000000E+00  0.272681E+01   -136.610      0.000     68.092     229
   230.00000  0.260611E+00  0.000000E+00  0.260611E+00  0.000000E+00  0.272041E+01   -143.731      0.000     67.583     230
   231.00000  0.291000E+00  0.000000E+00  0.291000E+00  0.000000E+00  0.271421E+01   -148.940      0.000     67.433     231
   232.00000  0.317096E+00  0.000000E+00  0.317096E+00  0.000000E+00  0.270631E+01   -151.760      0.000     66.858     232
   233.00000  0.337119E+00  0.000000E+00  0.337119E+00  0.000000E+00  0.269918E+01   -151.892      0.000     66.858     233
   234.00000  0.349707E+00  0.000000E+00  0.349707E+00  0.000000E+00  0.269189E+01   -149.407      0.000     66.667     234
   235.00000  0.354000E+00  0.000000E+00  0.354000E+00  0.000000E+00  0.268664E+01   -144.774      0.000     67.033     235
   236.00000  0.354000E+00  0.000000E+00  0.354000E+00  0.000000E+00  0.268115E+01   -140.820      0.000     66.908     236
   237.00000  0.354000E+00  0.000000E+00  0.354000E+00  0.000000E+00  0.267347E+01   -138.723      0.000     66.308     237
   238.00000  0.354000E+00  0.000000E+00  0.354000E+00  0.000000E+00  0.266553E+01   -137.241      0.000     66.108     238
   239.00000  0.354000E+00  0.000000E+00  0.354000E+00  0.000000E+00  0.265996E+01   -136.208      0.000     66.550     239
   240.00000  0.354000E+00  0.000000E+00  0.354000E+00  0.000000E+00  0.265357E+01   -135.410      0.000     66.300     240
   241.00000  0.354000E+00  0.000000E+00  0.354000E+00  0.000000E+00  0.264622E+01   -134.787      0.000     66.000     241
   242.00000  0.354000E+00  0.000000E+00  0.354000E+00  0.000000E+00  0.263849E+01   -134.283      0.000     65.800     242
   243.00000  0.354000E+00  0.000000E+00  0.354000E+00  0.000000E+00  0.263161E+01   -133.872      0.000     65.900     243
   244.00000  0.354000E+00  0.000000E+00  0.354000E+00  0.000000E+00  0.262433E+01   -133.531      0.000     65.725     244
   245.00000  0.354000E+00  0.000000E+00  0.354000E+00  0.000000E+00  0.261659E+01   -133.245      0.000     65.533     245
   246.00000  0.354000E+00  0.000000E+00  0.354000E+00  0.000000E+00  0.261169E+01   -133.004      0.000     66.125     246
   247.00000  0.354000E+00  0.000000E+00  0.354000E+00  0.000000E+00  0.260611E+01   -132.800      0.000     65.950     247
   248.00000  0.357919E+00  0.000000E+00  0.357919E+00  0.000000E+00  0.260095E+01   -134.588      0.000     66.025     248
   249.00000  0.369407E+00  0.000000E+00  0.369407E+00  0.000000E+00  0.259478E+01   -139.155      0.000     65.750     249
   250.00000  0.387683E+00  0.000000E+00  0.387683E+00  0.000000E+00  0.258959E+01   -145.186      0.000     65.925     250
   251.00000  0.411500E+00  0.000000E+00  0.411500E+00  0.000000E+00  0.258342E+01   -152.190      0.000     65.650     251
   252.00000  0.439236E+00  0.000000E+00  0.439236E+00  0.000000E+00  0.257905E+01   -159.656      0.000     66.025     252
   253.00000  0.469000E+00  0.000000E+00  0.469000E+00  0.000000E+00  0.257403E+01   -166.619      0.000     65.850     253
   254.00000  0.498764E+00  0.000000E+00  0.498764E+00  0.000000E+00  0.256831E+01   -172.308      0.000     65.650     254
   255.00000  0.526500E+00  0.000000E+00  0.526500E+00  0.000000E+00  0.256398E+01   -176.040      0.000     65.925     255
   256.00000  0.550318E+00  0.000000E+00  0.550318E+00  0.000000E+00  0.255891E+01   -177.216      0.000     65.725     256
   257.00000  0.568593E+00  0.000000E+00  0.568593E+00  0.000000E+00  0.255287E+01   -175.622      0.000     65.450     257
   258.00000  0.580082E+00  0.000000E+00  0.580082E+00  0.000000E+00  0.255118E+01   -171.379      0.000     66.425     258
   259.00000  0.507000E+00  0.000000E+00  0.507000E+00  0.000000E+00  0.254587E+01   -120.541      0.000     65.650     259
   260.00000 -0.169997E-01  0.000000E+00 -0.169997E-01  0.000000E+00  0.254191E+01    -19.986      0.000     65.867     260
   261.00000 -0.306000E+00  0.000000E+00 -0.306000E+00  0.000000E+00  0.253588E+01    -22.939      0.000     65.392     261
   262.00000 -0.306000E+00  0.000000E+00 -0.306000E+00  0.000000E+00  0.252987E+01    -56.932      0.000     65.283     262
   263.00000 -0.306000E+00  0.000000E+00 -0.306000E+00  0.000000E+00  0.252492E+01    -68.075      0.000     65.433     263
   264.00000 -0.306000E+00  0.000000E+00 -0.306000E+00  0.000000E+00  0.251852E+01    -75.394      0.000     65.058     264
   265.00000 -0.306000E+00  0.000000E+00 -0.306000E+00  0.000000E+00  0.251451E+01    -80.512      0.000     65.508     265
   266.00000 -0.332000E+00  0.000000E+00 -0.332000E+00  0.000000E+00  0.250929E+01    -77.268      0.000     65.233     266
   267.00000 -0.335000E+00  0.000000E+00 -0.335000E+00  0.000000E+00  0.250524E+01    -84.498      0.000     65.433     267
   268.00000 -0.335000E+00  0.000000E+00 -0.335000E+00  0.000000E+00  0.250121E+01    -88.722      0.000     65.425     268
   269.00000 -0.335000E+00  0.000000E+00 -0.335000E+00  0.000000E+00  0.249685E+01    -91.637      0.000     65.325     269
   270.00000 -0.335000E+00  0.000000E+00 -0.335000E+00  0.000000E+00  0.249340E+01    -94.021      0.000     65.500     270
   271.00000 -0.335000E+00  0.000000E+00 -0.335000E+00  0.000000E+00  0.249064E+01    -95.962      0.000     65.675     271
   272.00000 -0.330638E+00  0.000000E+00 -0.330638E+00  0.000000E+00  0.248692E+01    -99.261      0.000     65.475     272
   273.00000 -0.317851E+00  0.000000E+00 -0.317851E+00  0.000000E+00  0.248306E+01   -104.615      0.000     65.450     273
   274.00000 -0.297509E+00  0.000000E+00 -0.297509E+00  0.000000E+00  0.247762E+01   -111.021      0.000     65.075     274
   275.00000 -0.271000E+00  0.000000E+00 -0.271000E+00  0.000000E+00  0.247229E+01   -118.115      0.000     65.075     275
   276.00000 -0.240129E+00  0.000000E+00 -0.240128E+00  0.000000E+00  0.246671E+01   -125.477      0.000     65.000     276
   277.00000 -0.207000E+00  0.000000E+00 -0.207000E+00  0.000000E+00  0.246085E+01   -132.478      0.000     64.933     277
   278.00000 -0.173871E+00  0.000000E+00 -0.173871E+00  0.000000E+00  0.245697E+01   -138.394      0.000     65.408     278
   279.00000 -0.185000E+00  0.000000E+00 -0.185000E+00  0.000000E+00  0.245143E+01   -120.359      0.000     65.083     279
   280.00000 -0.158490E+00  0.000000E+00 -0.158490E+00  0.000000E+00  0.244881E+01   -134.075      0.000     65.758     280
   281.00000 -0.138148E+00  0.000000E+00 -0.138148E+00  0.000000E+00  0.244562E+01   -136.246      0.000     65.783     281
   282.00000 -0.125361E+00  0.000000E+00 -0.125361E+00  0.000000E+00  0.244090E+01   -134.930      0.000     65.533     282
   283.00000 -0.121000E+00  0.000000E+00 -0.120999E+00  0.000000E+00  0.243713E+01   -131.227      0.000     65.817     283
   284.00000 -0.121000E+00  0.000000E+00 -0.120999E+00  0.000000E+00  0.243545E+01   -128.242      0.000     66.408     284
   285.00000 -0.121000E+00  0.000000E+00 -0.120999E+00  0.000000E+00  0.243231E+01   -126.707      0.000     66.208     285
   286.00000 -0.121000E+00  0.000000E+00 -0.120999E+00  0.000000E+00  0.242751E+01   -125.723      0.000     65.908     286
   287.00000 -0.121000E+00  0.000000E+00 -0.120999E+00  0.000000E+00  0.242174E+01   -125.087      0.000     65.708     287
   288.00000 -0.121000E+00  0.000000E+00 -0.120999E+00  0.000000E+00  0.241554E+01   -124.647      0.000     65.617     288
   289.00000 -0.121000E+00  0.000000E+00 -0.120999E+00  0.000000E+00  0.241054E+01   -124.349      0.000     65.917     289
   290.00000 -0.121000E+00  0.000000E+00 -0.120999E+00  0.000000E+00  0.240442E+01   -124.143      0.000     65.692     290
   291.00000 -0.121000E+00  0.000000E+00 -0.120999E+00  0.000000E+00  0.239945E+01   -124.009      0.000     65.992     291
   292.00000 -0.121000E+00  0.000000E+00 -0.120999E+00  0.000000E+00  0.239290E+01   -123.927      0.000     65.650     292
   293.00000 -0.121000E+00  0.000000E+00 -0.120999E+00  0.000000E+00  0.238798E+01   -123.886      0.000     66.050     293
   294.00000 -0.121000E+00  0.000000E+00 -0.120999E+00  0.000000E+00  0.238350E+01   -123.878      0.000     66.200     294
   295.00000 -0.121000E+00  0.000000E+00 -0.120999E+00  0.000000E+00  0.238011E+01   -123.896      0.000     66.525     295
   296.00000 -0.118938E+00  0.000000E+00 -0.118938E+00  0.000000E+00  0.237719E+01   -124.892      0.000     66.725     296
   297.00000 -0.112894E+00  0.000000E+00 -0.112894E+00  0.000000E+00  0.237241E+01   -127.231      0.000     66.358     297
   298.00000 -0.103280E+00  0.000000E+00 -0.103279E+00  0.000000E+00  0.236956E+01   -130.196      0.000     66.850     298
   299.00000 -0.907497E-01  0.000000E+00 -0.907494E-01  0.000000E+00  0.236565E+01   -133.507      0.000     66.658     299
   300.00000 -0.761583E-01  0.000000E+00 -0.761580E-01  0.000000E+00  0.236199E+01   -136.805      0.000     66.758     300
   301.00000 -0.604998E-01  0.000000E+00 -0.604995E-01  0.000000E+00  0.235829E+01   -139.808      0.000     66.783     301
   302.00000 -0.448413E-01  0.000000E+00 -0.448411E-01  0.000000E+00  0.235487E+01   -142.213      0.000     66.883     302
   303.00000 -0.302499E-01  0.000000E+00 -0.302497E-01  0.000000E+00  0.235181E+01   -143.787      0.000     67.008     303
   304.00000 -0.177199E-01  0.000000E+00 -0.177196E-01  0.000000E+00  0.234571E+01   -144.347      0.000     66.308     304
   305.00000 -0.810530E-02  0.000000E+00 -0.810500E-02  0.000000E+00  0.233948E+01   -143.817      0.000     66.225     305
   306.00000 -0.206132E-02  0.000000E+00 -0.206104E-02  0.000000E+00  0.233242E+01   -142.232      0.000     65.958     306
   307.00000  0.174157E-06  0.000000E+00  0.463799E-06  0.000000E+00  0.232769E+01   -139.723      0.000     66.458     307
   308.00000  0.174157E-06  0.000000E+00  0.436907E-06  0.000000E+00  0.232336E+01   -137.561      0.000     66.558     308
   309.00000  0.174157E-06  0.000000E+00  0.449363E-06  0.000000E+00  0.231924E+01   -136.298      0.000     66.633     309
   310.00000  0.174157E-06  0.000000E+00  0.413042E-06  0.000000E+00  0.231472E+01   -135.358      0.000     66.550     310
   311.00000  0.174157E-06  0.000000E+00  0.442204E-06  0.000000E+00  0.230970E+01   -134.660      0.000     66.425     311
   312.00000  0.174157E-06  0.000000E+00  0.446715E-06  0.000000E+00  0.230324E+01   -134.101      0.000     66.050     312
   313.00000  0.174157E-06  0.000000E+00  0.477638E-06  0.000000E+00  0.229676E+01   -133.649      0.000     65.975     313
   314.00000  0.174157E-06  0.000000E+00  0.441782E-06  0.000000E+00  0.229018E+01   -133.276      0.000     65.883     314
   315.00000  0.174157E-06  0.000000E+00  0.440050E-06  0.000000E+00  0.228467E+01   -132.964      0.000     66.083     315
   316.00000  0.174157E-06  0.000000E+00  0.454878E-06  0.000000E+00  0.227938E+01   -132.702      0.000     66.108     316
   317.00000  0.174157E-06  0.000000E+00  0.450309E-06  0.000000E+00  0.227500E+01   -132.480      0.000     66.308     317
   318.00000  0.174157E-06  0.000000E+00  0.454071E-06  0.000000E+00  0.227041E+01   -132.290      0.000     66.258     318
   319.00000  0.174157E-06  0.000000E+00  0.425418E-06  0.000000E+00  0.226700E+01   -132.127      0.000     66.533     319
   320.00000  0.277722E-02  0.000000E+00  0.277752E-02  0.000000E+00  0.226311E+01   -133.370      0.000     66.433     320
   321.00000  0.109191E-01  0.000000E+00  0.109194E-01  0.000000E+00  0.225944E+01   -136.546      0.000     66.483     321
   322.00000  0.238710E-01  0.000000E+00  0.238713E-01  0.000000E+00  0.225446E+01   -140.677      0.000     66.158     322
   323.00000  0.407502E-01  0.000000E+00  0.407505E-01  0.000000E+00  0.224850E+01   -145.370      0.000     65.875     323
   324.00000  0.604065E-01  0.000000E+00  0.604068E-01  0.000000E+00  0.224205E+01   -150.141      0.000     65.675     324
   325.00000  0.815003E-01  0.000000E+00  0.815006E-01  0.000000E+00  0.223436E+01   -154.606      0.000     65.283     325
   326.00000  0.102594E+00  0.000000E+00  0.102594E+00  0.000000E+00  0.222611E+01   -158.200      0.000     65.033     326
   327.00000  0.122250E+00  0.000000E+00  0.122251E+00  0.000000E+00  0.222037E+01   -160.506      0.000     65.508     327
   328.00000  0.139130E+00  0.000000E+00  0.139130E+00  0.000000E+00  0.221438E+01   -161.214      0.000     65.408     328
   329.00000  0.152082E+00  0.000000E+00  0.152082E+00  0.000000E+00  0.220744E+01   -160.165      0.000     65.133     329
   330.00000  0.108223E+00  0.000000E+00  0.108224E+00  0.000000E+00  0.220285E+01   -127.549      0.000     65.608     330
   331.00000  0.990004E-01  0.000000E+00  0.990008E-01  0.000000E+00  0.219875E+01   -133.100      0.000     65.733     331
   332.00000 -0.247000E+00  0.000000E+00 -0.246999E+00  0.000000E+00  0.219161E+01    -39.305      0.000     65.058     332
   333.00000 -0.247000E+00  0.000000E+00 -0.246999E+00  0.000000E+00  0.218528E+01    -82.382      0.000     65.100     333
   334.00000 -0.247000E+00  0.000000E+00 -0.246999E+00  0.000000E+00  0.218125E+01    -92.563      0.000     65.550     334
   335.00000 -0.247000E+00  0.000000E+00 -0.246999E+00  0.000000E+00  0.217660E+01    -98.554      0.000     65.425     335
   336.00000 -0.247000E+00  0.000000E+00 -0.246999E+00  0.000000E+00  0.216882E+01   -102.497      0.000     64.633     336
   337.00000 -0.247000E+00  0.000000E+00 -0.246999E+00  0.000000E+00  0.216331E+01   -105.592      0.000     65.050     337
   338.00000 -0.247000E+00  0.000000E+00 -0.246999E+00  0.000000E+00  0.215580E+01   -107.997      0.000     64.508     338
   339.00000 -0.247000E+00  0.000000E+00 -0.246999E+00  0.000000E+00  0.215049E+01   -109.949      0.000     64.933     339
   340.00000 -0.247000E+00  0.000000E+00 -0.246999E+00  0.000000E+00  0.214601E+01   -111.559      0.000     65.083     340
   341.00000 -0.247000E+00  0.000000E+00 -0.246999E+00  0.000000E+00  0.214273E+01   -112.918      0.000     65.367     341
   342.00000 -0.247000E+00  0.000000E+00 -0.246999E+00  0.000000E+00  0.213888E+01   -114.081      0.000     65.242     342
   343.00000 -0.247000E+00  0.000000E+00 -0.246999E+00  0.000000E+00  0.213682E+01   -115.090      0.000     65.667     343
   344.00000 -0.245534E+00  0.000000E+00 -0.245534E+00  0.000000E+00  0.213547E+01   -116.586      0.000     65.875     344
   345.00000 -0.257239E+00  0.000000E+00 -0.257238E+00  0.000000E+00  0.213371E+01   -111.979      0.000     65.825     345
   346.00000 -0.250405E+00  0.000000E+00 -0.250405E+00  0.000000E+00  0.213072E+01   -118.441      0.000     65.583     346
   347.00000 -0.241500E+00  0.000000E+00 -0.241499E+00  0.000000E+00  0.212836E+01   -121.918      0.000     65.708     347
   348.00000 -0.297129E+00  0.000000E+00 -0.297128E+00  0.000000E+00  0.212616E+01    -97.391      0.000     65.758     348
   349.00000 -0.320000E+00  0.000000E+00 -0.319999E+00  0.000000E+00  0.212368E+01   -101.062      0.000     65.717     349
   350.00000 -0.330870E+00  0.000000E+00 -0.330870E+00  0.000000E+00  0.212306E+01   -104.555      0.000     66.142     350
   351.00000 -0.320500E+00  0.000000E+00 -0.320499E+00  0.000000E+00  0.212203E+01   -113.789      0.000     66.142     351
   352.00000 -0.311594E+00  0.000000E+00 -0.311594E+00  0.000000E+00  0.212069E+01   -117.299      0.000     66.125     352
   353.00000 -0.477760E+00  0.000000E+00 -0.477760E+00  0.000000E+00  0.212389E+01    -63.350      0.000     67.175     353
   354.00000 -0.473465E+00  0.000000E+00 -0.473464E+00  0.000000E+00  0.212367E+01    -91.741      0.000     66.633     354
   355.00000 -0.472000E+00  0.000000E+00 -0.471999E+00  0.000000E+00  0.212503E+01    -97.688      0.000     67.033     355
   356.00000 -0.472000E+00  0.000000E+00 -0.471999E+00  0.000000E+00  0.212678E+01   -101.103      0.000     67.233     356
   357.00000 -0.472000E+00  0.000000E+00 -0.471999E+00  0.000000E+00  0.212827E+01   -103.542      0.000     67.308     357
   358.00000 -0.472000E+00  0.000000E+00 -0.471999E+00  0.000000E+00  0.212928E+01   -105.575      0.000     67.283     358
   359.00000 -0.472000E+00  0.000000E+00 -0.471999E+00  0.000000E+00  0.212984E+01   -107.222      0.000     67.250     359
   360.00000 -0.472000E+00  0.000000E+00 -0.471999E+00  0.000000E+00  0.212881E+01   -108.623      0.000     66.925     360
   361.00000 -0.472000E+00  0.000000E+00 -0.471999E+00  0.000000E+00  0.212616E+01   -109.824      0.000     66.550     361
   362.00000 -0.472000E+00  0.000000E+00 -0.471999E+00  0.000000E+00  0.212393E+01   -110.876      0.000     66.625     362
   363.00000 -0.472000E+00  0.000000E+00 -0.471999E+00  0.000000E+00  0.212074E+01   -111.808      0.000     66.392     363
   364.00000 -0.472000E+00  0.000000E+00 -0.471999E+00  0.000000E+00  0.211753E+01   -112.643      0.000     66.375     364
   365.00000 -0.472000E+00  0.000000E+00 -0.471999E+00  0.000000E+00  0.211405E+01   -113.397      0.000     66.300     365
   366.00000 -0.472000E+00  0.000000E+00 -0.471999E+00  0.000000E+00  0.211100E+01   -114.084      0.000     66.400     366
   367.00000 -0.472000E+00  0.000000E+00 -0.471999E+00  0.000000E+00  0.210789E+01   -114.714      0.000     66.400     367
   368.00000 -0.468524E+00  0.000000E+00 -0.468524E+00  0.000000E+00  0.210380E+01   -116.739      0.000     66.183     368
   369.00000 -0.458334E+00  0.000000E+00 -0.458334E+00  0.000000E+00  0.209898E+01   -120.757      0.000     66.000     369
   370.00000 -0.442124E+00  0.000000E+00 -0.442124E+00  0.000000E+00  0.209344E+01   -125.934      0.000     65.800     370
   371.00000 -0.421000E+00  0.000000E+00 -0.420999E+00  0.000000E+00  0.208764E+01   -131.777      0.000     65.700     371
   372.00000 -0.396399E+00  0.000000E+00 -0.396399E+00  0.000000E+00  0.208290E+01   -137.710      0.000     65.925     372
   373.00000 -0.370000E+00  0.000000E+00 -0.369999E+00  0.000000E+00  0.207721E+01   -143.235      0.000     65.700     373
   374.00000 -0.644600E+00  0.000000E+00 -0.644600E+00  0.000000E+00  0.207249E+01    -48.944      0.000     65.908     374
   375.00000 -0.620000E+00  0.000000E+00 -0.619999E+00  0.000000E+00  0.206812E+01    -93.853      0.000     66.008     375
   376.00000 -0.617875E+00  0.000000E+00 -0.617874E+00  0.000000E+00  0.206209E+01    -98.378      0.000     65.658     376
   377.00000 -0.601665E+00  0.000000E+00 -0.601665E+00  0.000000E+00  0.205789E+01   -107.708      0.000     66.042     377
   378.00000 -0.591475E+00  0.000000E+00 -0.591475E+00  0.000000E+00  0.205284E+01   -110.819      0.000     65.892     378
   379.00000 -0.588000E+00  0.000000E+00 -0.587999E+00  0.000000E+00  0.204818E+01   -111.462      0.000     65.992     379
   380.00000 -0.588000E+00  0.000000E+00 -0.587999E+00  0.000000E+00  0.204284E+01   -111.573      0.000     65.842     380
   381.00000 -0.801000E+00  0.000000E+00 -0.800999E+00  0.000000E+00  0.203787E+01    -51.761      0.000     65.925     381
   382.00000 -0.801000E+00  0.000000E+00 -0.800999E+00  0.000000E+00  0.203523E+01    -82.111      0.000     66.467     382
   383.00000 -0.801000E+00  0.000000E+00 -0.800999E+00  0.000000E+00  0.203012E+01    -89.372      0.000     66.008     383
   384.00000 -0.801000E+00  0.000000E+00 -0.800999E+00  0.000000E+00  0.202543E+01    -93.730      0.000     66.083     384
   385.00000 -0.880000E+00  0.000000E+00 -0.879999E+00  0.000000E+00  0.201980E+01    -72.514      0.000     65.883     385
   386.00000 -0.912000E+00  0.000000E+00 -0.911999E+00  0.000000E+00  0.201351E+01    -78.614      0.000     65.708     386
   387.00000 -0.912000E+00  0.000000E+00 -0.911999E+00  0.000000E+00  0.200657E+01    -88.506      0.000     65.517     387
   388.00000 -0.934000E+00  0.000000E+00 -0.933999E+00  0.000000E+00  0.200126E+01    -85.445      0.000     65.842     388
   389.00000 -0.105800E+01  0.000000E+00 -0.105800E+01  0.000000E+00  0.199618E+01    -58.670      0.000     65.925     389
   390.00000 -0.108000E+01  0.000000E+00 -0.108000E+01  0.000000E+00  0.199140E+01    -73.364      0.000     66.025     390
   391.00000 -0.117500E+01  0.000000E+00 -0.117500E+01  0.000000E+00  0.198601E+01    -58.335      0.000     65.925     391
   392.00000 -0.120453E+01  0.000000E+00 -0.120453E+01  0.000000E+00  0.198064E+01    -68.227      0.000     65.942     392
   393.00000 -0.136829E+01  0.000000E+00 -0.136829E+01  0.000000E+00  0.197585E+01    -42.533      0.000     66.092     393
   394.00000 -0.139777E+01  0.000000E+00 -0.139776E+01  0.000000E+00  0.197002E+01    -59.141      0.000     65.908     394
   395.00000 -0.140875E+01  0.000000E+00 -0.140875E+01  0.000000E+00  0.196634E+01    -67.485      0.000     66.400     395
   396.00000 -0.139126E+01  0.000000E+00 -0.139126E+01  0.000000E+00  0.196082E+01    -79.208      0.000     66.100     396
   397.00000 -0.137250E+01  0.000000E+00 -0.137250E+01  0.000000E+00  0.195356E+01    -86.225      0.000     65.717     397
   398.00000 -0.135374E+01  0.000000E+00 -0.135374E+01  0.000000E+00  0.194582E+01    -91.754      0.000     65.583     398
   399.00000 -0.133625E+01  0.000000E+00 -0.133625E+01  0.000000E+00  0.193687E+01    -95.840      0.000     65.283     399
   400.00000 -0.132123E+01  0.000000E+00 -0.132123E+01  0.000000E+00  0.192516E+01    -98.874      0.000     64.600     400
   401.00000 -0.130971E+01  0.000000E+00 -0.130971E+01  0.000000E+00  0.191347E+01   -100.715      0.000     64.525     401
   402.00000 -0.130247E+01  0.000000E+00 -0.130247E+01  0.000000E+00  0.190056E+01   -101.421      0.000     64.175     402
   403.00000 -0.130000E+01  0.000000E+00 -0.130000E+01  0.000000E+00  0.188733E+01   -101.127      0.000     64.042     403
   404.00000 -0.130000E+01  0.000000E+00 -0.130000E+01  0.000000E+00  0.187367E+01   -100.915      0.000     63.892     404
   405.00000 -0.163100E+01  0.000000E+00 -0.163100E+01  0.000000E+00  0.186037E+01    -29.130      0.000     63.942     405
   406.00000 -0.224800E+01  0.000000E+00 -0.224845E+01  0.000000E+00  0.184575E+01      0.000      0.000     63.633     406
   407.00000 -0.224800E+01  0.000000E+00 -0.224845E+01  0.000000E+00  0.183444E+01    -36.174      0.000     64.325     407
   408.00000 -0.224800E+01  0.000000E+00 -0.224845E+01  0.000000E+00  0.184287E+01    -47.236      0.000     68.983     408
   409.00000 -0.224800E+01  0.000000E+00 -0.224845E+01  0.000000E+00  0.183590E+01    -54.329      0.000     66.333     409
   410.00000 -0.226200E+01  0.000000E+00 -0.226245E+01  0.000000E+00  0.182518E+01    -56.793      0.000     65.508     410
   411.00000 -0.227100E+01  0.000000E+00 -0.227145E+01  0.000000E+00  0.181331E+01    -60.812      0.000     65.208     411
   412.00000 -0.227100E+01  0.000000E+00 -0.227145E+01  0.000000E+00  0.180092E+01    -65.842      0.000     65.092     412
   413.00000 -0.227100E+01  0.000000E+00 -0.227145E+01  0.000000E+00  0.178915E+01    -69.183      0.000     65.283     413
   414.00000 -0.227100E+01  0.000000E+00 -0.227145E+01  0.000000E+00  0.177515E+01    -71.990      0.000     64.883     414
   415.00000 -0.229100E+01  0.000000E+00 -0.229145E+01  0.000000E+00  0.176160E+01    -69.132      0.000     65.033     415
   416.00000 -0.228745E+01  0.000000E+00 -0.228791E+01  0.000000E+00  0.174843E+01    -75.292      0.000     65.275     416
   417.00000 -0.227707E+01  0.000000E+00 -0.227752E+01  0.000000E+00  0.173493E+01    -80.208      0.000     65.417     417
   418.00000 -0.226054E+01  0.000000E+00 -0.226099E+01  0.000000E+00  0.172048E+01    -85.513      0.000     65.417     418
   419.00000 -0.223900E+01  0.000000E+00 -0.223945E+01  0.000000E+00  0.170329E+01    -90.866      0.000     65.017     419
   420.00000 -0.221392E+01  0.000000E+00 -0.221437E+01  0.000000E+00  0.168621E+01    -96.118      0.000     65.208     420
   421.00000 -0.218700E+01  0.000000E+00 -0.218745E+01  0.000000E+00  0.166911E+01   -101.151      0.000     65.383     421
   422.00000 -0.216008E+01  0.000000E+00 -0.216053E+01  0.000000E+00  0.165146E+01   -105.454      0.000     65.458     422
   423.00000 -0.213500E+01  0.000000E+00 -0.213545E+01  0.000000E+00  0.163401E+01   -108.710      0.000     65.708     423
   424.00000 -0.211346E+01  0.000000E+00 -0.211391E+01  0.000000E+00  0.161643E+01   -110.647      0.000     65.883     424
   425.00000 -0.209693E+01  0.000000E+00 -0.209738E+01  0.000000E+00  0.159734E+01   -111.142      0.000     65.708     425
   426.00000 -0.208654E+01  0.000000E+00 -0.208699E+01  0.000000E+00  0.157948E+01   -110.223      0.000     66.158     426
   427.00000 -0.208300E+01  0.000000E+00 -0.208345E+01  0.000000E+00  0.156059E+01   -108.059      0.000     66.075     427
   428.00000 -0.231800E+01  0.000000E+00 -0.231845E+01  0.000000E+00  0.154380E+01    -44.839      0.000     66.650     428
   429.00000 -0.231800E+01  0.000000E+00 -0.231845E+01  0.000000E+00  0.152294E+01    -74.122      0.000     65.925     429
   430.00000 -0.231800E+01  0.000000E+00 -0.231845E+01  0.000000E+00  0.150335E+01    -80.671      0.000     66.242     430
   431.00000 -0.231800E+01  0.000000E+00 -0.231845E+01  0.000000E+00  0.148368E+01    -84.643      0.000     66.308     431
   432.00000 -0.231800E+01  0.000000E+00 -0.231845E+01  0.000000E+00  0.146280E+01    -87.251      0.000     66.083     432
   433.00000 -0.231800E+01  0.000000E+00 -0.231845E+01  0.000000E+00  0.144177E+01    -89.399      0.000     66.058     433
   434.00000 -0.231800E+01  0.000000E+00 -0.231845E+01  0.000000E+00  0.142116E+01    -91.148      0.000     66.158     434
   435.00000 -0.231800E+01  0.000000E+00 -0.231845E+01  0.000000E+00  0.140021E+01    -92.651      0.000     66.083     435
   436.00000 -0.231800E+01  0.000000E+00 -0.231845E+01  0.000000E+00  0.138228E+01    -93.962      0.000     66.833     436
   437.00000 -0.231800E+01  0.000000E+00 -0.231845E+01  0.000000E+00  0.136403E+01    -95.132      0.000     66.833     437
   438.00000 -0.231800E+01  0.000000E+00 -0.231845E+01  0.000000E+00  0.134522E+01    -96.204      0.000     66.758     438
   439.00000 -0.231800E+01  0.000000E+00 -0.231845E+01  0.000000E+00  0.132702E+01    -97.183      0.000     66.933     439
   440.00000 -0.231553E+01  0.000000E+00 -0.231598E+01  0.000000E+00  0.130944E+01    -98.980      0.000     67.125     440
   441.00000 -0.230829E+01  0.000000E+00 -0.230874E+01  0.000000E+00  0.129087E+01   -101.936      0.000     66.925     441
   442.00000 -0.229676E+01  0.000000E+00 -0.229722E+01  0.000000E+00  0.127257E+01   -105.438      0.000     67.000     442
   443.00000 -0.228175E+01  0.000000E+00 -0.228220E+01  0.000000E+00  0.125485E+01   -109.227      0.000     67.150     443
   444.00000 -0.226426E+01  0.000000E+00 -0.226471E+01  0.000000E+00  0.123735E+01   -112.996      0.000     67.225     444
   445.00000 -0.224550E+01  0.000000E+00 -0.224595E+01  0.000000E+00  0.121976E+01   -116.470      0.000     67.225     445
   446.00000 -0.222673E+01  0.000000E+00 -0.222719E+01  0.000000E+00  0.120293E+01   -119.373      0.000     67.425     446
   447.00000 -0.220925E+01  0.000000E+00 -0.220970E+01  0.000000E+00  0.118721E+01   -121.476      0.000     67.725     447
   448.00000 -0.220823E+01  0.000000E+00 -0.220869E+01  0.000000E+00  0.117342E+01   -116.427      0.000     68.267     448
   449.00000 -0.219671E+01  0.000000E+00 -0.219716E+01  0.000000E+00  0.115786E+01   -119.948      0.000     67.917     449
   450.00000 -0.218947E+01  0.000000E+00 -0.218992E+01  0.000000E+00  0.114172E+01   -119.001      0.000     67.792     450
   451.00000 -0.218700E+01  0.000000E+00 -0.218745E+01  0.000000E+00  0.112591E+01   -117.706      0.000     67.858     451
   452.00000 -0.218700E+01  0.000000E+00 -0.218745E+01  0.000000E+00  0.110847E+01   -116.216      0.000     67.433     452
   453.00000 -0.218700E+01  0.000000E+00 -0.218745E+01  0.000000E+00  0.109148E+01   -115.631      0.000     67.483     453
   454.00000 -0.218700E+01  0.000000E+00 -0.218745E+01  0.000000E+00  0.107736E+01   -115.236      0.000     68.150     454
   455.00000 -0.218700E+01  0.000000E+00 -0.218745E+01  0.000000E+00  0.105995E+01   -115.051      0.000     67.350     455
   456.00000 -0.218700E+01  0.000000E+00 -0.218745E+01  0.000000E+00  0.104191E+01   -114.956      0.000     67.117     456
   457.00000 -0.218700E+01  0.000000E+00 -0.218745E+01  0.000000E+00  0.102455E+01   -114.939      0.000     67.167     457
   458.00000 -0.218700E+01  0.000000E+00 -0.218745E+01  0.000000E+00  0.100863E+01   -114.972      0.000     67.442     458
   459.00000 -0.218700E+01  0.000000E+00 -0.218745E+01  0.000000E+00  0.992949E+00   -115.045      0.000     67.458     459
   460.00000 -0.218700E+01  0.000000E+00 -0.218745E+01  0.000000E+00  0.978038E+00   -115.146      0.000     67.608     460
   461.00000 -0.218700E+01  0.000000E+00 -0.218745E+01  0.000000E+00  0.963165E+00   -115.270      0.000     67.583     461
   462.00000 -0.218700E+01  0.000000E+00 -0.218745E+01  0.000000E+00  0.947761E+00   -115.411      0.000     67.408     462
   463.00000 -0.218700E+01  0.000000E+00 -0.218745E+01  0.000000E+00  0.933438E+00   -115.564      0.000     67.608     463
   464.00000 -0.218426E+01  0.000000E+00 -0.218471E+01  0.000000E+00  0.920390E+00   -116.871      0.000     67.883     464
   465.00000 -0.217621E+01  0.000000E+00 -0.217667E+01  0.000000E+00  0.907977E+00   -119.768      0.000     68.033     465
   466.00000 -0.216342E+01  0.000000E+00 -0.216387E+01  0.000000E+00  0.893686E+00   -123.524      0.000     67.558     466
   467.00000 -0.214675E+01  0.000000E+00 -0.214720E+01  0.000000E+00  0.877999E+00   -127.788      0.000     67.133     467
   468.00000 -0.212733E+01  0.000000E+00 -0.212779E+01  0.000000E+00  0.865130E+00   -132.088      0.000     67.708     468
   469.00000 -0.210650E+01  0.000000E+00 -0.210695E+01  0.000000E+00  0.851746E+00   -136.033      0.000     67.542     469
   470.00000 -0.208566E+01  0.000000E+00 -0.208612E+01  0.000000E+00  0.838056E+00   -139.238      0.000     67.417     470
   471.00000 -0.206625E+01  0.000000E+00 -0.206670E+01  0.000000E+00  0.826180E+00   -141.355      0.000     67.792     471
   472.00000 -0.204958E+01  0.000000E+00 -0.205003E+01  0.000000E+00  0.816531E+00   -142.156      0.000     68.325     472
   473.00000 -0.203678E+01  0.000000E+00 -0.203724E+01  0.000000E+00  0.806954E+00   -141.520      0.000     68.383     473
   474.00000 -0.202874E+01  0.000000E+00 -0.202919E+01  0.000000E+00  0.796911E+00   -139.496      0.000     68.292     474
   475.00000 -0.202600E+01  0.000000E+00 -0.202645E+01  0.000000E+00  0.789310E+00   -136.275      0.000     68.892     475
   476.00000 -0.202600E+01  0.000000E+00 -0.202645E+01  0.000000E+00  0.781935E+00   -133.518      0.000     69.000     476
   477.00000 -0.202600E+01  0.000000E+00 -0.202645E+01  0.000000E+00  0.775187E+00   -131.938      0.000     69.208     477
   478.00000 -0.202600E+01  0.000000E+00 -0.202645E+01  0.000000E+00  0.769491E+00   -130.782      0.000     69.517     478
   479.00000 -0.202600E+01  0.000000E+00 -0.202645E+01  0.000000E+00  0.766051E+00   -129.939      0.000     70.150     479
   480.00000 -0.202600E+01  0.000000E+00 -0.202645E+01  0.000000E+00  0.763239E+00   -129.277      0.000     70.425     480
   481.00000 -0.202600E+01  0.000000E+00 -0.202645E+01  0.000000E+00  0.760988E+00   -128.755      0.000     70.683     481
   482.00000 -0.202600E+01  0.000000E+00 -0.202645E+01  0.000000E+00  0.759393E+00   -128.331      0.000     70.958     482
   483.00000 -0.202600E+01  0.000000E+00 -0.202645E+01  0.000000E+00  0.759143E+00   -127.985      0.000     71.408     483
   484.00000 -0.202600E+01  0.000000E+00 -0.202645E+01  0.000000E+00  0.760280E+00   -127.700      0.000     71.892     484
   485.00000 -0.202600E+01  0.000000E+00 -0.202645E+01  0.000000E+00  0.761002E+00   -127.464      0.000     71.942     485
   486.00000 -0.202600E+01  0.000000E+00 -0.202645E+01  0.000000E+00  0.761839E+00   -127.268      0.000     72.092     486
   487.00000 -0.202600E+01  0.000000E+00 -0.202645E+01  0.000000E+00  0.761220E+00   -127.105      0.000     71.825     487
   488.00000 -0.212142E+01  0.000000E+00 -0.212187E+01  0.000000E+00  0.762585E+00    -88.857      0.000     72.325     488
   489.00000 -0.216093E+01  0.000000E+00 -0.216138E+01  0.000000E+00  0.764371E+00    -94.102      0.000     72.550     489
   490.00000 -0.214424E+01  0.000000E+00 -0.214470E+01  0.000000E+00  0.765632E+00   -112.995      0.000     72.550     490
   491.00000 -0.212250E+01  0.000000E+00 -0.212295E+01  0.000000E+00  0.766254E+00   -122.356      0.000     72.475     491
   492.00000 -0.209717E+01  0.000000E+00 -0.209763E+01  0.000000E+00  0.766485E+00   -130.549      0.000     72.425     492
   493.00000 -0.207000E+01  0.000000E+00 -0.207045E+01  0.000000E+00  0.765421E+00   -137.330      0.000     72.133     493
   494.00000 -0.210782E+01  0.000000E+00 -0.210827E+01  0.000000E+00  0.765013E+00   -110.854      0.000     72.283     494
   495.00000 -0.209750E+01  0.000000E+00 -0.209795E+01  0.000000E+00  0.765238E+00   -123.561      0.000     72.458     495
   496.00000 -0.207575E+01  0.000000E+00 -0.207620E+01  0.000000E+00  0.764286E+00   -132.714      0.000     72.217     496
   497.00000 -0.205907E+01  0.000000E+00 -0.205952E+01  0.000000E+00  0.763986E+00   -135.518      0.000     72.367     497
   498.00000 -0.204858E+01  0.000000E+00 -0.204903E+01  0.000000E+00  0.764742E+00   -135.022      0.000     72.667     498
   499.00000 -0.204500E+01  0.000000E+00 -0.204545E+01  0.000000E+00  0.763174E+00   -132.646      0.000     72.125     499
   500.00000 -0.204500E+01  0.000000E+00 -0.204545E+01  0.000000E+00  0.765360E+00   -130.332      0.000     73.067     500
   501.00000 -0.204500E+01  0.000000E+00 -0.204545E+01  0.000000E+00  0.766456E+00   -129.290      0.000     72.875     501
   502.00000 -0.204500E+01  0.000000E+00 -0.204545E+01  0.000000E+00  0.767675E+00   -128.581      0.000     72.975     502
   503.00000 -0.204500E+01  0.000000E+00 -0.204545E+01  0.000000E+00  0.767059E+00   -128.133      0.000     72.550     503
   504.00000 -0.204500E+01  0.000000E+00 -0.204545E+01  0.000000E+00  0.766845E+00   -127.802      0.000     72.650     504
   505.00000 -0.204500E+01  0.000000E+00 -0.204545E+01  0.000000E+00  0.766944E+00   -127.558      0.000     72.733     505
   506.00000 -0.204500E+01  0.000000E+00 -0.204545E+01  0.000000E+00  0.765685E+00   -127.370      0.000     72.408     506
   507.00000 -0.204500E+01  0.000000E+00 -0.204545E+01  0.000000E+00  0.766060E+00   -127.223      0.000     72.808     507
   508.00000 -0.206200E+01  0.000000E+00 -0.206245E+01  0.000000E+00  0.766461E+00   -118.799      0.000     72.833     508
   509.00000 -0.206200E+01  0.000000E+00 -0.206245E+01  0.000000E+00  0.765187E+00   -123.305      0.000     72.467     509
   510.00000 -0.206800E+01  0.000000E+00 -0.206845E+01  0.000000E+00  0.765728E+00   -121.283      0.000     72.867     510
   511.00000 -0.210800E+01  0.000000E+00 -0.210845E+01  0.000000E+00  0.768097E+00   -106.146      0.000     73.358     511
   512.00000 -0.226318E+01  0.000000E+00 -0.226363E+01  0.000000E+00  0.769164E+00    -66.169      0.000     73.158     512
   513.00000 -0.236578E+01  0.000000E+00 -0.236624E+01  0.000000E+00  0.771053E+00    -64.830      0.000     73.383     513
   514.00000 -0.243697E+01  0.000000E+00 -0.243742E+01  0.000000E+00  0.771376E+00    -66.904      0.000     73.075     514
   515.00000 -0.255300E+01  0.000000E+00 -0.255345E+01  0.000000E+00  0.771427E+00    -55.180      0.000     73.000     515
   516.00000 -0.267421E+01  0.000000E+00 -0.267466E+01  0.000000E+00  0.770851E+00    -49.341      0.000     72.842     516
   517.00000 -0.276800E+01  0.000000E+00 -0.276845E+01  0.000000E+00  0.770680E+00    -50.197      0.000     72.917     517
   518.00000 -0.317979E+01  0.000000E+00 -0.318024E+01  0.000000E+00  0.769732E+00    -10.752      0.000     72.733     518
   519.00000 -0.320500E+01  0.000000E+00 -0.320545E+01  0.000000E+00  0.766159E+00    -41.486      0.000     72.075     519
   520.00000 -0.361503E+01  0.000000E+00 -0.361548E+01  0.000000E+00  0.761954E+00     -6.189      0.000     71.800     520
   521.00000 -0.361121E+01  0.000000E+00 -0.361167E+01  0.000000E+00  0.757239E+00    -37.815      0.000     71.567     521
   522.00000 -0.360882E+01  0.000000E+00 -0.360927E+01  0.000000E+00  0.770323E+00    -47.809      0.000     75.833     522
   523.00000 -0.360800E+01  0.000000E+00 -0.360845E+01  0.000000E+00  0.767561E+00    -54.459      0.000     72.558     523
   524.00000 -0.360800E+01  0.000000E+00 -0.360845E+01  0.000000E+00  0.764905E+00    -59.109      0.000     72.458     524
   525.00000 -0.361900E+01  0.000000E+00 -0.361945E+01  0.000000E+00  0.762661E+00    -60.906      0.000     72.550     525
   526.00000 -0.367900E+01  0.000000E+00 -0.367945E+01  0.000000E+00  0.782359E+00    -52.562      0.000     77.908     526
   527.00000 -0.367900E+01  0.000000E+00 -0.367945E+01  0.000000E+00  0.819073E+00    -63.228      0.000     83.283     527
   528.00000 -0.367900E+01  0.000000E+00 -0.367945E+01  0.000000E+00  0.820085E+00    -67.411      0.000     75.917     528
   529.00000 -0.367900E+01  0.000000E+00 -0.367945E+01  0.000000E+00  0.817364E+00    -70.589      0.000     74.917     529
   530.00000 -0.367900E+01  0.000000E+00 -0.367945E+01  0.000000E+00  0.812801E+00    -73.109      0.000     74.592     530
   531.00000 -0.367900E+01  0.000000E+00 -0.367945E+01  0.000000E+00  0.806624E+00    -75.351      0.000     74.392     531
   532.00000 -0.367900E+01  0.000000E+00 -0.367945E+01  0.000000E+00  0.801417E+00    -77.347      0.000     74.892     532
   533.00000 -0.367900E+01  0.000000E+00 -0.367945E+01  0.000000E+00  0.795112E+00    -79.172      0.000     74.942     533
   534.00000 -0.367900E+01  0.000000E+00 -0.367945E+01  0.000000E+00  0.789140E+00    -80.839      0.000     75.383     534
   535.00000 -0.367900E+01  0.000000E+00 -0.367945E+01  0.000000E+00  0.783295E+00    -82.378      0.000     75.800     535
   536.00000 -0.367530E+01  0.000000E+00 -0.367576E+01  0.000000E+00  0.776812E+00    -84.911      0.000     76.042     536
   537.00000 -0.366446E+01  0.000000E+00 -0.366492E+01  0.000000E+00  0.768885E+00    -88.911      0.000     76.042     537
   538.00000 -0.364722E+01  0.000000E+00 -0.364767E+01  0.000000E+00  0.760128E+00    -93.642      0.000     76.158     538
   539.00000 -0.362475E+01  0.000000E+00 -0.362520E+01  0.000000E+00  0.750105E+00    -98.871      0.000     76.125     539
   540.00000 -0.359858E+01  0.000000E+00 -0.359903E+01  0.000000E+00  0.739178E+00   -104.198      0.000     76.150     540
   541.00000 -0.357050E+01  0.000000E+00 -0.357095E+01  0.000000E+00  0.728007E+00   -109.172      0.000     76.317     541
   542.00000 -0.354242E+01  0.000000E+00 -0.354287E+01  0.000000E+00  0.714905E+00   -113.379      0.000     76.017     542
   543.00000 -0.351625E+01  0.000000E+00 -0.351670E+01  0.000000E+00  0.702237E+00   -116.445      0.000     76.292     543
   544.00000 -0.349378E+01  0.000000E+00 -0.349423E+01  0.000000E+00  0.689719E+00   -118.072      0.000     76.492     544
   545.00000 -0.347653E+01  0.000000E+00 -0.347699E+01  0.000000E+00  0.677014E+00   -118.117      0.000     76.600     545
   546.00000 -0.346570E+01  0.000000E+00 -0.346615E+01  0.000000E+00  0.664362E+00   -116.614      0.000     76.750     546
   547.00000 -0.346200E+01  0.000000E+00 -0.346245E+01  0.000000E+00  0.652460E+00   -113.782      0.000     77.075     547
   548.00000 -0.346200E+01  0.000000E+00 -0.346245E+01  0.000000E+00  0.641923E+00   -111.428      0.000     77.575     548
   549.00000 -0.346200E+01  0.000000E+00 -0.346245E+01  0.000000E+00  0.632305E+00   -110.304      0.000     77.975     549
   550.00000 -0.346200E+01  0.000000E+00 -0.346245E+01  0.000000E+00  0.622855E+00   -109.595      0.000     78.175     550
   551.00000 -0.346200E+01  0.000000E+00 -0.346245E+01  0.000000E+00  0.613019E+00   -109.190      0.000     78.200     551
   552.00000 -0.346200E+01  0.000000E+00 -0.346245E+01  0.000000E+00  0.603671E+00   -108.950      0.000     78.425     552
   553.00000 -0.346200E+01  0.000000E+00 -0.346245E+01  0.000000E+00  0.595230E+00   -108.830      0.000     78.758     553
   554.00000 -0.346200E+01  0.000000E+00 -0.346245E+01  0.000000E+00  0.587445E+00   -108.792      0.000     79.033     554
   555.00000 -0.346200E+01  0.000000E+00 -0.346245E+01  0.000000E+00  0.581213E+00   -108.815      0.000     79.558     555
   556.00000 -0.354400E+01  0.000000E+00 -0.354445E+01  0.000000E+00  0.577259E+00    -80.226      0.000     80.233     556
   557.00000 -0.363800E+01  0.000000E+00 -0.363845E+01  0.000000E+00  0.572758E+00    -68.320      0.000     80.317     557
   558.00000 -0.374600E+01  0.000000E+00 -0.374645E+01  0.000000E+00  0.567844E+00    -58.776      0.000     80.342     558
   559.00000 -0.388000E+01  0.000000E+00 -0.388045E+01  0.000000E+00  0.564386E+00    -48.417      0.000     80.817     559
   560.00000 -0.403493E+01  0.000000E+00 -0.403538E+01  0.000000E+00  0.561873E+00    -39.830      0.000     81.233     560
   561.00000 -0.409394E+01  0.000000E+00 -0.409439E+01  0.000000E+00  0.559356E+00    -50.175      0.000     81.317     561
   562.00000 -0.411664E+01  0.000000E+00 -0.411709E+01  0.000000E+00  0.556451E+00    -59.073      0.000     81.342     562
   563.00000 -0.409800E+01  0.000000E+00 -0.409845E+01  0.000000E+00  0.555009E+00    -72.736      0.000     81.833     563
   564.00000 -0.407629E+01  0.000000E+00 -0.407674E+01  0.000000E+00  0.552816E+00    -80.766      0.000     81.808     564
   565.00000 -0.412200E+01  0.000000E+00 -0.412245E+01  0.000000E+00  0.550882E+00    -67.697      0.000     81.983     565
   566.00000 -0.430070E+01  0.000000E+00 -0.430116E+01  0.000000E+00  0.548350E+00    -39.097      0.000     81.983     566
   567.00000 -0.427900E+01  0.000000E+00 -0.427945E+01  0.000000E+00  0.545392E+00    -66.942      0.000     82.033     567
   568.00000 -0.426036E+01  0.000000E+00 -0.426081E+01  0.000000E+00  0.543830E+00    -75.334      0.000     82.608     568
   569.00000 -0.425605E+01  0.000000E+00 -0.425651E+01  0.000000E+00  0.545405E+00    -77.497      0.000     83.725     569
   570.00000 -0.433206E+01  0.000000E+00 -0.433252E+01  0.000000E+00  0.544361E+00    -59.555      0.000     83.375     570
   571.00000 -0.432900E+01  0.000000E+00 -0.432945E+01  0.000000E+00  0.541339E+00    -73.048      0.000     83.150     571
   572.00000 -0.432900E+01  0.000000E+00 -0.432945E+01  0.000000E+00  0.538839E+00    -76.475      0.000     83.550     572
   573.00000 -0.432900E+01  0.000000E+00 -0.432945E+01  0.000000E+00  0.537559E+00    -79.097      0.000     84.192     573
   574.00000 -0.432900E+01  0.000000E+00 -0.432945E+01  0.000000E+00  0.535427E+00    -81.123      0.000     84.417     574
   575.00000 -0.432900E+01  0.000000E+00 -0.432945E+01  0.000000E+00  0.533467E+00    -82.905      0.000     84.808     575
   576.00000 -0.432900E+01  0.000000E+00 -0.432945E+01  0.000000E+00  0.528430E+00    -84.450      0.000     84.283     576
   577.00000 -0.432900E+01  0.000000E+00 -0.432945E+01  0.000000E+00  0.523063E+00    -85.832      0.000     84.450     577
   578.00000 -0.433700E+01  0.000000E+00 -0.433745E+01  0.000000E+00  0.518384E+00    -84.556      0.000     84.775     578
   579.00000 -0.433700E+01  0.000000E+00 -0.433745E+01  0.000000E+00  0.513622E+00    -87.169      0.000     85.067     579
   580.00000 -0.433700E+01  0.000000E+00 -0.433745E+01  0.000000E+00  0.509290E+00    -88.502      0.000     85.492     580
   581.00000 -0.435800E+01  0.000000E+00 -0.435845E+01  0.000000E+00  0.506311E+00    -82.875      0.000     86.108     581
   582.00000 -0.451100E+01  0.000000E+00 -0.451145E+01  0.000000E+00  0.503549E+00    -49.816      0.000     86.508     582
   583.00000 -0.456200E+01  0.000000E+00 -0.456245E+01  0.000000E+00  0.500402E+00    -59.171      0.000     86.725     583
   584.00000 -0.490173E+01  0.000000E+00 -0.490218E+01  0.000000E+00  0.497571E+00    -17.407      0.000     87.092     584
   585.00000 -0.489709E+01  0.000000E+00 -0.489754E+01  0.000000E+00  0.494288E+00    -48.947      0.000     87.258     585
   586.00000 -0.488652E+01  0.000000E+00 -0.488697E+01  0.000000E+00  0.489365E+00    -59.366      0.000     87.075     586
   587.00000 -0.487275E+01  0.000000E+00 -0.487320E+01  0.000000E+00  0.482825E+00    -66.920      0.000     86.817     587
   588.00000 -0.495771E+01  0.000000E+00 -0.495816E+01  0.000000E+00  0.476582E+00    -49.959      0.000     87.033     588
   589.00000 -0.494050E+01  0.000000E+00 -0.494095E+01  0.000000E+00  0.469943E+00    -67.261      0.000     87.183     589
   590.00000 -0.492329E+01  0.000000E+00 -0.492374E+01  0.000000E+00  0.463766E+00    -73.821      0.000     87.625     590
   591.00000 -0.490725E+01  0.000000E+00 -0.490770E+01  0.000000E+00  0.457444E+00    -78.442      0.000     87.950     591
   592.00000 -0.490747E+01  0.000000E+00 -0.490793E+01  0.000000E+00  0.452624E+00    -77.537      0.000     88.692     592
   593.00000 -0.492290E+01  0.000000E+00 -0.492336E+01  0.000000E+00  0.446870E+00    -74.432      0.000     88.908     593
   594.00000 -0.491626E+01  0.000000E+00 -0.491672E+01  0.000000E+00  0.440916E+00    -80.239      0.000     89.333     594
   595.00000 -0.491400E+01  0.000000E+00 -0.491445E+01  0.000000E+00  0.435147E+00    -81.606      0.000     89.858     595
   596.00000 -0.491400E+01  0.000000E+00 -0.491445E+01  0.000000E+00  0.427929E+00    -82.445      0.000     89.875     596
   597.00000 -0.491400E+01  0.000000E+00 -0.491445E+01  0.000000E+00  0.427595E+00    -83.483      0.000     92.383     597
   598.00000 -0.491400E+01  0.000000E+00 -0.491445E+01  0.000000E+00  0.451081E+00    -84.511      0.000    100.200     598
   599.00000 -0.491400E+01  0.000000E+00 -0.491445E+01  0.000000E+00  0.462081E+00    -85.470      0.000     97.692     599
   600.00000 -0.491400E+01  0.000000E+00 -0.491445E+01  0.000000E+00  0.467688E+00    -86.375      0.000     96.850     600
   601.00000 -0.491400E+01  0.000000E+00 -0.491445E+01  0.000000E+00  0.472436E+00    -87.222      0.000     97.050     601
   602.00000 -0.491400E+01  0.000000E+00 -0.491445E+01  0.000000E+00  0.477264E+00    -88.014      0.000     97.525     602
   603.00000 -0.491400E+01  0.000000E+00 -0.491445E+01  0.000000E+00  0.482840E+00    -88.756      0.000     98.200     603
   604.00000 -0.491400E+01  0.000000E+00 -0.491445E+01  0.000000E+00  0.490156E+00    -89.449      0.000     99.192     604
   605.00000 -0.491400E+01  0.000000E+00 -0.491445E+01  0.000000E+00  0.498403E+00    -90.097      0.000     99.967     605
   606.00000 -0.491400E+01  0.000000E+00 -0.491445E+01  0.000000E+00  0.508705E+00    -90.701      0.000    101.092     606
   607.00000 -0.491400E+01  0.000000E+00 -0.491445E+01  0.000000E+00  0.520412E+00    -91.263      0.000    102.058     607
   608.00000 -0.491059E+01  0.000000E+00 -0.491104E+01  0.000000E+00  0.533958E+00    -92.891      0.000    103.175     608
   609.00000 -0.490060E+01  0.000000E+00 -0.490105E+01  0.000000E+00  0.547885E+00    -96.026      0.000    103.850     609
   610.00000 -0.488471E+01  0.000000E+00 -0.488516E+01  0.000000E+00  0.560436E+00    -99.963      0.000    103.942     610
   611.00000 -0.486400E+01  0.000000E+00 -0.486445E+01  0.000000E+00  0.573430E+00   -104.340      0.000    104.542     611
   612.00000 -0.483988E+01  0.000000E+00 -0.484033E+01  0.000000E+00  0.585287E+00   -108.729      0.000    104.617     612
   613.00000 -0.481400E+01  0.000000E+00 -0.481445E+01  0.000000E+00  0.597993E+00   -112.750      0.000    105.283     613
   614.00000 -0.478811E+01  0.000000E+00 -0.478857E+01  0.000000E+00  0.611866E+00   -116.016      0.000    106.050     614
   615.00000 -0.476400E+01  0.000000E+00 -0.476445E+01  0.000000E+00  0.623713E+00   -118.187      0.000    105.800     615
   616.00000 -0.474329E+01  0.000000E+00 -0.474374E+01  0.000000E+00  0.635631E+00   -119.004      0.000    106.142     616
   617.00000 -0.472739E+01  0.000000E+00 -0.472785E+01  0.000000E+00  0.646292E+00   -118.360      0.000    106.017     617
   618.00000 -0.471740E+01  0.000000E+00 -0.471786E+01  0.000000E+00  0.656696E+00   -116.312      0.000    106.167     618
   619.00000 -0.471400E+01  0.000000E+00 -0.471445E+01  0.000000E+00  0.667069E+00   -113.076      0.000    106.358     619
   620.00000 -0.471400E+01  0.000000E+00 -0.471445E+01  0.000000E+00  0.677635E+00   -110.309      0.000    106.608     620
   621.00000 -0.471400E+01  0.000000E+00 -0.471445E+01  0.000000E+00  0.689200E+00   -108.690      0.000    107.108     621
   622.00000 -0.471400E+01  0.000000E+00 -0.471445E+01  0.000000E+00  0.700392E+00   -107.469      0.000    107.175     622
   623.00000 -0.471400E+01  0.000000E+00 -0.471445E+01  0.000000E+00  0.710635E+00   -106.544      0.000    107.025     623
   624.00000 -0.471400E+01  0.000000E+00 -0.471445E+01  0.000000E+00  0.720345E+00   -105.783      0.000    106.967     624
   625.00000 -0.471400E+01  0.000000E+00 -0.471445E+01  0.000000E+00  0.729626E+00   -105.143      0.000    106.917     625
   626.00000 -0.471400E+01  0.000000E+00 -0.471445E+01  0.000000E+00  0.738598E+00   -104.589      0.000    106.892     626
   627.00000 -0.471400E+01  0.000000E+00 -0.471445E+01  0.000000E+00  0.748123E+00   -104.100      0.000    107.142     627
   628.00000 -0.471400E+01  0.000000E+00 -0.471445E+01  0.000000E+00  0.757137E+00   -103.663      0.000    107.058     628
   629.00000 -0.471400E+01  0.000000E+00 -0.471445E+01  0.000000E+00  0.766079E+00   -103.266      0.000    107.108     629
   630.00000 -0.471400E+01  0.000000E+00 -0.471445E+01  0.000000E+00  0.775568E+00   -102.900      0.000    107.358     630
   631.00000 -0.471400E+01  0.000000E+00 -0.471445E+01  0.000000E+00  0.785816E+00   -102.560      0.000    107.700     631
   632.00000 -0.470958E+01  0.000000E+00 -0.471004E+01  0.000000E+00  0.795862E+00   -103.883      0.000    107.750     632
   633.00000 -0.469665E+01  0.000000E+00 -0.469710E+01  0.000000E+00  0.805773E+00   -107.498      0.000    107.817     633
   634.00000 -0.467607E+01  0.000000E+00 -0.467652E+01  0.000000E+00  0.814923E+00   -112.273      0.000    107.667     634
   635.00000 -0.464925E+01  0.000000E+00 -0.464970E+01  0.000000E+00  0.823757E+00   -117.772      0.000    107.642     635
   636.00000 -0.461801E+01  0.000000E+00 -0.461847E+01  0.000000E+00  0.833185E+00   -123.479      0.000    107.908     636
   637.00000 -0.458450E+01  0.000000E+00 -0.458495E+01  0.000000E+00  0.842425E+00   -128.780      0.000    107.933     637
   638.00000 -0.455098E+01  0.000000E+00 -0.455143E+01  0.000000E+00  0.851806E+00   -133.020      0.000    108.058     638
   639.00000 -0.451975E+01  0.000000E+00 -0.452020E+01  0.000000E+00  0.860647E+00   -135.579      0.000    107.950     639
   640.00000 -0.449293E+01  0.000000E+00 -0.449338E+01  0.000000E+00  0.869726E+00   -136.115      0.000    108.075     640
   641.00000 -0.447235E+01  0.000000E+00 -0.447280E+01  0.000000E+00  0.878018E+00   -134.433      0.000    107.850     641
   642.00000 -0.445941E+01  0.000000E+00 -0.445986E+01  0.000000E+00  0.885973E+00   -130.668      0.000    107.742     642
   643.00000 -0.445500E+01  0.000000E+00 -0.445545E+01  0.000000E+00  0.893848E+00   -125.219      0.000    107.692     643
   644.00000 -0.445500E+01  0.000000E+00 -0.445545E+01  0.000000E+00  0.901217E+00   -120.656      0.000    107.492     644
   645.00000 -0.445500E+01  0.000000E+00 -0.445545E+01  0.000000E+00  0.909206E+00   -117.961      0.000    107.642     645
   646.00000 -0.445500E+01  0.000000E+00 -0.445545E+01  0.000000E+00  0.917901E+00   -115.814      0.000    107.833     646
   647.00000 -0.445500E+01  0.000000E+00 -0.445545E+01  0.000000E+00  0.926815E+00   -114.131      0.000    107.883     647
   648.00000 -0.445500E+01  0.000000E+00 -0.445545E+01  0.000000E+00  0.934821E+00   -112.707      0.000    107.558     648
   649.00000 -0.445500E+01  0.000000E+00 -0.445545E+01  0.000000E+00  0.944794E+00   -111.490      0.000    108.158     649
   650.00000 -0.445500E+01  0.000000E+00 -0.445545E+01  0.000000E+00  0.954157E+00   -110.425      0.000    107.958     650
   651.00000 -0.445500E+01  0.000000E+00 -0.445545E+01  0.000000E+00  0.963009E+00   -109.482      0.000    107.783     651
   652.00000 -0.445500E+01  0.000000E+00 -0.445545E+01  0.000000E+00  0.972254E+00   -108.639      0.000    107.883     652
   653.00000 -0.445500E+01  0.000000E+00 -0.445545E+01  0.000000E+00  0.982106E+00   -107.876      0.000    108.075     653
   654.00000 -0.445500E+01  0.000000E+00 -0.445545E+01  0.000000E+00  0.992437E+00   -107.181      0.000    108.250     654
   655.00000 -0.445500E+01  0.000000E+00 -0.445545E+01  0.000000E+00  0.100259E+01   -106.542      0.000    108.225     655
   656.00000 -0.444922E+01  0.000000E+00 -0.444968E+01  0.000000E+00  0.101279E+01   -108.177      0.000    108.275     656
   657.00000 -0.443229E+01  0.000000E+00 -0.443274E+01  0.000000E+00  0.102360E+01   -112.984      0.000    108.517     657
   658.00000 -0.440535E+01  0.000000E+00 -0.440581E+01  0.000000E+00  0.103296E+01   -119.531      0.000    108.092     658
   659.00000 -0.437025E+01  0.000000E+00 -0.437070E+01  0.000000E+00  0.104091E+01   -127.397      0.000    107.642     659
   660.00000 -0.432937E+01  0.000000E+00 -0.432982E+01  0.000000E+00  0.104954E+01   -135.684      0.000    107.842     660
   661.00000 -0.428550E+01  0.000000E+00 -0.428595E+01  0.000000E+00  0.105798E+01   -143.493      0.000    107.775     661
   662.00000 -0.424163E+01  0.000000E+00 -0.424208E+01  0.000000E+00  0.106740E+01   -149.905      0.000    108.100     662
   663.00000 -0.420075E+01  0.000000E+00 -0.420120E+01  0.000000E+00  0.107691E+01   -153.992      0.000    108.150     663
   664.00000 -0.416564E+01  0.000000E+00 -0.416610E+01  0.000000E+00  0.108727E+01   -154.875      0.000    108.450     664
   665.00000 -0.413871E+01  0.000000E+00 -0.413916E+01  0.000000E+00  0.109710E+01   -152.287      0.000    108.300     665
   666.00000 -0.412177E+01  0.000000E+00 -0.412223E+01  0.000000E+00  0.110668E+01   -146.598      0.000    108.208     666
   667.00000 -0.411600E+01  0.000000E+00 -0.411645E+01  0.000000E+00  0.111756E+01   -138.477      0.000    108.608     667
   668.00000 -0.411600E+01  0.000000E+00 -0.411645E+01  0.000000E+00  0.112740E+01   -131.626      0.000    108.258     668
   669.00000 -0.411600E+01  0.000000E+00 -0.411645E+01  0.000000E+00  0.113746E+01   -127.442      0.000    108.283     669
   670.00000 -0.411600E+01  0.000000E+00 -0.411645E+01  0.000000E+00  0.114845E+01   -124.276      0.000    108.533     670
   671.00000 -0.411600E+01  0.000000E+00 -0.411645E+01  0.000000E+00  0.115939E+01   -121.857      0.000    108.483     671
   672.00000 -0.411600E+01  0.000000E+00 -0.411645E+01  0.000000E+00  0.116982E+01   -119.872      0.000    108.275     672
   673.00000 -0.411600E+01  0.000000E+00 -0.411645E+01  0.000000E+00  0.118036E+01   -118.183      0.000    108.250     673
   674.00000 -0.411600E+01  0.000000E+00 -0.411645E+01  0.000000E+00  0.119049E+01   -116.687      0.000    108.050     674
   675.00000 -0.411600E+01  0.000000E+00 -0.411645E+01  0.000000E+00  0.120081E+01   -115.360      0.000    108.050     675
   676.00000 -0.411600E+01  0.000000E+00 -0.411645E+01  0.000000E+00  0.121131E+01   -114.168      0.000    108.050     676
   677.00000 -0.411600E+01  0.000000E+00 -0.411645E+01  0.000000E+00  0.122225E+01   -113.090      0.000    108.150     677
   678.00000 -0.411600E+01  0.000000E+00 -0.411645E+01  0.000000E+00  0.123431E+01   -112.110      0.000    108.500     678
   679.00000 -0.411600E+01  0.000000E+00 -0.411645E+01  0.000000E+00  0.124677E+01   -111.212      0.000    108.650     679
   680.00000 -0.410903E+01  0.000000E+00 -0.410948E+01  0.000000E+00  0.125881E+01   -113.177      0.000    108.542     680
   681.00000 -0.408860E+01  0.000000E+00 -0.408905E+01  0.000000E+00  0.127032E+01   -119.204      0.000    108.392     681
   682.00000 -0.405610E+01  0.000000E+00 -0.405655E+01  0.000000E+00  0.128083E+01   -127.735      0.000    108.067     682
   683.00000 -0.401375E+01  0.000000E+00 -0.401420E+01  0.000000E+00  0.129100E+01   -138.085      0.000    107.942     683
   684.00000 -0.396443E+01  0.000000E+00 -0.396488E+01  0.000000E+00  0.130204E+01   -149.220      0.000    108.208     684
   685.00000 -0.391150E+01  0.000000E+00 -0.391195E+01  0.000000E+00  0.131244E+01   -160.202      0.000    108.008     685
   686.00000 -0.385857E+01  0.000000E+00 -0.385902E+01  0.000000E+00  0.132150E+01   -169.460      0.000    107.558     686
   687.00000 -0.380925E+01  0.000000E+00 -0.380970E+01  0.000000E+00  0.133134E+01   -175.388      0.000    107.758     687
   688.00000 -0.376689E+01  0.000000E+00 -0.376735E+01  0.000000E+00  0.134160E+01   -176.760      0.000    107.858     688
   689.00000 -0.373440E+01  0.000000E+00 -0.373485E+01  0.000000E+00  0.135164E+01   -173.163      0.000    107.758     689
   690.00000 -0.371397E+01  0.000000E+00 -0.371442E+01  0.000000E+00  0.136237E+01   -165.003      0.000    107.933     690
   691.00000 -0.370700E+01  0.000000E+00 -0.370745E+01  0.000000E+00  0.137292E+01   -153.478      0.000    107.833     691
   692.00000 -0.370700E+01  0.000000E+00 -0.370745E+01  0.000000E+00  0.138442E+01   -144.340      0.000    108.083     692
   693.00000 -0.370700E+01  0.000000E+00 -0.370745E+01  0.000000E+00  0.139545E+01   -138.675      0.000    107.883     693
   694.00000 -0.370700E+01  0.000000E+00 -0.370745E+01  0.000000E+00  0.140602E+01   -134.365      0.000    107.658     694
   695.00000 -0.370700E+01  0.000000E+00 -0.370745E+01  0.000000E+00  0.141740E+01   -131.008      0.000    107.825     695
   696.00000 -0.370700E+01  0.000000E+00 -0.370745E+01  0.000000E+00  0.142751E+01   -128.225      0.000    107.325     696
   697.00000 -0.370700E+01  0.000000E+00 -0.370745E+01  0.000000E+00  0.143705E+01   -125.889      0.000    107.025     697
   698.00000 -0.370700E+01  0.000000E+00 -0.370745E+01  0.000000E+00  0.144725E+01   -123.888      0.000    107.100     698
   699.00000 -0.370700E+01  0.000000E+00 -0.370745E+01  0.000000E+00  0.145725E+01   -122.150      0.000    106.925     699
   700.00000 -0.370700E+01  0.000000E+00 -0.370745E+01  0.000000E+00  0.146783E+01   -120.627      0.000    107.008     700
   701.00000 -0.370700E+01  0.000000E+00 -0.370745E+01  0.000000E+00  0.147950E+01   -119.269      0.000    107.283     701
   702.00000 -0.370700E+01  0.000000E+00 -0.370745E+01  0.000000E+00  0.149109E+01   -118.017      0.000    107.208     702
   703.00000 -0.370700E+01  0.000000E+00 -0.370745E+01  0.000000E+00  0.150363E+01   -116.867      0.000    107.483     703
   704.00000 -0.370010E+01  0.000000E+00 -0.370055E+01  0.000000E+00  0.151561E+01   -118.709      0.000    107.283     704
   705.00000 -0.367987E+01  0.000000E+00 -0.368032E+01  0.000000E+00  0.152792E+01   -124.865      0.000    107.375     705
   706.00000 -0.364769E+01  0.000000E+00 -0.364814E+01  0.000000E+00  0.153997E+01   -133.633      0.000    107.275     706
   707.00000 -0.360575E+01  0.000000E+00 -0.360620E+01  0.000000E+00  0.155115E+01   -144.208      0.000    106.983     707
   708.00000 -0.355691E+01  0.000000E+00 -0.355736E+01  0.000000E+00  0.156304E+01   -155.741      0.000    107.183     708
   709.00000 -0.350450E+01  0.000000E+00 -0.350495E+01  0.000000E+00  0.157427E+01   -167.121      0.000    106.958     709
   710.00000 -0.345209E+01  0.000000E+00 -0.345254E+01  0.000000E+00  0.158548E+01   -176.601      0.000    106.933     710
   711.00000 -0.340325E+01  0.000000E+00 -0.340370E+01  0.000000E+00  0.159750E+01   -182.637      0.000    107.167     711
   712.00000 -0.336131E+01  0.000000E+00 -0.336176E+01  0.000000E+00  0.160954E+01   -184.016      0.000    107.167     712
   713.00000 -0.332913E+01  0.000000E+00 -0.332958E+01  0.000000E+00  0.162261E+01   -180.176      0.000    107.492     713
   714.00000 -0.330890E+01  0.000000E+00 -0.330935E+01  0.000000E+00  0.163575E+01   -171.560      0.000    107.525     714
   715.00000 -0.330200E+01  0.000000E+00 -0.330245E+01  0.000000E+00  0.164883E+01   -159.428      0.000    107.500     715
   716.00000 -0.330200E+01  0.000000E+00 -0.330245E+01  0.000000E+00  0.166178E+01   -149.620      0.000    107.433     716
   717.00000 -0.330200E+01  0.000000E+00 -0.330245E+01  0.000000E+00  0.167576E+01   -143.799      0.000    107.733     717
   718.00000 -0.330200E+01  0.000000E+00 -0.330245E+01  0.000000E+00  0.168926E+01   -139.241      0.000    107.558     718
   719.00000 -0.330200E+01  0.000000E+00 -0.330245E+01  0.000000E+00  0.170228E+01   -135.694      0.000    107.358     719
   720.00000 -0.330200E+01  0.000000E+00 -0.330245E+01  0.000000E+00  0.171458E+01   -132.712      0.000    107.058     720
   721.00000 -0.330200E+01  0.000000E+00 -0.330245E+01  0.000000E+00  0.172694E+01   -130.191      0.000    106.983     721
   722.00000 -0.330200E+01  0.000000E+00 -0.330245E+01  0.000000E+00  0.173956E+01   -127.997      0.000    106.983     722
   723.00000 -0.330200E+01  0.000000E+00 -0.330245E+01  0.000000E+00  0.175182E+01   -126.085      0.000    106.792     723
   724.00000 -0.330200E+01  0.000000E+00 -0.330245E+01  0.000000E+00  0.176494E+01   -124.389      0.000    106.992     724
   725.00000 -0.330200E+01  0.000000E+00 -0.330245E+01  0.000000E+00  0.177830E+01   -122.876      0.000    107.017     725
   726.00000 -0.330200E+01  0.000000E+00 -0.330245E+01  0.000000E+00  0.179183E+01   -121.529      0.000    107.042     726
   727.00000 -0.330200E+01  0.000000E+00 -0.330245E+01  0.000000E+00  0.180553E+01   -120.290      0.000    107.067     727
   728.00000 -0.329384E+01  0.000000E+00 -0.329429E+01  0.000000E+00  0.181921E+01   -122.757      0.000    107.042     728
   729.00000 -0.326991E+01  0.000000E+00 -0.327036E+01  0.000000E+00  0.183154E+01   -130.607      0.000    106.592     729
   730.00000 -0.323185E+01  0.000000E+00 -0.323230E+01  0.000000E+00  0.184348E+01   -141.757      0.000    106.417     730
   731.00000 -0.318225E+01  0.000000E+00 -0.318270E+01  0.000000E+00  0.185574E+01   -155.623      0.000    106.467     731
   732.00000 -0.312448E+01  0.000000E+00 -0.312494E+01  0.000000E+00  0.186780E+01   -171.360      0.000    106.375     732
   733.00000 -0.306250E+01  0.000000E+00 -0.306295E+01  0.000000E+00  0.188064E+01   -187.054      0.000    106.600     733
   734.00000 -0.300051E+01  0.000000E+00 -0.300096E+01  0.000000E+00  0.189312E+01   -200.868      0.000    106.475     734
   735.00000 -0.294275E+01  0.000000E+00 -0.294320E+01  0.000000E+00  0.190628E+01   -210.051      0.000    106.683     735
   736.00000 -0.289315E+01  0.000000E+00 -0.289360E+01  0.000000E+00  0.191938E+01   -212.535      0.000    106.658     736
   737.00000 -0.285508E+01  0.000000E+00 -0.285554E+01  0.000000E+00  0.193154E+01   -207.319      0.000    106.342     737
   738.00000 -0.283116E+01  0.000000E+00 -0.283161E+01  0.000000E+00  0.194442E+01   -194.970      0.000    106.517     738
   739.00000 -0.282300E+01  0.000000E+00 -0.282345E+01  0.000000E+00  0.195783E+01   -178.492      0.000    106.650     739
   740.00000 -0.282300E+01  0.000000E+00 -0.282345E+01  0.000000E+00  0.197098E+01   -164.969      0.000    106.525     740
   741.00000 -0.282300E+01  0.000000E+00 -0.282345E+01  0.000000E+00  0.198431E+01   -156.837      0.000    106.533     741
   742.00000 -0.282300E+01  0.000000E+00 -0.282345E+01  0.000000E+00  0.199762E+01   -151.003      0.000    106.458     742
   743.00000 -0.282300E+01  0.000000E+00 -0.282345E+01  0.000000E+00  0.201138E+01   -146.553      0.000    106.533     743
   744.00000 -0.282300E+01  0.000000E+00 -0.282345E+01  0.000000E+00  0.202442E+01   -142.787      0.000    106.233     744
end
