 ******* Program HYDRUS
 ******* 
 Welcome to HYDRUS-1D                                                    
 Date:  26.11.2025    Time:  15:11:27
 Units: L = cm   , T = hours, M = mmol 

----------------------------------------------------------
 Time       [T]        0.0000
----------------------------------------------------------
 Sub-region num.                     1
----------------------------------------------------------
 Length   [L]        0.20000E+03  0.20000E+03
 W-volume [L]        0.72602E+02  0.72602E+02
 In-flow  [L/T]      0.00000E+00  0.00000E+00
 h Mean   [L]       -0.44362E+02 -0.44362E+02
 Top Flux [L/T]      0.13535E-02
 Bot Flux [L/T]      0.97141E-01
----------------------------------------------------------

----------------------------------------------------------
 Time       [T]      521.0000
----------------------------------------------------------
 Sub-region num.                     1
----------------------------------------------------------
 Length   [L]        0.20000E+03  0.20000E+03
 W-volume [L]        0.76971E+02  0.76971E+02
 In-flow  [L/T]     -0.83306E-02 -0.83306E-02
 h Mean   [L]       -0.14828E+02 -0.14828E+02
 Top Flux [L/T]     -0.61684E-02
 Bot Flux [L/T]     -0.45169E-02
 WatBalT  [L]        0.52452E-05
 WatBalR  [%]              0.000
----------------------------------------------------------

----------------------------------------------------------
 Time       [T]      744.0000
----------------------------------------------------------
 Sub-region num.                     1
----------------------------------------------------------
 Length   [L]        0.20000E+03  0.20000E+03
 W-volume [L]        0.77450E+02  0.77450E+02
 In-flow  [L/T]      0.13046E-01  0.13046E-01
 h Mean   [L]       -0.20688E+01 -0.20688E+01
 Top Flux [L/T]      0.16481E-02
 Bot Flux [L/T]      0.13045E-01
 WatBalT  [L]        0.22888E-04
 WatBalR  [%]              0.000
----------------------------------------------------------
 
 Calculation time [sec]  0.150000005960464     
