 ******* Program HYDRUS
 ******* 
 Welcome to HYDRUS-1D                                                    
 Date:  26.11.2025    Time:  15:11:27
 Units: L = cm   , T = hours, M = mmol 
 
 CosAlf,MaxIt,TolTh,  TolH
 1.000   10   0.001 1.00000
 
 TopInF,BotInF,AtmBC,SinkF,WLayer,qGWLF,FreeD,SeepF,lWat,lChem,lTemp,lRoot,lWDep
     T     T     T     F     T     F     F     F     T     F     F     F     F

Nodal point information

node      x         hOld    MatN LayN  Beta      Ah       AK      ATh     Temp    Conc(1...NS)         Sorb(1...NS)

   1      0.000   -167.000    1    1   0.000    1.000    1.000    1.000
   2     -2.000   -164.547    1    1   0.000    1.000    1.000    1.000
   3     -4.000   -162.094    1    1   0.000    1.000    1.000    1.000
   4     -6.000   -159.642    1    1   0.000    1.000    1.000    1.000
   5     -8.000   -157.189    1    1   0.000    1.000    1.000    1.000
   6    -10.000   -154.736    1    1   0.000    1.000    1.000    1.000
   7    -12.000   -152.283    1    1   0.000    1.000    1.000    1.000
   8    -14.000   -149.831    1    1   0.000    1.000    1.000    1.000
   9    -16.000   -147.378    1    1   0.000    1.000    1.000    1.000
  10    -18.000   -144.925    1    1   0.000    1.000    1.000    1.000
  11    -20.000   -142.473    2    1   0.000    1.000    1.000    1.000
  12    -22.000   -140.020    2    1   0.000    1.000    1.000    1.000
  13    -24.000   -137.567    2    1   0.000    1.000    1.000    1.000
  14    -26.000   -135.114    2    1   0.000    1.000    1.000    1.000
  15    -28.000   -132.661    2    1   0.000    1.000    1.000    1.000
  16    -30.000   -130.209    2    1   0.000    1.000    1.000    1.000
  17    -32.000   -127.756    2    1   0.000    1.000    1.000    1.000
  18    -34.000   -125.303    2    1   0.000    1.000    1.000    1.000
  19    -36.000   -122.851    2    1   0.000    1.000    1.000    1.000
  20    -38.000   -120.398    2    1   0.000    1.000    1.000    1.000
  21    -40.000   -117.945    2    1   0.000    1.000    1.000    1.000
  22    -42.000   -115.492    2    1   0.000    1.000    1.000    1.000
  23    -44.000   -113.039    2    1   0.000    1.000    1.000    1.000
  24    -46.000   -110.587    2    1   0.000    1.000    1.000    1.000
  25    -48.000   -108.134    2    1   0.000    1.000    1.000    1.000
  26    -50.000   -105.681    2    1   0.000    1.000    1.000    1.000
  27    -52.000   -103.229    2    1   0.000    1.000    1.000    1.000
  28    -54.000   -100.776    2    1   0.000    1.000    1.000    1.000
  29    -56.000    -98.323    2    1   0.000    1.000    1.000    1.000
  30    -58.000    -95.870    2    1   0.000    1.000    1.000    1.000
  31    -60.000    -93.418    3    1   0.000    1.000    1.000    1.000
  32    -62.000    -90.965    3    1   0.000    1.000    1.000    1.000
  33    -64.000    -88.512    3    1   0.000    1.000    1.000    1.000
  34    -66.000    -86.059    3    1   0.000    1.000    1.000    1.000
  35    -68.000    -83.606    3    1   0.000    1.000    1.000    1.000
  36    -70.000    -81.154    3    1   0.000    1.000    1.000    1.000
  37    -72.000    -78.701    3    1   0.000    1.000    1.000    1.000
  38    -74.000    -76.248    3    1   0.000    1.000    1.000    1.000
  39    -76.000    -73.796    3    1   0.000    1.000    1.000    1.000
  40    -78.000    -71.343    3    1   0.000    1.000    1.000    1.000
  41    -80.000    -68.890    3    1   0.000    1.000    1.000    1.000
  42    -82.000    -66.437    3    1   0.000    1.000    1.000    1.000
  43    -84.000    -63.985    3    1   0.000    1.000    1.000    1.000
  44    -86.000    -61.532    3    1   0.000    1.000    1.000    1.000
  45    -88.000    -59.079    3    1   0.000    1.000    1.000    1.000
  46    -90.000    -56.626    3    1   0.000    1.000    1.000    1.000
  47    -92.000    -54.174    3    1   0.000    1.000    1.000    1.000
  48    -94.000    -51.721    3    1   0.000    1.000    1.000    1.000
  49    -96.000    -49.268    3    1   0.000    1.000    1.000    1.000
  50    -98.000    -46.815    3    1   0.000    1.000    1.000    1.000
  51   -100.000    -44.362    3    1   0.000    1.000    1.000    1.000
  52   -102.000    -41.910    3    1   0.000    1.000    1.000    1.000
  53   -104.000    -39.457    3    1   0.000    1.000    1.000    1.000
  54   -106.000    -37.004    3    1   0.000    1.000    1.000    1.000
  55   -108.000    -34.551    3    1   0.000    1.000    1.000    1.000
  56   -110.000    -32.099    3    1   0.000    1.000    1.000    1.000
  57   -112.000    -29.646    3    1   0.000    1.000    1.000    1.000
  58   -114.000    -27.193    3    1   0.000    1.000    1.000    1.000
  59   -116.000    -24.740    3    1   0.000    1.000    1.000    1.000
  60   -118.000    -22.288    3    1   0.000    1.000    1.000    1.000
  61   -120.000    -19.835    3    1   0.000    1.000    1.000    1.000
  62   -122.000    -17.382    3    1   0.000    1.000    1.000    1.000
  63   -124.000    -14.929    3    1   0.000    1.000    1.000    1.000
  64   -126.000    -12.477    3    1   0.000    1.000    1.000    1.000
  65   -128.000    -10.024    3    1   0.000    1.000    1.000    1.000
  66   -130.000     -7.571    3    1   0.000    1.000    1.000    1.000
  67   -132.000     -5.119    3    1   0.000    1.000    1.000    1.000
  68   -134.000     -2.666    3    1   0.000    1.000    1.000    1.000
  69   -136.000     -0.213    3    1   0.000    1.000    1.000    1.000
  70   -138.000      2.240    3    1   0.000    1.000    1.000    1.000
  71   -140.000      4.693    3    1   0.000    1.000    1.000    1.000
  72   -142.000      7.145    3    1   0.000    1.000    1.000    1.000
  73   -144.000      9.598    3    1   0.000    1.000    1.000    1.000
  74   -146.000     12.051    3    1   0.000    1.000    1.000    1.000
  75   -148.000     14.503    3    1   0.000    1.000    1.000    1.000
  76   -150.000     16.956    3    1   0.000    1.000    1.000    1.000
  77   -152.000     19.409    3    1   0.000    1.000    1.000    1.000
  78   -154.000     21.862    3    1   0.000    1.000    1.000    1.000
  79   -156.000     24.315    3    1   0.000    1.000    1.000    1.000
  80   -158.000     26.767    3    1   0.000    1.000    1.000    1.000
  81   -160.000     29.220    3    1   0.000    1.000    1.000    1.000
  82   -162.000     31.673    3    1   0.000    1.000    1.000    1.000
  83   -164.000     34.125    3    1   0.000    1.000    1.000    1.000
  84   -166.000     36.578    3    1   0.000    1.000    1.000    1.000
  85   -168.000     39.031    3    1   0.000    1.000    1.000    1.000
  86   -170.000     41.484    3    1   0.000    1.000    1.000    1.000
  87   -172.000     43.937    3    1   0.000    1.000    1.000    1.000
  88   -174.000     46.389    3    1   0.000    1.000    1.000    1.000
  89   -176.000     48.842    3    1   0.000    1.000    1.000    1.000
  90   -178.000     51.295    3    1   0.000    1.000    1.000    1.000
  91   -180.000     53.748    3    1   0.000    1.000    1.000    1.000
  92   -182.000     56.200    3    1   0.000    1.000    1.000    1.000
  93   -184.000     58.653    3    1   0.000    1.000    1.000    1.000
  94   -186.000     61.106    3    1   0.000    1.000    1.000    1.000
  95   -188.000     63.558    3    1   0.000    1.000    1.000    1.000
  96   -190.000     66.011    3    1   0.000    1.000    1.000    1.000
  97   -192.000     68.464    3    1   0.000    1.000    1.000    1.000
  98   -194.000     70.917    3    1   0.000    1.000    1.000    1.000
  99   -196.000     73.369    3    1   0.000    1.000    1.000    1.000
 100   -198.000     75.822    3    1   0.000    1.000    1.000    1.000
 101   -200.000     78.275    3    1   0.000    1.000    1.000    1.000
end

 Number of species in the chain :   0


MatNum, Param. array:

   Mat     Qr     Qs        Alfa         n          Ks      l

    1    0.000  0.466   0.900E-02   0.128E+01   0.688E+00  0.500
    2    0.056  0.366   0.800E-02   0.164E+01   0.230E+00  0.500
    3    0.098  0.406   0.130E-01   0.198E+01   0.429E+00  0.500

       Table of Hydraulic Properties which are interpolated in simulation
       =================================================================

  theta         h        log h        C             K        log K          S          Kv
 
  0.4660  -0.100E-05 -0.6000E+01  0.6965E-05  0.6793E+00 -0.1680E+00    1.0000  0.0000E+00
  0.4660  -0.126E-05 -0.5899E+01  0.7427E-05  0.6787E+00 -0.1683E+00    1.0000  0.0000E+00
  0.4660  -0.159E-05 -0.5798E+01  0.7919E-05  0.6781E+00 -0.1687E+00    1.0000  0.0000E+00
  0.4660  -0.201E-05 -0.5697E+01  0.8444E-05  0.6775E+00 -0.1691E+00    1.0000  0.0000E+00
  0.4660  -0.254E-05 -0.5596E+01  0.9004E-05  0.6768E+00 -0.1695E+00    1.0000  0.0000E+00
  0.4660  -0.320E-05 -0.5495E+01  0.9601E-05  0.6761E+00 -0.1700E+00    1.0000  0.0000E+00
  0.4660  -0.404E-05 -0.5394E+01  0.1024E-04  0.6754E+00 -0.1704E+00    1.0000  0.0000E+00
  0.4660  -0.509E-05 -0.5293E+01  0.1092E-04  0.6746E+00 -0.1710E+00    1.0000  0.0000E+00
  0.4660  -0.643E-05 -0.5192E+01  0.1164E-04  0.6737E+00 -0.1715E+00    1.0000  0.0000E+00
  0.4660  -0.811E-05 -0.5091E+01  0.1241E-04  0.6728E+00 -0.1721E+00    1.0000  0.0000E+00
  0.4660  -0.102E-04 -0.4990E+01  0.1323E-04  0.6719E+00 -0.1727E+00    1.0000  0.0000E+00
  0.4660  -0.129E-04 -0.4889E+01  0.1411E-04  0.6708E+00 -0.1734E+00    1.0000  0.0000E+00
  0.4660  -0.163E-04 -0.4788E+01  0.1505E-04  0.6697E+00 -0.1741E+00    1.0000  0.0000E+00
  0.4660  -0.206E-04 -0.4687E+01  0.1604E-04  0.6686E+00 -0.1749E+00    1.0000  0.0000E+00
  0.4660  -0.260E-04 -0.4586E+01  0.1711E-04  0.6673E+00 -0.1757E+00    1.0000  0.0000E+00
  0.4660  -0.327E-04 -0.4485E+01  0.1824E-04  0.6660E+00 -0.1765E+00    1.0000  0.0000E+00
  0.4660  -0.413E-04 -0.4384E+01  0.1945E-04  0.6646E+00 -0.1774E+00    1.0000  0.0000E+00
  0.4660  -0.521E-04 -0.4283E+01  0.2074E-04  0.6631E+00 -0.1784E+00    1.0000  0.0000E+00
  0.4660  -0.658E-04 -0.4182E+01  0.2212E-04  0.6615E+00 -0.1795E+00    1.0000  0.0000E+00
  0.4660  -0.830E-04 -0.4081E+01  0.2358E-04  0.6598E+00 -0.1806E+00    1.0000  0.0000E+00
  0.4660  -0.105E-03 -0.3980E+01  0.2515E-04  0.6580E+00 -0.1818E+00    1.0000  0.0000E+00
  0.4660  -0.132E-03 -0.3879E+01  0.2681E-04  0.6560E+00 -0.1831E+00    1.0000  0.0000E+00
  0.4660  -0.167E-03 -0.3778E+01  0.2859E-04  0.6540E+00 -0.1845E+00    1.0000  0.0000E+00
  0.4660  -0.210E-03 -0.3677E+01  0.3049E-04  0.6518E+00 -0.1859E+00    1.0000  0.0000E+00
  0.4660  -0.266E-03 -0.3576E+01  0.3251E-04  0.6494E+00 -0.1875E+00    1.0000  0.0000E+00
  0.4660  -0.335E-03 -0.3475E+01  0.3466E-04  0.6469E+00 -0.1891E+00    1.0000  0.0000E+00
  0.4660  -0.423E-03 -0.3374E+01  0.3696E-04  0.6443E+00 -0.1909E+00    1.0000  0.0000E+00
  0.4660  -0.534E-03 -0.3273E+01  0.3941E-04  0.6415E+00 -0.1928E+00    1.0000  0.0000E+00
  0.4660  -0.673E-03 -0.3172E+01  0.4203E-04  0.6385E+00 -0.1948E+00    1.0000  0.0000E+00
  0.4660  -0.850E-03 -0.3071E+01  0.4481E-04  0.6353E+00 -0.1970E+00    1.0000  0.0000E+00
  0.4660  -0.107E-02 -0.2970E+01  0.4778E-04  0.6319E+00 -0.1993E+00    1.0000  0.0000E+00
  0.4660  -0.135E-02 -0.2869E+01  0.5095E-04  0.6283E+00 -0.2018E+00    1.0000  0.4204E-31
  0.4660  -0.171E-02 -0.2768E+01  0.5433E-04  0.6245E+00 -0.2045E+00    1.0000  0.4204E-31
  0.4660  -0.215E-02 -0.2667E+01  0.5793E-04  0.6204E+00 -0.2073E+00    1.0000  0.1624E-30
  0.4660  -0.272E-02 -0.2566E+01  0.6177E-04  0.6161E+00 -0.2104E+00    1.0000  0.4238E-30
  0.4660  -0.343E-02 -0.2465E+01  0.6587E-04  0.6115E+00 -0.2136E+00    1.0000  0.1637E-29
  0.4660  -0.433E-02 -0.2364E+01  0.7023E-04  0.6066E+00 -0.2171E+00    1.0000  0.4271E-29
  0.4660  -0.546E-02 -0.2263E+01  0.7489E-04  0.6014E+00 -0.2208E+00    1.0000  0.1235E-28
  0.4660  -0.689E-02 -0.2162E+01  0.7985E-04  0.5959E+00 -0.2248E+00    1.0000  0.2759E-28
  0.4660  -0.870E-02 -0.2061E+01  0.8515E-04  0.5901E+00 -0.2291E+00    1.0000  0.7635E-28
  0.4660  -0.110E-01 -0.1960E+01  0.9079E-04  0.5839E+00 -0.2337E+00    1.0000  0.2172E-27
  0.4660  -0.138E-01 -0.1859E+01  0.9681E-04  0.5773E+00 -0.2386E+00    1.0000  0.5850E-27
  0.4660  -0.175E-01 -0.1758E+01  0.1032E-03  0.5703E+00 -0.2439E+00    1.0000  0.1563E-26
  0.4660  -0.221E-01 -0.1657E+01  0.1101E-03  0.5630E+00 -0.2495E+00    1.0000  0.4374E-26
  0.4660  -0.278E-01 -0.1556E+01  0.1174E-03  0.5551E+00 -0.2556E+00    1.0000  0.1171E-25
  0.4660  -0.351E-01 -0.1455E+01  0.1252E-03  0.5469E+00 -0.2621E+00    1.0000  0.3175E-25
  0.4660  -0.443E-01 -0.1354E+01  0.1334E-03  0.5381E+00 -0.2691E+00    1.0000  0.8344E-25
  0.4660  -0.559E-01 -0.1253E+01  0.1423E-03  0.5289E+00 -0.2767E+00    1.0000  0.2260E-24
  0.4660  -0.705E-01 -0.1152E+01  0.1517E-03  0.5191E+00 -0.2848E+00    1.0000  0.6062E-24
  0.4660  -0.890E-01 -0.1051E+01  0.1618E-03  0.5087E+00 -0.2935E+00    1.0000  0.1643E-23
  0.4660  -0.112E+00 -0.9495E+00  0.1725E-03  0.4978E+00 -0.3029E+00    1.0000  0.4421E-23
  0.4660  -0.142E+00 -0.8485E+00  0.1839E-03  0.4863E+00 -0.3131E+00    1.0000  0.1188E-22
  0.4660  -0.179E+00 -0.7475E+00  0.1961E-03  0.4742E+00 -0.3240E+00    0.9999  0.3182E-22
  0.4660  -0.226E+00 -0.6465E+00  0.2091E-03  0.4615E+00 -0.3358E+00    0.9999  0.8567E-22
  0.4660  -0.285E+00 -0.5455E+00  0.2229E-03  0.4481E+00 -0.3486E+00    0.9999  0.2305E-21
  0.4659  -0.359E+00 -0.4444E+00  0.2376E-03  0.4340E+00 -0.3625E+00    0.9999  0.6198E-21
  0.4659  -0.453E+00 -0.3434E+00  0.2533E-03  0.4193E+00 -0.3775E+00    0.9998  0.1664E-20
  0.4659  -0.572E+00 -0.2424E+00  0.2700E-03  0.4038E+00 -0.3938E+00    0.9997  0.4475E-20
  0.4658  -0.722E+00 -0.1414E+00  0.2878E-03  0.3877E+00 -0.4115E+00    0.9997  0.1202E-19
  0.4658  -0.911E+00 -0.4040E-01  0.3066E-03  0.3708E+00 -0.4308E+00    0.9995  0.3231E-19
  0.4657  -0.115E+01  0.6061E-01  0.3267E-03  0.3533E+00 -0.4519E+00    0.9994  0.8673E-19
  0.4656  -0.145E+01  0.1616E+00  0.3479E-03  0.3351E+00 -0.4749E+00    0.9991  0.2327E-18
  0.4655  -0.183E+01  0.2626E+00  0.3703E-03  0.3162E+00 -0.5000E+00    0.9989  0.6242E-18
  0.4653  -0.231E+01  0.3636E+00  0.3940E-03  0.2967E+00 -0.5277E+00    0.9985  0.1673E-17
  0.4650  -0.292E+01  0.4646E+00  0.4189E-03  0.2766E+00 -0.5581E+00    0.9979  0.4476E-17
  0.4647  -0.368E+01  0.5657E+00  0.4449E-03  0.2560E+00 -0.5917E+00    0.9972  0.1196E-16
  0.4643  -0.464E+01  0.6667E+00  0.4718E-03  0.2351E+00 -0.6288E+00    0.9963  0.3187E-16
  0.4637  -0.586E+01  0.7677E+00  0.4995E-03  0.2138E+00 -0.6700E+00    0.9950  0.8468E-16
  0.4629  -0.739E+01  0.8687E+00  0.5276E-03  0.1924E+00 -0.7158E+00    0.9933  0.2241E-15
  0.4618  -0.933E+01  0.9697E+00  0.5554E-03  0.1710E+00 -0.7670E+00    0.9911  0.5899E-15
  0.4604  -0.118E+02  0.1071E+01  0.5823E-03  0.1499E+00 -0.8243E+00    0.9881  0.1542E-14
  0.4586  -0.148E+02  0.1172E+01  0.6071E-03  0.1292E+00 -0.8886E+00    0.9841  0.3993E-14
  0.4562  -0.187E+02  0.1273E+01  0.6285E-03  0.1094E+00 -0.9610E+00    0.9790  0.1022E-13
  0.4531  -0.236E+02  0.1374E+01  0.6447E-03  0.9065E-01 -0.1043E+01    0.9723  0.2573E-13
  0.4491  -0.298E+02  0.1475E+01  0.6538E-03  0.7333E-01 -0.1135E+01    0.9636  0.6355E-13
  0.4439  -0.376E+02  0.1576E+01  0.6537E-03  0.5774E-01 -0.1239E+01    0.9527  0.1531E-12
  0.4375  -0.475E+02  0.1677E+01  0.6424E-03  0.4412E-01 -0.1355E+01    0.9389  0.3576E-12
  0.4297  -0.599E+02  0.1778E+01  0.6187E-03  0.3263E-01 -0.1486E+01    0.9221  0.8057E-12
  0.4203  -0.756E+02  0.1879E+01  0.5823E-03  0.2331E-01 -0.1632E+01    0.9018  0.1740E-11
  0.4092  -0.955E+02  0.1980E+01  0.5344E-03  0.1607E-01 -0.1794E+01    0.8781  0.3580E-11
  0.3966  -0.120E+03  0.2081E+01  0.4777E-03  0.1069E-01 -0.1971E+01    0.8510  0.6994E-11
  0.3825  -0.152E+03  0.2182E+01  0.4158E-03  0.6874E-02 -0.2163E+01    0.8208  0.1293E-10
  0.3673  -0.192E+03  0.2283E+01  0.3527E-03  0.4280E-02 -0.2369E+01    0.7881  0.2261E-10
  0.3511  -0.242E+03  0.2384E+01  0.2922E-03  0.2590E-02 -0.2587E+01    0.7535  0.3743E-10
  0.3345  -0.305E+03  0.2485E+01  0.2370E-03  0.1529E-02 -0.2816E+01    0.7177  0.5881E-10
  0.3176  -0.385E+03  0.2586E+01  0.1888E-03  0.8836E-03 -0.3054E+01    0.6815  0.8799E-10
  0.3007  -0.486E+03  0.2687E+01  0.1482E-03  0.5020E-03 -0.3299E+01    0.6453  0.1259E-09
  0.2841  -0.614E+03  0.2788E+01  0.1148E-03  0.2813E-03 -0.3551E+01    0.6097  0.1732E-09
  0.2680  -0.774E+03  0.2889E+01  0.8813E-04  0.1559E-03 -0.3807E+01    0.5751  0.2299E-09
  0.2524  -0.977E+03  0.2990E+01  0.6712E-04  0.8564E-04 -0.4067E+01    0.5417  0.2958E-09
  0.2375  -0.123E+04  0.3091E+01  0.5081E-04  0.4675E-04 -0.4330E+01    0.5097  0.3704E-09
  0.2233  -0.156E+04  0.3192E+01  0.3829E-04  0.2539E-04 -0.4595E+01    0.4792  0.4528E-09
  0.2098  -0.196E+04  0.3293E+01  0.2876E-04  0.1374E-04 -0.4862E+01    0.4502  0.5422E-09
  0.1970  -0.248E+04  0.3394E+01  0.2154E-04  0.7412E-05 -0.5130E+01    0.4228  0.6374E-09
  0.1850  -0.313E+04  0.3495E+01  0.1610E-04  0.3990E-05 -0.5399E+01    0.3969  0.7373E-09
  0.1736  -0.394E+04  0.3596E+01  0.1202E-04  0.2144E-05 -0.5669E+01    0.3725  0.8410E-09
  0.1629  -0.498E+04  0.3697E+01  0.8963E-05  0.1151E-05 -0.5939E+01    0.3496  0.9473E-09
  0.1528  -0.628E+04  0.3798E+01  0.6678E-05  0.6174E-06 -0.6209E+01    0.3280  0.1055E-08
  0.1434  -0.792E+04  0.3899E+01  0.4972E-05  0.3309E-06 -0.6480E+01    0.3077  0.1164E-08
  0.1345  -0.100E+05  0.4000E+01  0.3700E-05  0.1773E-06 -0.6751E+01    0.2886  0.1272E-08
end
 
  0.3660  -0.100E-05 -0.6000E+01  0.9916E-08  0.2298E+00 -0.6387E+00    1.0000  0.0000E+00
  0.3660  -0.126E-05 -0.5899E+01  0.1152E-07  0.2298E+00 -0.6387E+00    1.0000  0.0000E+00
  0.3660  -0.159E-05 -0.5798E+01  0.1337E-07  0.2298E+00 -0.6387E+00    1.0000  0.0000E+00
  0.3660  -0.201E-05 -0.5697E+01  0.1553E-07  0.2298E+00 -0.6387E+00    1.0000  0.0000E+00
  0.3660  -0.254E-05 -0.5596E+01  0.1804E-07  0.2298E+00 -0.6387E+00    1.0000  0.0000E+00
  0.3660  -0.320E-05 -0.5495E+01  0.2095E-07  0.2298E+00 -0.6387E+00    1.0000  0.0000E+00
  0.3660  -0.404E-05 -0.5394E+01  0.2432E-07  0.2298E+00 -0.6387E+00    1.0000  0.0000E+00
  0.3660  -0.509E-05 -0.5293E+01  0.2825E-07  0.2298E+00 -0.6387E+00    1.0000  0.0000E+00
  0.3660  -0.643E-05 -0.5192E+01  0.3281E-07  0.2298E+00 -0.6387E+00    1.0000  0.0000E+00
  0.3660  -0.811E-05 -0.5091E+01  0.3810E-07  0.2298E+00 -0.6387E+00    1.0000  0.0000E+00
  0.3660  -0.102E-04 -0.4990E+01  0.4424E-07  0.2298E+00 -0.6387E+00    1.0000  0.0000E+00
  0.3660  -0.129E-04 -0.4889E+01  0.5138E-07  0.2298E+00 -0.6387E+00    1.0000  0.0000E+00
  0.3660  -0.163E-04 -0.4788E+01  0.5967E-07  0.2297E+00 -0.6387E+00    1.0000  0.0000E+00
  0.3660  -0.206E-04 -0.4687E+01  0.6929E-07  0.2297E+00 -0.6388E+00    1.0000  0.0000E+00
  0.3660  -0.260E-04 -0.4586E+01  0.8047E-07  0.2297E+00 -0.6388E+00    1.0000  0.0000E+00
  0.3660  -0.327E-04 -0.4485E+01  0.9345E-07  0.2297E+00 -0.6388E+00    1.0000  0.0000E+00
  0.3660  -0.413E-04 -0.4384E+01  0.1085E-06  0.2297E+00 -0.6388E+00    1.0000  0.0000E+00
  0.3660  -0.521E-04 -0.4283E+01  0.1260E-06  0.2297E+00 -0.6388E+00    1.0000  0.0000E+00
  0.3660  -0.658E-04 -0.4182E+01  0.1464E-06  0.2297E+00 -0.6388E+00    1.0000  0.0000E+00
  0.3660  -0.830E-04 -0.4081E+01  0.1700E-06  0.2297E+00 -0.6388E+00    1.0000  0.0000E+00
  0.3660  -0.105E-03 -0.3980E+01  0.1974E-06  0.2297E+00 -0.6388E+00    1.0000  0.0000E+00
  0.3660  -0.132E-03 -0.3879E+01  0.2292E-06  0.2297E+00 -0.6388E+00    1.0000  0.0000E+00
  0.3660  -0.167E-03 -0.3778E+01  0.2662E-06  0.2297E+00 -0.6389E+00    1.0000  0.0000E+00
  0.3660  -0.210E-03 -0.3677E+01  0.3092E-06  0.2297E+00 -0.6389E+00    1.0000  0.0000E+00
  0.3660  -0.266E-03 -0.3576E+01  0.3590E-06  0.2297E+00 -0.6389E+00    1.0000  0.0000E+00
  0.3660  -0.335E-03 -0.3475E+01  0.4170E-06  0.2296E+00 -0.6389E+00    1.0000  0.0000E+00
  0.3660  -0.423E-03 -0.3374E+01  0.4842E-06  0.2296E+00 -0.6390E+00    1.0000  0.0000E+00
  0.3660  -0.534E-03 -0.3273E+01  0.5623E-06  0.2296E+00 -0.6390E+00    1.0000  0.0000E+00
  0.3660  -0.673E-03 -0.3172E+01  0.6530E-06  0.2296E+00 -0.6391E+00    1.0000  0.0000E+00
  0.3660  -0.850E-03 -0.3071E+01  0.7584E-06  0.2295E+00 -0.6391E+00    1.0000  0.0000E+00
  0.3660  -0.107E-02 -0.2970E+01  0.8807E-06  0.2295E+00 -0.6392E+00    1.0000  0.0000E+00
  0.3660  -0.135E-02 -0.2869E+01  0.1023E-05  0.2295E+00 -0.6393E+00    1.0000  0.0000E+00
  0.3660  -0.171E-02 -0.2768E+01  0.1188E-05  0.2294E+00 -0.6394E+00    1.0000  0.0000E+00
  0.3660  -0.215E-02 -0.2667E+01  0.1379E-05  0.2294E+00 -0.6395E+00    1.0000  0.0000E+00
  0.3660  -0.272E-02 -0.2566E+01  0.1602E-05  0.2293E+00 -0.6396E+00    1.0000  0.0000E+00
  0.3660  -0.343E-02 -0.2465E+01  0.1860E-05  0.2292E+00 -0.6397E+00    1.0000  0.0000E+00
  0.3660  -0.433E-02 -0.2364E+01  0.2160E-05  0.2291E+00 -0.6399E+00    1.0000  0.0000E+00
  0.3660  -0.546E-02 -0.2263E+01  0.2509E-05  0.2290E+00 -0.6401E+00    1.0000  0.0000E+00
  0.3660  -0.689E-02 -0.2162E+01  0.2914E-05  0.2289E+00 -0.6403E+00    1.0000  0.0000E+00
  0.3660  -0.870E-02 -0.2061E+01  0.3384E-05  0.2288E+00 -0.6406E+00    1.0000  0.6762E-32
  0.3660  -0.110E-01 -0.1960E+01  0.3929E-05  0.2286E+00 -0.6409E+00    1.0000  0.6762E-32
  0.3660  -0.138E-01 -0.1859E+01  0.4563E-05  0.2285E+00 -0.6412E+00    1.0000  0.6762E-32
  0.3660  -0.175E-01 -0.1758E+01  0.5299E-05  0.2282E+00 -0.6416E+00    1.0000  0.6816E-31
  0.3660  -0.221E-01 -0.1657E+01  0.6154E-05  0.2280E+00 -0.6421E+00    1.0000  0.2633E-30
  0.3660  -0.278E-01 -0.1556E+01  0.7147E-05  0.2277E+00 -0.6426E+00    1.0000  0.6870E-30
  0.3660  -0.351E-01 -0.1455E+01  0.8300E-05  0.2274E+00 -0.6432E+00    1.0000  0.2654E-29
  0.3660  -0.443E-01 -0.1354E+01  0.9639E-05  0.2270E+00 -0.6440E+00    1.0000  0.1025E-28
  0.3660  -0.559E-01 -0.1253E+01  0.1119E-04  0.2266E+00 -0.6448E+00    1.0000  0.3493E-28
  0.3660  -0.705E-01 -0.1152E+01  0.1300E-04  0.2260E+00 -0.6458E+00    1.0000  0.1238E-27
  0.3660  -0.890E-01 -0.1051E+01  0.1510E-04  0.2254E+00 -0.6470E+00    1.0000  0.3993E-27
  0.3660  -0.112E+00 -0.9495E+00  0.1753E-04  0.2247E+00 -0.6483E+00    1.0000  0.1480E-26
  0.3660  -0.142E+00 -0.8485E+00  0.2036E-04  0.2239E+00 -0.6499E+00    1.0000  0.5407E-26
  0.3660  -0.179E+00 -0.7475E+00  0.2364E-04  0.2230E+00 -0.6517E+00    1.0000  0.1899E-25
  0.3660  -0.226E+00 -0.6465E+00  0.2746E-04  0.2219E+00 -0.6538E+00    1.0000  0.6962E-25
  0.3660  -0.285E+00 -0.5455E+00  0.3189E-04  0.2207E+00 -0.6563E+00    1.0000  0.2440E-24
  0.3660  -0.359E+00 -0.4444E+00  0.3703E-04  0.2192E+00 -0.6591E+00    1.0000  0.8817E-24
  0.3660  -0.453E+00 -0.3434E+00  0.4300E-04  0.2175E+00 -0.6625E+00    1.0000  0.3136E-23
  0.3660  -0.572E+00 -0.2424E+00  0.4993E-04  0.2156E+00 -0.6664E+00    0.9999  0.1126E-22
  0.3660  -0.722E+00 -0.1414E+00  0.5798E-04  0.2133E+00 -0.6709E+00    0.9999  0.4011E-22
  0.3660  -0.911E+00 -0.4040E-01  0.6733E-04  0.2108E+00 -0.6762E+00    0.9999  0.1434E-21
  0.3659  -0.115E+01  0.6061E-01  0.7817E-04  0.2078E+00 -0.6824E+00    0.9998  0.5125E-21
  0.3659  -0.145E+01  0.1616E+00  0.9075E-04  0.2043E+00 -0.6897E+00    0.9997  0.1831E-20
  0.3659  -0.183E+01  0.2626E+00  0.1053E-03  0.2003E+00 -0.6982E+00    0.9996  0.6543E-20
  0.3658  -0.231E+01  0.3636E+00  0.1223E-03  0.1958E+00 -0.7082E+00    0.9994  0.2335E-19
  0.3657  -0.292E+01  0.4646E+00  0.1419E-03  0.1905E+00 -0.7200E+00    0.9992  0.8336E-19
  0.3656  -0.368E+01  0.5657E+00  0.1645E-03  0.1846E+00 -0.7339E+00    0.9988  0.2973E-18
  0.3655  -0.464E+01  0.6667E+00  0.1907E-03  0.1777E+00 -0.7502E+00    0.9983  0.1059E-17
  0.3652  -0.586E+01  0.7677E+00  0.2208E-03  0.1700E+00 -0.7696E+00    0.9974  0.3767E-17
  0.3648  -0.739E+01  0.8687E+00  0.2554E-03  0.1612E+00 -0.7927E+00    0.9963  0.1337E-16
  0.3643  -0.933E+01  0.9697E+00  0.2947E-03  0.1513E+00 -0.8202E+00    0.9946  0.4731E-16
  0.3635  -0.118E+02  0.1071E+01  0.3392E-03  0.1403E+00 -0.8530E+00    0.9921  0.1666E-15
  0.3624  -0.148E+02  0.1172E+01  0.3889E-03  0.1281E+00 -0.8925E+00    0.9884  0.5826E-15
  0.3608  -0.187E+02  0.1273E+01  0.4432E-03  0.1148E+00 -0.9401E+00    0.9832  0.2018E-14
  0.3585  -0.236E+02  0.1374E+01  0.5008E-03  0.1005E+00 -0.9977E+00    0.9757  0.6891E-14
  0.3552  -0.298E+02  0.1475E+01  0.5595E-03  0.8560E-01 -0.1068E+01    0.9651  0.2308E-13
  0.3506  -0.376E+02  0.1576E+01  0.6149E-03  0.7042E-01 -0.1152E+01    0.9503  0.7517E-13
  0.3443  -0.475E+02  0.1677E+01  0.6612E-03  0.5557E-01 -0.1255E+01    0.9299  0.2358E-12
  0.3358  -0.599E+02  0.1778E+01  0.6909E-03  0.4173E-01 -0.1380E+01    0.9027  0.7041E-12
  0.3249  -0.756E+02  0.1879E+01  0.6964E-03  0.2961E-01 -0.1529E+01    0.8674  0.1973E-11
  0.3113  -0.955E+02  0.1980E+01  0.6725E-03  0.1972E-01 -0.1705E+01    0.8236  0.5116E-11
  0.2951  -0.120E+03  0.2081E+01  0.6189E-03  0.1229E-01 -0.1911E+01    0.7714  0.1213E-10
  0.2768  -0.152E+03  0.2182E+01  0.5415E-03  0.7164E-02 -0.2145E+01    0.7124  0.2609E-10
  0.2571  -0.192E+03  0.2283E+01  0.4511E-03  0.3923E-02 -0.2406E+01    0.6488  0.5076E-10
  0.2369  -0.242E+03  0.2384E+01  0.3593E-03  0.2033E-02 -0.2692E+01    0.5835  0.8962E-10
  0.2169  -0.305E+03  0.2485E+01  0.2754E-03  0.1006E-02 -0.2997E+01    0.5192  0.1447E-09
  0.1980  -0.385E+03  0.2586E+01  0.2047E-03  0.4800E-03 -0.3319E+01    0.4579  0.2157E-09
  0.1804  -0.486E+03  0.2687E+01  0.1485E-03  0.2226E-03 -0.3652E+01    0.4012  0.3006E-09
  0.1644  -0.614E+03  0.2788E+01  0.1059E-03  0.1011E-03 -0.3995E+01    0.3497  0.3957E-09
  0.1502  -0.774E+03  0.2889E+01  0.7447E-04  0.4526E-04 -0.4344E+01    0.3037  0.4968E-09
  0.1376  -0.977E+03  0.2990E+01  0.5191E-04  0.2004E-04 -0.4698E+01    0.2631  0.6001E-09
  0.1265  -0.123E+04  0.3091E+01  0.3594E-04  0.8805E-05 -0.5055E+01    0.2275  0.7021E-09
  0.1169  -0.156E+04  0.3192E+01  0.2478E-04  0.3849E-05 -0.5415E+01    0.1964  0.8005E-09
  0.1085  -0.196E+04  0.3293E+01  0.1703E-04  0.1676E-05 -0.5776E+01    0.1695  0.8933E-09
  0.1013  -0.248E+04  0.3394E+01  0.1167E-04  0.7283E-06 -0.6138E+01    0.1461  0.9794E-09
  0.0950  -0.313E+04  0.3495E+01  0.7992E-05  0.3159E-06 -0.6500E+01    0.1260  0.1058E-08
  0.0896  -0.394E+04  0.3596E+01  0.5466E-05  0.1368E-06 -0.6864E+01    0.1085  0.1130E-08
  0.0850  -0.498E+04  0.3697E+01  0.3735E-05  0.5924E-07 -0.7227E+01    0.0935  0.1193E-08
  0.0810  -0.628E+04  0.3798E+01  0.2552E-05  0.2563E-07 -0.7591E+01    0.0805  0.1250E-08
  0.0775  -0.792E+04  0.3899E+01  0.1743E-05  0.1108E-07 -0.7955E+01    0.0694  0.1300E-08
  0.0745  -0.100E+05  0.4000E+01  0.1190E-05  0.4792E-08 -0.8319E+01    0.0597  0.1343E-08
end
 
  0.4060  -0.100E-05 -0.6000E+01  0.0000E+00  0.4292E+00 -0.3674E+00    1.0000  0.0000E+00
  0.4060  -0.126E-05 -0.5899E+01  0.0000E+00  0.4292E+00 -0.3674E+00    1.0000  0.0000E+00
  0.4060  -0.159E-05 -0.5798E+01  0.0000E+00  0.4292E+00 -0.3674E+00    1.0000  0.0000E+00
  0.4060  -0.201E-05 -0.5697E+01  0.0000E+00  0.4292E+00 -0.3674E+00    1.0000  0.0000E+00
  0.4060  -0.254E-05 -0.5596E+01  0.0000E+00  0.4292E+00 -0.3674E+00    1.0000  0.0000E+00
  0.4060  -0.320E-05 -0.5495E+01  0.2367E-09  0.4292E+00 -0.3674E+00    1.0000  0.0000E+00
  0.4060  -0.404E-05 -0.5394E+01  0.2972E-09  0.4292E+00 -0.3674E+00    1.0000  0.0000E+00
  0.4060  -0.509E-05 -0.5293E+01  0.3731E-09  0.4292E+00 -0.3674E+00    1.0000  0.0000E+00
  0.4060  -0.643E-05 -0.5192E+01  0.4684E-09  0.4292E+00 -0.3674E+00    1.0000  0.0000E+00
  0.4060  -0.811E-05 -0.5091E+01  0.5880E-09  0.4292E+00 -0.3674E+00    1.0000  0.0000E+00
  0.4060  -0.102E-04 -0.4990E+01  0.7382E-09  0.4292E+00 -0.3674E+00    1.0000  0.0000E+00
  0.4060  -0.129E-04 -0.4889E+01  0.9267E-09  0.4292E+00 -0.3674E+00    1.0000  0.0000E+00
  0.4060  -0.163E-04 -0.4788E+01  0.1163E-08  0.4292E+00 -0.3674E+00    1.0000  0.0000E+00
  0.4060  -0.206E-04 -0.4687E+01  0.1461E-08  0.4292E+00 -0.3674E+00    1.0000  0.0000E+00
  0.4060  -0.260E-04 -0.4586E+01  0.1834E-08  0.4292E+00 -0.3674E+00    1.0000  0.0000E+00
  0.4060  -0.327E-04 -0.4485E+01  0.2302E-08  0.4292E+00 -0.3674E+00    1.0000  0.0000E+00
  0.4060  -0.413E-04 -0.4384E+01  0.2890E-08  0.4292E+00 -0.3674E+00    1.0000  0.0000E+00
  0.4060  -0.521E-04 -0.4283E+01  0.3628E-08  0.4292E+00 -0.3674E+00    1.0000  0.0000E+00
  0.4060  -0.658E-04 -0.4182E+01  0.4555E-08  0.4292E+00 -0.3674E+00    1.0000  0.0000E+00
  0.4060  -0.830E-04 -0.4081E+01  0.5718E-08  0.4292E+00 -0.3674E+00    1.0000  0.0000E+00
  0.4060  -0.105E-03 -0.3980E+01  0.7178E-08  0.4292E+00 -0.3674E+00    1.0000  0.0000E+00
  0.4060  -0.132E-03 -0.3879E+01  0.9012E-08  0.4292E+00 -0.3674E+00    1.0000  0.0000E+00
  0.4060  -0.167E-03 -0.3778E+01  0.1131E-07  0.4292E+00 -0.3674E+00    1.0000  0.0000E+00
  0.4060  -0.210E-03 -0.3677E+01  0.1420E-07  0.4292E+00 -0.3674E+00    1.0000  0.0000E+00
  0.4060  -0.266E-03 -0.3576E+01  0.1783E-07  0.4292E+00 -0.3674E+00    1.0000  0.0000E+00
  0.4060  -0.335E-03 -0.3475E+01  0.2239E-07  0.4292E+00 -0.3674E+00    1.0000  0.0000E+00
  0.4060  -0.423E-03 -0.3374E+01  0.2810E-07  0.4292E+00 -0.3674E+00    1.0000  0.0000E+00
  0.4060  -0.534E-03 -0.3273E+01  0.3528E-07  0.4292E+00 -0.3674E+00    1.0000  0.0000E+00
  0.4060  -0.673E-03 -0.3172E+01  0.4429E-07  0.4292E+00 -0.3674E+00    1.0000  0.0000E+00
  0.4060  -0.850E-03 -0.3071E+01  0.5561E-07  0.4292E+00 -0.3674E+00    1.0000  0.0000E+00
  0.4060  -0.107E-02 -0.2970E+01  0.6981E-07  0.4292E+00 -0.3674E+00    1.0000  0.0000E+00
  0.4060  -0.135E-02 -0.2869E+01  0.8764E-07  0.4291E+00 -0.3674E+00    1.0000  0.0000E+00
  0.4060  -0.171E-02 -0.2768E+01  0.1100E-06  0.4291E+00 -0.3674E+00    1.0000  0.0000E+00
  0.4060  -0.215E-02 -0.2667E+01  0.1381E-06  0.4291E+00 -0.3674E+00    1.0000  0.0000E+00
  0.4060  -0.272E-02 -0.2566E+01  0.1734E-06  0.4291E+00 -0.3674E+00    1.0000  0.0000E+00
  0.4060  -0.343E-02 -0.2465E+01  0.2177E-06  0.4291E+00 -0.3674E+00    1.0000  0.0000E+00
  0.4060  -0.433E-02 -0.2364E+01  0.2733E-06  0.4291E+00 -0.3674E+00    1.0000  0.0000E+00
  0.4060  -0.546E-02 -0.2263E+01  0.3431E-06  0.4291E+00 -0.3674E+00    1.0000  0.0000E+00
  0.4060  -0.689E-02 -0.2162E+01  0.4307E-06  0.4291E+00 -0.3675E+00    1.0000  0.0000E+00
  0.4060  -0.870E-02 -0.2061E+01  0.5407E-06  0.4290E+00 -0.3675E+00    1.0000  0.0000E+00
  0.4060  -0.110E-01 -0.1960E+01  0.6789E-06  0.4290E+00 -0.3675E+00    1.0000  0.0000E+00
  0.4060  -0.138E-01 -0.1859E+01  0.8523E-06  0.4290E+00 -0.3676E+00    1.0000  0.0000E+00
  0.4060  -0.175E-01 -0.1758E+01  0.1070E-05  0.4289E+00 -0.3676E+00    1.0000  0.0000E+00
  0.4060  -0.221E-01 -0.1657E+01  0.1343E-05  0.4289E+00 -0.3677E+00    1.0000  0.5495E-32
  0.4060  -0.278E-01 -0.1556E+01  0.1686E-05  0.4288E+00 -0.3677E+00    1.0000  0.5495E-32
  0.4060  -0.351E-01 -0.1455E+01  0.2117E-05  0.4287E+00 -0.3678E+00    1.0000  0.5495E-32
  0.4060  -0.443E-01 -0.1354E+01  0.2658E-05  0.4286E+00 -0.3680E+00    1.0000  0.5539E-31
  0.4060  -0.559E-01 -0.1253E+01  0.3337E-05  0.4284E+00 -0.3681E+00    1.0000  0.2140E-30
  0.4060  -0.705E-01 -0.1152E+01  0.4189E-05  0.4282E+00 -0.3683E+00    1.0000  0.1175E-29
  0.4060  -0.890E-01 -0.1051E+01  0.5259E-05  0.4280E+00 -0.3685E+00    1.0000  0.5627E-29
  0.4060  -0.112E+00 -0.9495E+00  0.6602E-05  0.4277E+00 -0.3688E+00    1.0000  0.2839E-28
  0.4060  -0.142E+00 -0.8485E+00  0.8288E-05  0.4274E+00 -0.3692E+00    1.0000  0.1193E-27
  0.4060  -0.179E+00 -0.7475E+00  0.1040E-04  0.4269E+00 -0.3697E+00    1.0000  0.5717E-27
  0.4060  -0.226E+00 -0.6465E+00  0.1306E-04  0.4263E+00 -0.3703E+00    1.0000  0.2531E-26
  0.4060  -0.285E+00 -0.5455E+00  0.1640E-04  0.4256E+00 -0.3710E+00    1.0000  0.1163E-25
  0.4060  -0.359E+00 -0.4444E+00  0.2059E-04  0.4247E+00 -0.3720E+00    1.0000  0.5511E-25
  0.4060  -0.453E+00 -0.3434E+00  0.2584E-04  0.4235E+00 -0.3731E+00    1.0000  0.2528E-24
  0.4060  -0.572E+00 -0.2424E+00  0.3244E-04  0.4221E+00 -0.3746E+00    1.0000  0.1169E-23
  0.4060  -0.722E+00 -0.1414E+00  0.4073E-04  0.4203E+00 -0.3765E+00    1.0000  0.5416E-23
  0.4060  -0.911E+00 -0.4040E-01  0.5113E-04  0.4180E+00 -0.3788E+00    0.9999  0.2505E-22
  0.4060  -0.115E+01  0.6061E-01  0.6418E-04  0.4152E+00 -0.3818E+00    0.9999  0.1162E-21
  0.4059  -0.145E+01  0.1616E+00  0.8055E-04  0.4116E+00 -0.3855E+00    0.9998  0.5384E-21
  0.4059  -0.183E+01  0.2626E+00  0.1011E-03  0.4072E+00 -0.3902E+00    0.9997  0.2494E-20
  0.4059  -0.231E+01  0.3636E+00  0.1268E-03  0.4017E+00 -0.3961E+00    0.9995  0.1154E-19
  0.4058  -0.292E+01  0.4646E+00  0.1591E-03  0.3948E+00 -0.4036E+00    0.9992  0.5344E-19
  0.4056  -0.368E+01  0.5657E+00  0.1995E-03  0.3862E+00 -0.4132E+00    0.9988  0.2471E-18
  0.4054  -0.464E+01  0.6667E+00  0.2499E-03  0.3756E+00 -0.4253E+00    0.9981  0.1141E-17
  0.4051  -0.586E+01  0.7677E+00  0.3127E-03  0.3624E+00 -0.4408E+00    0.9970  0.5259E-17
  0.4045  -0.739E+01  0.8687E+00  0.3905E-03  0.3463E+00 -0.4606E+00    0.9952  0.2416E-16
  0.4037  -0.933E+01  0.9697E+00  0.4861E-03  0.3266E+00 -0.4860E+00    0.9925  0.1104E-15
  0.4024  -0.118E+02  0.1071E+01  0.6023E-03  0.3028E+00 -0.5189E+00    0.9882  0.5005E-15
  0.4003  -0.148E+02  0.1172E+01  0.7406E-03  0.2745E+00 -0.5614E+00    0.9814  0.2241E-14
  0.3971  -0.187E+02  0.1273E+01  0.9004E-03  0.2417E+00 -0.6167E+00    0.9711  0.9841E-14
  0.3922  -0.236E+02  0.1374E+01  0.1076E-02  0.2047E+00 -0.6888E+00    0.9553  0.4197E-13
  0.3850  -0.298E+02  0.1475E+01  0.1253E-02  0.1649E+00 -0.7827E+00    0.9318  0.1714E-12
  0.3746  -0.376E+02  0.1576E+01  0.1406E-02  0.1246E+00 -0.9044E+00    0.8979  0.6572E-12
  0.3601  -0.475E+02  0.1677E+01  0.1501E-02  0.8700E-01 -0.1060E+01    0.8511  0.2312E-11
  0.3413  -0.599E+02  0.1778E+01  0.1505E-02  0.5535E-01 -0.1257E+01    0.7900  0.7269E-11
  0.3184  -0.756E+02  0.1879E+01  0.1401E-02  0.3181E-01 -0.1497E+01    0.7156  0.1998E-10
  0.2925  -0.955E+02  0.1980E+01  0.1206E-02  0.1650E-01 -0.1783E+01    0.6316  0.4734E-10
  0.2655  -0.120E+03  0.2081E+01  0.9633E-03  0.7781E-02 -0.2109E+01    0.5438  0.9654E-10
  0.2391  -0.152E+03  0.2182E+01  0.7208E-03  0.3388E-02 -0.2470E+01    0.4583  0.1712E-09
  0.2149  -0.192E+03  0.2283E+01  0.5121E-03  0.1386E-02 -0.2858E+01    0.3796  0.2691E-09
  0.1936  -0.242E+03  0.2384E+01  0.3501E-03  0.5412E-03 -0.3267E+01    0.3105  0.3826E-09
  0.1755  -0.305E+03  0.2485E+01  0.2330E-03  0.2047E-03 -0.3689E+01    0.2516  0.5027E-09
  0.1604  -0.385E+03  0.2586E+01  0.1522E-03  0.7579E-04 -0.4120E+01    0.2027  0.6207E-09
  0.1481  -0.486E+03  0.2687E+01  0.9820E-04  0.2765E-04 -0.4558E+01    0.1627  0.7309E-09
  0.1381  -0.614E+03  0.2788E+01  0.6287E-04  0.9998E-05 -0.5000E+01    0.1302  0.8297E-09
  0.1300  -0.774E+03  0.2889E+01  0.4004E-04  0.3593E-05 -0.5445E+01    0.1040  0.9158E-09
  0.1236  -0.977E+03  0.2990E+01  0.2542E-04  0.1286E-05 -0.5891E+01    0.0830  0.9892E-09
  0.1184  -0.123E+04  0.3091E+01  0.1610E-04  0.4594E-06 -0.6338E+01    0.0662  0.1051E-08
  0.1143  -0.156E+04  0.3192E+01  0.1019E-04  0.1638E-06 -0.6786E+01    0.0528  0.1102E-08
  0.1110  -0.196E+04  0.3293E+01  0.6441E-05  0.5835E-07 -0.7234E+01    0.0420  0.1143E-08
  0.1083  -0.248E+04  0.3394E+01  0.4070E-05  0.2077E-07 -0.7682E+01    0.0335  0.1177E-08
  0.1062  -0.313E+04  0.3495E+01  0.2570E-05  0.7393E-08 -0.8131E+01    0.0267  0.1205E-08
  0.1045  -0.394E+04  0.3596E+01  0.1623E-05  0.2630E-08 -0.8580E+01    0.0213  0.1226E-08
  0.1032  -0.498E+04  0.3697E+01  0.1025E-05  0.9357E-09 -0.9029E+01    0.0169  0.1244E-08
  0.1022  -0.628E+04  0.3798E+01  0.6471E-06  0.3328E-09 -0.9478E+01    0.0135  0.1257E-08
  0.1013  -0.792E+04  0.3899E+01  0.4085E-06  0.1184E-09 -0.9927E+01    0.0107  0.1267E-08
  0.1006  -0.100E+05  0.4000E+01  0.2579E-06  0.4210E-10 -0.1038E+02    0.0086  0.1275E-08
end
