 ******* Program HYDRUS
 ******* 
 Welcome to HYDRUS-1D                                                    
 Date:  26.11.2025    Time:  15:11:27
 Units: L = cm   , T = hours, M = mmol 


 Time:        0.0000


 Node      Depth      Head Moisture       K          C         Flux        Sink         Kappa   v/KsTop   Temp
           [L]        [L]    [-]        [L/T]      [1/L]      [L/T]        [1/T]         [-]      [-]      [C]

   1     0.0000    -167.000 0.3768   0.5896E-02  0.3920E-03  0.1353E-02  0.0000E+00      -1   0.197E-02   20.00
   2    -2.0000    -164.547 0.3777   0.6055E-02  0.3959E-03  0.1372E-02  0.0000E+00      -1   0.199E-02   20.00
   3    -4.0000    -162.094 0.3786   0.6215E-02  0.3998E-03  0.1406E-02  0.0000E+00      -1   0.205E-02   20.00
   4    -6.0000    -159.642 0.3796   0.6375E-02  0.4037E-03  0.1442E-02  0.0000E+00      -1   0.210E-02   20.00
   5    -8.0000    -157.189 0.3805   0.6535E-02  0.4076E-03  0.1480E-02  0.0000E+00      -1   0.215E-02   20.00
   6   -10.0000    -154.736 0.3814   0.6695E-02  0.4114E-03  0.1516E-02  0.0000E+00      -1   0.221E-02   20.00
   7   -12.0000    -152.283 0.3824   0.6855E-02  0.4153E-03  0.1558E-02  0.0000E+00      -1   0.227E-02   20.00
   8   -14.0000    -149.831 0.3835   0.7135E-02  0.4200E-03  0.1615E-02  0.0000E+00      -1   0.235E-02   20.00
   9   -16.0000    -147.378 0.3846   0.7432E-02  0.4249E-03  0.1683E-02  0.0000E+00      -1   0.245E-02   20.00
  10   -18.0000    -144.925 0.3857   0.7729E-02  0.4297E-03  0.1787E-02  0.0000E+00      -1   0.260E-02   20.00
  11   -20.0000    -142.473 0.2824   0.8710E-02  0.5649E-03  0.1938E-02  0.0000E+00      -1   0.282E-02   20.00
  12   -22.0000    -140.020 0.2838   0.9109E-02  0.5709E-03  0.2063E-02  0.0000E+00      -1   0.300E-02   20.00
  13   -24.0000    -137.567 0.2852   0.9507E-02  0.5769E-03  0.2153E-02  0.0000E+00      -1   0.313E-02   20.00
  14   -26.0000    -135.114 0.2866   0.9906E-02  0.5829E-03  0.2244E-02  0.0000E+00      -1   0.326E-02   20.00
  15   -28.0000    -132.661 0.2881   0.1030E-01  0.5889E-03  0.2331E-02  0.0000E+00      -1   0.339E-02   20.00
  16   -30.0000    -130.209 0.2895   0.1070E-01  0.5949E-03  0.2421E-02  0.0000E+00      -1   0.352E-02   20.00
  17   -32.0000    -127.756 0.2909   0.1110E-01  0.6009E-03  0.2514E-02  0.0000E+00      -1   0.366E-02   20.00
  18   -34.0000    -125.303 0.2923   0.1150E-01  0.6070E-03  0.2602E-02  0.0000E+00      -1   0.378E-02   20.00
  19   -36.0000    -122.851 0.2937   0.1190E-01  0.6130E-03  0.2692E-02  0.0000E+00      -1   0.392E-02   20.00
  20   -38.0000    -120.398 0.2952   0.1230E-01  0.6190E-03  0.2805E-02  0.0000E+00      -1   0.408E-02   20.00
  21   -40.0000    -117.945 0.2968   0.1303E-01  0.6242E-03  0.2952E-02  0.0000E+00      -1   0.429E-02   20.00
  22   -42.0000    -115.492 0.2983   0.1376E-01  0.6295E-03  0.3117E-02  0.0000E+00      -1   0.453E-02   20.00
  23   -44.0000    -113.039 0.2999   0.1449E-01  0.6348E-03  0.3279E-02  0.0000E+00      -1   0.477E-02   20.00
  24   -46.0000    -110.587 0.3015   0.1522E-01  0.6400E-03  0.3444E-02  0.0000E+00      -1   0.501E-02   20.00
  25   -48.0000    -108.134 0.3031   0.1595E-01  0.6453E-03  0.3613E-02  0.0000E+00      -1   0.525E-02   20.00
  26   -50.0000    -105.681 0.3047   0.1668E-01  0.6505E-03  0.3774E-02  0.0000E+00      -1   0.549E-02   20.00
  27   -52.0000    -103.229 0.3063   0.1741E-01  0.6558E-03  0.3939E-02  0.0000E+00      -1   0.573E-02   20.00
  28   -54.0000    -100.776 0.3079   0.1814E-01  0.6611E-03  0.4108E-02  0.0000E+00      -1   0.598E-02   20.00
  29   -56.0000     -98.323 0.3095   0.1887E-01  0.6663E-03  0.4273E-02  0.0000E+00      -1   0.621E-02   20.00
  30   -58.0000     -95.870 0.3110   0.1960E-01  0.6716E-03  0.4309E-02  0.0000E+00      -1   0.627E-02   20.00
  31   -60.0000     -93.418 0.2952   0.1807E-01  0.1226E-02  0.4284E-02  0.0000E+00      -1   0.623E-02   20.00
  32   -62.0000     -90.965 0.2984   0.1997E-01  0.1250E-02  0.4520E-02  0.0000E+00      -1   0.657E-02   20.00
  33   -64.0000     -88.512 0.3016   0.2186E-01  0.1275E-02  0.4950E-02  0.0000E+00      -1   0.720E-02   20.00
  34   -66.0000     -86.059 0.3048   0.2376E-01  0.1299E-02  0.5378E-02  0.0000E+00      -1   0.782E-02   20.00
  35   -68.0000     -83.606 0.3080   0.2565E-01  0.1323E-02  0.5808E-02  0.0000E+00      -1   0.845E-02   20.00
  36   -70.0000     -81.154 0.3112   0.2755E-01  0.1347E-02  0.6237E-02  0.0000E+00      -1   0.907E-02   20.00
  37   -72.0000     -78.701 0.3144   0.2945E-01  0.1371E-02  0.6665E-02  0.0000E+00      -1   0.970E-02   20.00
  38   -74.0000     -76.248 0.3176   0.3134E-01  0.1395E-02  0.7171E-02  0.0000E+00      -1   0.104E-01   20.00
  39   -76.0000     -73.796 0.3211   0.3458E-01  0.1413E-02  0.7854E-02  0.0000E+00      -1   0.114E-01   20.00
  40   -78.0000     -71.343 0.3247   0.3826E-01  0.1430E-02  0.8662E-02  0.0000E+00      -1   0.126E-01   20.00
  41   -80.0000     -68.890 0.3283   0.4194E-01  0.1446E-02  0.9495E-02  0.0000E+00      -1   0.138E-01   20.00
  42   -82.0000     -66.437 0.3319   0.4562E-01  0.1462E-02  0.1033E-01  0.0000E+00      -1   0.150E-01   20.00
  43   -84.0000     -63.985 0.3354   0.4930E-01  0.1478E-02  0.1116E-01  0.0000E+00      -1   0.162E-01   20.00
  44   -86.0000     -61.532 0.3390   0.5298E-01  0.1495E-02  0.1204E-01  0.0000E+00      -1   0.175E-01   20.00
  45   -88.0000     -59.079 0.3426   0.5756E-01  0.1505E-02  0.1312E-01  0.0000E+00      -1   0.191E-01   20.00
  46   -90.0000     -56.626 0.3464   0.6380E-01  0.1504E-02  0.1444E-01  0.0000E+00      -1   0.210E-01   20.00
  47   -92.0000     -54.174 0.3501   0.7004E-01  0.1503E-02  0.1586E-01  0.0000E+00      -1   0.231E-01   20.00
  48   -94.0000     -51.721 0.3538   0.7628E-01  0.1503E-02  0.1727E-01  0.0000E+00      -1   0.251E-01   20.00
  49   -96.0000     -49.268 0.3575   0.8252E-01  0.1502E-02  0.1873E-01  0.0000E+00      -1   0.272E-01   20.00
  50   -98.0000     -46.815 0.3612   0.8964E-01  0.1495E-02  0.2042E-01  0.0000E+00      -1   0.297E-01   20.00
  51  -100.0000     -44.362 0.3647   0.9900E-01  0.1471E-02  0.2241E-01  0.0000E+00      -1   0.326E-01   20.00
  52  -102.0000     -41.910 0.3683   0.1084E+00  0.1447E-02  0.2453E-01  0.0000E+00      -1   0.357E-01   20.00
  53  -104.0000     -39.457 0.3719   0.1177E+00  0.1424E-02  0.2670E-01  0.0000E+00      -1   0.388E-01   20.00
  54  -106.0000     -37.004 0.3754   0.1279E+00  0.1393E-02  0.2910E-01  0.0000E+00      -1   0.423E-01   20.00
  55  -108.0000     -34.551 0.3787   0.1406E+00  0.1345E-02  0.3183E-01  0.0000E+00      -1   0.463E-01   20.00
  56  -110.0000     -32.099 0.3820   0.1533E+00  0.1297E-02  0.3471E-01  0.0000E+00      -1   0.505E-01   20.00
  57  -112.0000     -29.646 0.3852   0.1662E+00  0.1247E-02  0.3778E-01  0.0000E+00      -1   0.549E-01   20.00
  58  -114.0000     -27.193 0.3881   0.1819E+00  0.1177E-02  0.4118E-01  0.0000E+00      -1   0.599E-01   20.00
  59  -116.0000     -24.740 0.3909   0.1977E+00  0.1107E-02  0.4484E-01  0.0000E+00      -1   0.652E-01   20.00
  60  -118.0000     -22.288 0.3936   0.2150E+00  0.1027E-02  0.4873E-01  0.0000E+00      -1   0.709E-01   20.00
  61  -120.0000     -19.835 0.3960   0.2334E+00  0.9396E-03  0.5292E-01  0.0000E+00      -1   0.770E-01   20.00
  62  -122.0000     -17.382 0.3982   0.2531E+00  0.8447E-03  0.5736E-01  0.0000E+00      -1   0.834E-01   20.00
  63  -124.0000     -14.929 0.4002   0.2739E+00  0.7439E-03  0.6208E-01  0.0000E+00      -1   0.903E-01   20.00
  64  -126.0000     -12.477 0.4019   0.2963E+00  0.6341E-03  0.6713E-01  0.0000E+00      -1   0.976E-01   20.00
  65  -128.0000     -10.024 0.4033   0.3198E+00  0.5193E-03  0.7246E-01  0.0000E+00      -1   0.105E+00   20.00
  66  -130.0000      -7.571 0.4045   0.3444E+00  0.3994E-03  0.7805E-01  0.0000E+00      -1   0.114E+00   20.00
  67  -132.0000      -5.119 0.4053   0.3704E+00  0.2745E-03  0.8392E-01  0.0000E+00      -1   0.122E+00   20.00
  68  -134.0000      -2.666 0.4058   0.3976E+00  0.1458E-03  0.9011E-01  0.0000E+00      -1   0.131E+00   20.00
  69  -136.0000      -0.213 0.4060   0.4265E+00  0.1234E-04  0.9506E-01  0.0000E+00      -1   0.138E+00   20.00
  70  -138.0000       2.240 0.4060   0.4292E+00  0.0000E+00  0.9700E-01  0.0000E+00      -1   0.141E+00   20.00
  71  -140.0000       4.693 0.4060   0.4292E+00  0.0000E+00  0.9715E-01  0.0000E+00      -1   0.141E+00   20.00
  72  -142.0000       7.145 0.4060   0.4292E+00  0.0000E+00  0.9715E-01  0.0000E+00      -1   0.141E+00   20.00
  73  -144.0000       9.598 0.4060   0.4292E+00  0.0000E+00  0.9715E-01  0.0000E+00      -1   0.141E+00   20.00
  74  -146.0000      12.051 0.4060   0.4292E+00  0.0000E+00  0.9715E-01  0.0000E+00      -1   0.141E+00   20.00
  75  -148.0000      14.503 0.4060   0.4292E+00  0.0000E+00  0.9715E-01  0.0000E+00      -1   0.141E+00   20.00
  76  -150.0000      16.956 0.4060   0.4292E+00  0.0000E+00  0.9715E-01  0.0000E+00      -1   0.141E+00   20.00
  77  -152.0000      19.409 0.4060   0.4292E+00  0.0000E+00  0.9715E-01  0.0000E+00      -1   0.141E+00   20.00
  78  -154.0000      21.862 0.4060   0.4292E+00  0.0000E+00  0.9715E-01  0.0000E+00      -1   0.141E+00   20.00
  79  -156.0000      24.315 0.4060   0.4292E+00  0.0000E+00  0.9716E-01  0.0000E+00      -1   0.141E+00   20.00
  80  -158.0000      26.767 0.4060   0.4292E+00  0.0000E+00  0.9715E-01  0.0000E+00      -1   0.141E+00   20.00
  81  -160.0000      29.220 0.4060   0.4292E+00  0.0000E+00  0.9715E-01  0.0000E+00      -1   0.141E+00   20.00
  82  -162.0000      31.673 0.4060   0.4292E+00  0.0000E+00  0.9715E-01  0.0000E+00      -1   0.141E+00   20.00
  83  -164.0000      34.125 0.4060   0.4292E+00  0.0000E+00  0.9715E-01  0.0000E+00      -1   0.141E+00   20.00
  84  -166.0000      36.578 0.4060   0.4292E+00  0.0000E+00  0.9715E-01  0.0000E+00      -1   0.141E+00   20.00
  85  -168.0000      39.031 0.4060   0.4292E+00  0.0000E+00  0.9714E-01  0.0000E+00      -1   0.141E+00   20.00
  86  -170.0000      41.484 0.4060   0.4292E+00  0.0000E+00  0.9715E-01  0.0000E+00      -1   0.141E+00   20.00
  87  -172.0000      43.937 0.4060   0.4292E+00  0.0000E+00  0.9716E-01  0.0000E+00      -1   0.141E+00   20.00
  88  -174.0000      46.389 0.4060   0.4292E+00  0.0000E+00  0.9715E-01  0.0000E+00      -1   0.141E+00   20.00
  89  -176.0000      48.842 0.4060   0.4292E+00  0.0000E+00  0.9715E-01  0.0000E+00      -1   0.141E+00   20.00
  90  -178.0000      51.295 0.4060   0.4292E+00  0.0000E+00  0.9715E-01  0.0000E+00      -1   0.141E+00   20.00
  91  -180.0000      53.748 0.4060   0.4292E+00  0.0000E+00  0.9714E-01  0.0000E+00      -1   0.141E+00   20.00
  92  -182.0000      56.200 0.4060   0.4292E+00  0.0000E+00  0.9715E-01  0.0000E+00      -1   0.141E+00   20.00
  93  -184.0000      58.653 0.4060   0.4292E+00  0.0000E+00  0.9716E-01  0.0000E+00      -1   0.141E+00   20.00
  94  -186.0000      61.106 0.4060   0.4292E+00  0.0000E+00  0.9715E-01  0.0000E+00      -1   0.141E+00   20.00
  95  -188.0000      63.558 0.4060   0.4292E+00  0.0000E+00  0.9715E-01  0.0000E+00      -1   0.141E+00   20.00
  96  -190.0000      66.011 0.4060   0.4292E+00  0.0000E+00  0.9715E-01  0.0000E+00      -1   0.141E+00   20.00
  97  -192.0000      68.464 0.4060   0.4292E+00  0.0000E+00  0.9714E-01  0.0000E+00      -1   0.141E+00   20.00
  98  -194.0000      70.917 0.4060   0.4292E+00  0.0000E+00  0.9715E-01  0.0000E+00      -1   0.141E+00   20.00
  99  -196.0000      73.369 0.4060   0.4292E+00  0.0000E+00  0.9716E-01  0.0000E+00      -1   0.141E+00   20.00
 100  -198.0000      75.822 0.4060   0.4292E+00  0.0000E+00  0.9715E-01  0.0000E+00      -1   0.141E+00   20.00
 101  -200.0000      78.275 0.4060   0.4292E+00  0.0000E+00  0.9714E-01  0.0000E+00      -1   0.141E+00   20.00
end


 Time:      521.0000


 Node      Depth      Head Moisture       K          C         Flux        Sink         Kappa   v/KsTop   Temp
           [L]        [L]    [-]        [L/T]      [1/L]      [L/T]        [1/T]         [-]      [-]      [C]

   1     0.0000     -37.815 0.4437   0.5725E-01  0.6533E-03  0.3814E-02  0.0000E+00      -1   0.555E-02   20.00
   2    -2.0000     -36.025 0.4449   0.6063E-01  0.6537E-03 -0.1605E-01  0.0000E+00      -1  -0.234E-01   20.00
   3    -4.0000     -34.864 0.4457   0.6298E-01  0.6537E-03 -0.3553E-01  0.0000E+00      -1  -0.517E-01   20.00
   4    -6.0000     -34.283 0.4461   0.6418E-01  0.6538E-03 -0.5419E-01  0.0000E+00      -1  -0.788E-01   20.00
   5    -8.0000     -34.253 0.4461   0.6428E-01  0.6538E-03 -0.7165E-01  0.0000E+00      -1  -0.104E+00   20.00
   6   -10.0000     -34.761 0.4458   0.6332E-01  0.6537E-03 -0.8753E-01  0.0000E+00      -1  -0.127E+00   20.00
   7   -12.0000     -35.812 0.4451   0.6129E-01  0.6537E-03 -0.1015E+00  0.0000E+00      -1  -0.148E+00   20.00
   8   -14.0000     -37.425 0.4441   0.5815E-01  0.6537E-03 -0.1131E+00  0.0000E+00      -1  -0.165E+00   20.00
   9   -16.0000     -39.606 0.4427   0.5507E-01  0.6515E-03 -0.1221E+00  0.0000E+00      -1  -0.178E+00   20.00
  10   -18.0000     -42.338 0.4409   0.5134E-01  0.6484E-03 -0.1280E+00  0.0000E+00      -1  -0.186E+00   20.00
  11   -20.0000     -45.036 0.3459   0.5943E-01  0.6491E-03 -0.1306E+00  0.0000E+00      -1  -0.190E+00   20.00
  12   -22.0000     -47.597 0.3443   0.5561E-01  0.6610E-03 -0.1303E+00  0.0000E+00      -1  -0.189E+00   20.00
  13   -24.0000     -50.383 0.3424   0.5251E-01  0.6677E-03 -0.1271E+00  0.0000E+00      -1  -0.185E+00   20.00
  14   -26.0000     -53.291 0.3404   0.4928E-01  0.6747E-03 -0.1215E+00  0.0000E+00      -1  -0.177E+00   20.00
  15   -28.0000     -56.251 0.3384   0.4598E-01  0.6817E-03 -0.1138E+00  0.0000E+00      -1  -0.166E+00   20.00
  16   -30.0000     -59.190 0.3364   0.4269E-01  0.6888E-03 -0.1045E+00  0.0000E+00      -1  -0.152E+00   20.00
  17   -32.0000     -61.987 0.3344   0.4022E-01  0.6916E-03 -0.9408E-01  0.0000E+00      -1  -0.137E+00   20.00
  18   -34.0000     -64.509 0.3327   0.3825E-01  0.6924E-03 -0.8337E-01  0.0000E+00      -1  -0.121E+00   20.00
  19   -36.0000     -66.681 0.3312   0.3656E-01  0.6932E-03 -0.7289E-01  0.0000E+00      -1  -0.106E+00   20.00
  20   -38.0000     -68.460 0.3299   0.3517E-01  0.6938E-03 -0.6298E-01  0.0000E+00      -1  -0.916E-01   20.00
  21   -40.0000     -69.820 0.3290   0.3411E-01  0.6943E-03 -0.5388E-01  0.0000E+00      -1  -0.784E-01   20.00
  22   -42.0000     -70.758 0.3283   0.3338E-01  0.6947E-03 -0.4574E-01  0.0000E+00      -1  -0.665E-01   20.00
  23   -44.0000     -71.285 0.3279   0.3297E-01  0.6949E-03 -0.3861E-01  0.0000E+00      -1  -0.562E-01   20.00
  24   -46.0000     -71.430 0.3278   0.3285E-01  0.6949E-03 -0.3250E-01  0.0000E+00      -1  -0.473E-01   20.00
  25   -48.0000     -71.234 0.3280   0.3300E-01  0.6948E-03 -0.2734E-01  0.0000E+00      -1  -0.398E-01   20.00
  26   -50.0000     -70.740 0.3283   0.3339E-01  0.6947E-03 -0.2306E-01  0.0000E+00      -1  -0.335E-01   20.00
  27   -52.0000     -69.995 0.3288   0.3396E-01  0.6944E-03 -0.1956E-01  0.0000E+00      -1  -0.284E-01   20.00
  28   -54.0000     -69.042 0.3295   0.3470E-01  0.6941E-03 -0.1673E-01  0.0000E+00      -1  -0.243E-01   20.00
  29   -56.0000     -67.923 0.3303   0.3557E-01  0.6937E-03 -0.1448E-01  0.0000E+00      -1  -0.211E-01   20.00
  30   -58.0000     -66.672 0.3312   0.3653E-01  0.6932E-03 -0.1275E-01  0.0000E+00      -1  -0.186E-01   20.00
  31   -60.0000     -65.244 0.3336   0.4740E-01  0.1470E-02 -0.1082E-01  0.0000E+00      -1  -0.157E-01   20.00
  32   -62.0000     -63.641 0.3359   0.4981E-01  0.1481E-02 -0.8725E-02  0.0000E+00      -1  -0.127E-01   20.00
  33   -64.0000     -61.947 0.3384   0.5235E-01  0.1492E-02 -0.7099E-02  0.0000E+00      -1  -0.103E-01   20.00
  34   -66.0000     -60.185 0.3410   0.5499E-01  0.1504E-02 -0.5842E-02  0.0000E+00      -1  -0.850E-02   20.00
  35   -68.0000     -58.370 0.3437   0.5936E-01  0.1505E-02 -0.4858E-02  0.0000E+00      -1  -0.707E-02   20.00
  36   -70.0000     -56.513 0.3465   0.6408E-01  0.1504E-02 -0.4085E-02  0.0000E+00      -1  -0.594E-02   20.00
  37   -72.0000     -54.626 0.3494   0.6889E-01  0.1504E-02 -0.3490E-02  0.0000E+00      -1  -0.508E-02   20.00
  38   -74.0000     -52.717 0.3523   0.7374E-01  0.1503E-02 -0.3037E-02  0.0000E+00      -1  -0.442E-02   20.00
  39   -76.0000     -50.791 0.3552   0.7864E-01  0.1502E-02 -0.2698E-02  0.0000E+00      -1  -0.393E-02   20.00
  40   -78.0000     -48.854 0.3581   0.8357E-01  0.1502E-02 -0.2453E-02  0.0000E+00      -1  -0.357E-02   20.00
  41   -80.0000     -46.909 0.3610   0.8928E-01  0.1496E-02 -0.2289E-02  0.0000E+00      -1  -0.333E-02   20.00
  42   -82.0000     -44.957 0.3639   0.9673E-01  0.1477E-02 -0.2191E-02  0.0000E+00      -1  -0.319E-02   20.00
  43   -84.0000     -43.000 0.3667   0.1042E+00  0.1458E-02 -0.2148E-02  0.0000E+00      -1  -0.312E-02   20.00
  44   -86.0000     -41.039 0.3696   0.1117E+00  0.1439E-02 -0.2152E-02  0.0000E+00      -1  -0.313E-02   20.00
  45   -88.0000     -39.077 0.3725   0.1192E+00  0.1420E-02 -0.2197E-02  0.0000E+00      -1  -0.320E-02   20.00
  46   -90.0000     -37.113 0.3753   0.1274E+00  0.1396E-02 -0.2274E-02  0.0000E+00      -1  -0.331E-02   20.00
  47   -92.0000     -35.148 0.3779   0.1375E+00  0.1357E-02 -0.2378E-02  0.0000E+00      -1  -0.346E-02   20.00
  48   -94.0000     -33.182 0.3805   0.1477E+00  0.1318E-02 -0.2508E-02  0.0000E+00      -1  -0.365E-02   20.00
  49   -96.0000     -31.216 0.3831   0.1578E+00  0.1280E-02 -0.2660E-02  0.0000E+00      -1  -0.387E-02   20.00
  50   -98.0000     -29.249 0.3857   0.1687E+00  0.1236E-02 -0.2822E-02  0.0000E+00      -1  -0.410E-02   20.00
  51  -100.0000     -27.283 0.3880   0.1814E+00  0.1180E-02 -0.2988E-02  0.0000E+00      -1  -0.435E-02   20.00
  52  -102.0000     -25.315 0.3903   0.1940E+00  0.1123E-02 -0.3166E-02  0.0000E+00      -1  -0.460E-02   20.00
  53  -104.0000     -23.348 0.3925   0.2070E+00  0.1065E-02 -0.3340E-02  0.0000E+00      -1  -0.486E-02   20.00
  54  -106.0000     -21.380 0.3945   0.2218E+00  0.9948E-03 -0.3506E-02  0.0000E+00      -1  -0.510E-02   20.00
  55  -108.0000     -19.411 0.3964   0.2366E+00  0.9245E-03 -0.3677E-02  0.0000E+00      -1  -0.535E-02   20.00
  56  -110.0000     -17.442 0.3981   0.2526E+00  0.8472E-03 -0.3836E-02  0.0000E+00      -1  -0.558E-02   20.00
  57  -112.0000     -15.472 0.3998   0.2693E+00  0.7662E-03 -0.3982E-02  0.0000E+00      -1  -0.579E-02   20.00
  58  -114.0000     -13.501 0.4012   0.2869E+00  0.6801E-03 -0.4113E-02  0.0000E+00      -1  -0.598E-02   20.00
  59  -116.0000     -11.529 0.4025   0.3051E+00  0.5909E-03 -0.4219E-02  0.0000E+00      -1  -0.614E-02   20.00
  60  -118.0000      -9.556 0.4036   0.3243E+00  0.4971E-03 -0.4312E-02  0.0000E+00      -1  -0.627E-02   20.00
  61  -120.0000      -7.582 0.4044   0.3443E+00  0.4000E-03 -0.4395E-02  0.0000E+00      -1  -0.639E-02   20.00
  62  -122.0000      -5.607 0.4051   0.3651E+00  0.2998E-03 -0.4454E-02  0.0000E+00      -1  -0.648E-02   20.00
  63  -124.0000      -3.631 0.4056   0.3867E+00  0.1970E-03 -0.4490E-02  0.0000E+00      -1  -0.653E-02   20.00
  64  -126.0000      -1.654 0.4059   0.4093E+00  0.9157E-04 -0.4511E-02  0.0000E+00      -1  -0.656E-02   20.00
  65  -128.0000       0.325 0.4060   0.4292E+00  0.0000E+00 -0.4518E-02  0.0000E+00      -1  -0.657E-02   20.00
  66  -130.0000       2.304 0.4060   0.4292E+00  0.0000E+00 -0.4518E-02  0.0000E+00      -1  -0.657E-02   20.00
  67  -132.0000       4.283 0.4060   0.4292E+00  0.0000E+00 -0.4518E-02  0.0000E+00      -1  -0.657E-02   20.00
  68  -134.0000       6.262 0.4060   0.4292E+00  0.0000E+00 -0.4518E-02  0.0000E+00      -1  -0.657E-02   20.00
  69  -136.0000       8.240 0.4060   0.4292E+00  0.0000E+00 -0.4518E-02  0.0000E+00      -1  -0.657E-02   20.00
  70  -138.0000      10.219 0.4060   0.4292E+00  0.0000E+00 -0.4518E-02  0.0000E+00      -1  -0.657E-02   20.00
  71  -140.0000      12.198 0.4060   0.4292E+00  0.0000E+00 -0.4518E-02  0.0000E+00      -1  -0.657E-02   20.00
  72  -142.0000      14.177 0.4060   0.4292E+00  0.0000E+00 -0.4518E-02  0.0000E+00      -1  -0.657E-02   20.00
  73  -144.0000      16.156 0.4060   0.4292E+00  0.0000E+00 -0.4518E-02  0.0000E+00      -1  -0.657E-02   20.00
  74  -146.0000      18.135 0.4060   0.4292E+00  0.0000E+00 -0.4518E-02  0.0000E+00      -1  -0.657E-02   20.00
  75  -148.0000      20.114 0.4060   0.4292E+00  0.0000E+00 -0.4518E-02  0.0000E+00      -1  -0.657E-02   20.00
  76  -150.0000      22.093 0.4060   0.4292E+00  0.0000E+00 -0.4518E-02  0.0000E+00      -1  -0.657E-02   20.00
  77  -152.0000      24.072 0.4060   0.4292E+00  0.0000E+00 -0.4518E-02  0.0000E+00      -1  -0.657E-02   20.00
  78  -154.0000      26.051 0.4060   0.4292E+00  0.0000E+00 -0.4518E-02  0.0000E+00      -1  -0.657E-02   20.00
  79  -156.0000      28.030 0.4060   0.4292E+00  0.0000E+00 -0.4518E-02  0.0000E+00      -1  -0.657E-02   20.00
  80  -158.0000      30.009 0.4060   0.4292E+00  0.0000E+00 -0.4518E-02  0.0000E+00      -1  -0.657E-02   20.00
  81  -160.0000      31.988 0.4060   0.4292E+00  0.0000E+00 -0.4518E-02  0.0000E+00      -1  -0.657E-02   20.00
  82  -162.0000      33.967 0.4060   0.4292E+00  0.0000E+00 -0.4518E-02  0.0000E+00      -1  -0.657E-02   20.00
  83  -164.0000      35.946 0.4060   0.4292E+00  0.0000E+00 -0.4518E-02  0.0000E+00      -1  -0.657E-02   20.00
  84  -166.0000      37.925 0.4060   0.4292E+00  0.0000E+00 -0.4518E-02  0.0000E+00      -1  -0.657E-02   20.00
  85  -168.0000      39.904 0.4060   0.4292E+00  0.0000E+00 -0.4518E-02  0.0000E+00      -1  -0.657E-02   20.00
  86  -170.0000      41.883 0.4060   0.4292E+00  0.0000E+00 -0.4518E-02  0.0000E+00      -1  -0.657E-02   20.00
  87  -172.0000      43.861 0.4060   0.4292E+00  0.0000E+00 -0.4518E-02  0.0000E+00      -1  -0.657E-02   20.00
  88  -174.0000      45.840 0.4060   0.4292E+00  0.0000E+00 -0.4518E-02  0.0000E+00      -1  -0.657E-02   20.00
  89  -176.0000      47.819 0.4060   0.4292E+00  0.0000E+00 -0.4518E-02  0.0000E+00      -1  -0.657E-02   20.00
  90  -178.0000      49.798 0.4060   0.4292E+00  0.0000E+00 -0.4518E-02  0.0000E+00      -1  -0.657E-02   20.00
  91  -180.0000      51.777 0.4060   0.4292E+00  0.0000E+00 -0.4518E-02  0.0000E+00      -1  -0.657E-02   20.00
  92  -182.0000      53.756 0.4060   0.4292E+00  0.0000E+00 -0.4518E-02  0.0000E+00      -1  -0.657E-02   20.00
  93  -184.0000      55.735 0.4060   0.4292E+00  0.0000E+00 -0.4518E-02  0.0000E+00      -1  -0.657E-02   20.00
  94  -186.0000      57.714 0.4060   0.4292E+00  0.0000E+00 -0.4518E-02  0.0000E+00      -1  -0.657E-02   20.00
  95  -188.0000      59.693 0.4060   0.4292E+00  0.0000E+00 -0.4518E-02  0.0000E+00      -1  -0.657E-02   20.00
  96  -190.0000      61.672 0.4060   0.4292E+00  0.0000E+00 -0.4518E-02  0.0000E+00      -1  -0.657E-02   20.00
  97  -192.0000      63.651 0.4060   0.4292E+00  0.0000E+00 -0.4519E-02  0.0000E+00      -1  -0.657E-02   20.00
  98  -194.0000      65.630 0.4060   0.4292E+00  0.0000E+00 -0.4519E-02  0.0000E+00      -1  -0.657E-02   20.00
  99  -196.0000      67.609 0.4060   0.4292E+00  0.0000E+00 -0.4519E-02  0.0000E+00      -1  -0.657E-02   20.00
 100  -198.0000      69.588 0.4060   0.4292E+00  0.0000E+00 -0.4518E-02  0.0000E+00      -1  -0.657E-02   20.00
 101  -200.0000      71.567 0.4060   0.4292E+00  0.0000E+00 -0.4517E-02  0.0000E+00      -1  -0.657E-02   20.00
end


 Time:      744.0000


 Node      Depth      Head Moisture       K          C         Flux        Sink         Kappa   v/KsTop   Temp
           [L]        [L]    [-]        [L/T]      [1/L]      [L/T]        [1/T]         [-]      [-]      [C]

   1     0.0000    -142.787 0.3866   0.8002E-02  0.4341E-03  0.8149E-09  0.0000E+00      -1   0.119E-08   20.00
   2    -2.0000    -140.382 0.3877   0.8292E-02  0.4388E-03  0.3261E-02  0.0000E+00      -1   0.474E-02   20.00
   3    -4.0000    -137.233 0.3891   0.8671E-02  0.4450E-03  0.6375E-02  0.0000E+00      -1   0.927E-02   20.00
   4    -6.0000    -133.463 0.3908   0.9124E-02  0.4523E-03  0.9203E-02  0.0000E+00      -1   0.134E-01   20.00
   5    -8.0000    -129.217 0.3927   0.9635E-02  0.4606E-03  0.1166E-01  0.0000E+00      -1   0.170E-01   20.00
   6   -10.0000    -124.638 0.3947   0.1019E-01  0.4695E-03  0.1369E-01  0.0000E+00      -1   0.199E-01   20.00
   7   -12.0000    -119.856 0.3969   0.1082E-01  0.4790E-03  0.1535E-01  0.0000E+00      -1   0.223E-01   20.00
   8   -14.0000    -115.016 0.3993   0.1186E-01  0.4900E-03  0.1670E-01  0.0000E+00      -1   0.243E-01   20.00
   9   -16.0000    -110.221 0.4017   0.1289E-01  0.5009E-03  0.1771E-01  0.0000E+00      -1   0.258E-01   20.00
  10   -18.0000    -105.513 0.4041   0.1390E-01  0.5116E-03  0.1841E-01  0.0000E+00      -1   0.268E-01   20.00
  11   -20.0000    -101.171 0.3076   0.1801E-01  0.6601E-03  0.1890E-01  0.0000E+00      -1   0.275E-01   20.00
  12   -22.0000     -97.117 0.3102   0.1922E-01  0.6688E-03  0.1924E-01  0.0000E+00      -1   0.280E-01   20.00
  13   -24.0000     -93.184 0.3129   0.2084E-01  0.6752E-03  0.1941E-01  0.0000E+00      -1   0.282E-01   20.00
  14   -26.0000     -89.398 0.3155   0.2273E-01  0.6798E-03  0.1944E-01  0.0000E+00      -1   0.283E-01   20.00
  15   -28.0000     -85.754 0.3180   0.2455E-01  0.6842E-03  0.1938E-01  0.0000E+00      -1   0.282E-01   20.00
  16   -30.0000     -82.234 0.3204   0.2631E-01  0.6884E-03  0.1925E-01  0.0000E+00      -1   0.280E-01   20.00
  17   -32.0000     -78.823 0.3227   0.2801E-01  0.6925E-03  0.1907E-01  0.0000E+00      -1   0.277E-01   20.00
  18   -34.0000     -75.508 0.3250   0.2970E-01  0.6963E-03  0.1885E-01  0.0000E+00      -1   0.274E-01   20.00
  19   -36.0000     -72.297 0.3272   0.3219E-01  0.6952E-03  0.1862E-01  0.0000E+00      -1   0.271E-01   20.00
  20   -38.0000     -69.189 0.3294   0.3459E-01  0.6941E-03  0.1838E-01  0.0000E+00      -1   0.267E-01   20.00
  21   -40.0000     -66.168 0.3315   0.3692E-01  0.6931E-03  0.1814E-01  0.0000E+00      -1   0.264E-01   20.00
  22   -42.0000     -63.221 0.3336   0.3920E-01  0.6920E-03  0.1790E-01  0.0000E+00      -1   0.260E-01   20.00
  23   -44.0000     -60.339 0.3356   0.4143E-01  0.6910E-03  0.1766E-01  0.0000E+00      -1   0.257E-01   20.00
  24   -46.0000     -57.522 0.3375   0.4443E-01  0.6851E-03  0.1744E-01  0.0000E+00      -1   0.254E-01   20.00
  25   -48.0000     -54.767 0.3393   0.4749E-01  0.6785E-03  0.1723E-01  0.0000E+00      -1   0.251E-01   20.00
  26   -50.0000     -52.068 0.3412   0.5049E-01  0.6721E-03  0.1703E-01  0.0000E+00      -1   0.248E-01   20.00
  27   -52.0000     -49.416 0.3430   0.5344E-01  0.6657E-03  0.1684E-01  0.0000E+00      -1   0.245E-01   20.00
  28   -54.0000     -46.808 0.3447   0.5662E-01  0.6579E-03  0.1667E-01  0.0000E+00      -1   0.243E-01   20.00
  29   -56.0000     -44.241 0.3464   0.6049E-01  0.6458E-03  0.1652E-01  0.0000E+00      -1   0.240E-01   20.00
  30   -58.0000     -41.714 0.3480   0.6430E-01  0.6340E-03  0.1637E-01  0.0000E+00      -1   0.238E-01   20.00
  31   -60.0000     -39.356 0.3721   0.1181E+00  0.1423E-02  0.1615E-01  0.0000E+00      -1   0.235E-01   20.00
  32   -62.0000     -37.096 0.3753   0.1275E+00  0.1395E-02  0.1585E-01  0.0000E+00      -1   0.231E-01   20.00
  33   -64.0000     -34.860 0.3783   0.1390E+00  0.1351E-02  0.1558E-01  0.0000E+00      -1   0.227E-01   20.00
  34   -66.0000     -32.646 0.3812   0.1505E+00  0.1308E-02  0.1532E-01  0.0000E+00      -1   0.223E-01   20.00
  35   -68.0000     -30.452 0.3842   0.1618E+00  0.1265E-02  0.1506E-01  0.0000E+00      -1   0.219E-01   20.00
  36   -70.0000     -28.274 0.3868   0.1750E+00  0.1208E-02  0.1483E-01  0.0000E+00      -1   0.216E-01   20.00
  37   -72.0000     -26.113 0.3893   0.1889E+00  0.1146E-02  0.1460E-01  0.0000E+00      -1   0.212E-01   20.00
  38   -74.0000     -23.965 0.3919   0.2027E+00  0.1085E-02  0.1438E-01  0.0000E+00      -1   0.209E-01   20.00
  39   -76.0000     -21.829 0.3940   0.2185E+00  0.1011E-02  0.1418E-01  0.0000E+00      -1   0.206E-01   20.00
  40   -78.0000     -19.705 0.3961   0.2345E+00  0.9347E-03  0.1399E-01  0.0000E+00      -1   0.203E-01   20.00
  41   -80.0000     -17.590 0.3980   0.2515E+00  0.8529E-03  0.1382E-01  0.0000E+00      -1   0.201E-01   20.00
  42   -82.0000     -15.485 0.3998   0.2692E+00  0.7664E-03  0.1365E-01  0.0000E+00      -1   0.199E-01   20.00
  43   -84.0000     -13.387 0.4013   0.2880E+00  0.6746E-03  0.1351E-01  0.0000E+00      -1   0.196E-01   20.00
  44   -86.0000     -11.297 0.4026   0.3075E+00  0.5794E-03  0.1338E-01  0.0000E+00      -1   0.195E-01   20.00
  45   -88.0000      -9.213 0.4037   0.3278E+00  0.4801E-03  0.1328E-01  0.0000E+00      -1   0.193E-01   20.00
  46   -90.0000      -7.135 0.4046   0.3491E+00  0.3770E-03  0.1319E-01  0.0000E+00      -1   0.192E-01   20.00
  47   -92.0000      -5.062 0.4053   0.3711E+00  0.2711E-03  0.1313E-01  0.0000E+00      -1   0.191E-01   20.00
  48   -94.0000      -2.994 0.4058   0.3940E+00  0.1627E-03  0.1308E-01  0.0000E+00      -1   0.190E-01   20.00
  49   -96.0000      -0.929 0.4060   0.4179E+00  0.5151E-04  0.1305E-01  0.0000E+00      -1   0.190E-01   20.00
  50   -98.0000       1.132 0.4060   0.4292E+00  0.0000E+00  0.1305E-01  0.0000E+00      -1   0.190E-01   20.00
  51  -100.0000       3.193 0.4060   0.4292E+00  0.0000E+00  0.1305E-01  0.0000E+00      -1   0.190E-01   20.00
  52  -102.0000       5.254 0.4060   0.4292E+00  0.0000E+00  0.1305E-01  0.0000E+00      -1   0.190E-01   20.00
  53  -104.0000       7.315 0.4060   0.4292E+00  0.0000E+00  0.1305E-01  0.0000E+00      -1   0.190E-01   20.00
  54  -106.0000       9.376 0.4060   0.4292E+00  0.0000E+00  0.1305E-01  0.0000E+00      -1   0.190E-01   20.00
  55  -108.0000      11.436 0.4060   0.4292E+00  0.0000E+00  0.1305E-01  0.0000E+00      -1   0.190E-01   20.00
  56  -110.0000      13.497 0.4060   0.4292E+00  0.0000E+00  0.1305E-01  0.0000E+00      -1   0.190E-01   20.00
  57  -112.0000      15.558 0.4060   0.4292E+00  0.0000E+00  0.1305E-01  0.0000E+00      -1   0.190E-01   20.00
  58  -114.0000      17.619 0.4060   0.4292E+00  0.0000E+00  0.1305E-01  0.0000E+00      -1   0.190E-01   20.00
  59  -116.0000      19.680 0.4060   0.4292E+00  0.0000E+00  0.1305E-01  0.0000E+00      -1   0.190E-01   20.00
  60  -118.0000      21.740 0.4060   0.4292E+00  0.0000E+00  0.1305E-01  0.0000E+00      -1   0.190E-01   20.00
  61  -120.0000      23.801 0.4060   0.4292E+00  0.0000E+00  0.1305E-01  0.0000E+00      -1   0.190E-01   20.00
  62  -122.0000      25.862 0.4060   0.4292E+00  0.0000E+00  0.1305E-01  0.0000E+00      -1   0.190E-01   20.00
  63  -124.0000      27.923 0.4060   0.4292E+00  0.0000E+00  0.1305E-01  0.0000E+00      -1   0.190E-01   20.00
  64  -126.0000      29.984 0.4060   0.4292E+00  0.0000E+00  0.1305E-01  0.0000E+00      -1   0.190E-01   20.00
  65  -128.0000      32.044 0.4060   0.4292E+00  0.0000E+00  0.1305E-01  0.0000E+00      -1   0.190E-01   20.00
  66  -130.0000      34.105 0.4060   0.4292E+00  0.0000E+00  0.1305E-01  0.0000E+00      -1   0.190E-01   20.00
  67  -132.0000      36.166 0.4060   0.4292E+00  0.0000E+00  0.1305E-01  0.0000E+00      -1   0.190E-01   20.00
  68  -134.0000      38.227 0.4060   0.4292E+00  0.0000E+00  0.1305E-01  0.0000E+00      -1   0.190E-01   20.00
  69  -136.0000      40.288 0.4060   0.4292E+00  0.0000E+00  0.1305E-01  0.0000E+00      -1   0.190E-01   20.00
  70  -138.0000      42.348 0.4060   0.4292E+00  0.0000E+00  0.1305E-01  0.0000E+00      -1   0.190E-01   20.00
  71  -140.0000      44.409 0.4060   0.4292E+00  0.0000E+00  0.1305E-01  0.0000E+00      -1   0.190E-01   20.00
  72  -142.0000      46.470 0.4060   0.4292E+00  0.0000E+00  0.1305E-01  0.0000E+00      -1   0.190E-01   20.00
  73  -144.0000      48.531 0.4060   0.4292E+00  0.0000E+00  0.1305E-01  0.0000E+00      -1   0.190E-01   20.00
  74  -146.0000      50.591 0.4060   0.4292E+00  0.0000E+00  0.1305E-01  0.0000E+00      -1   0.190E-01   20.00
  75  -148.0000      52.652 0.4060   0.4292E+00  0.0000E+00  0.1305E-01  0.0000E+00      -1   0.190E-01   20.00
  76  -150.0000      54.713 0.4060   0.4292E+00  0.0000E+00  0.1305E-01  0.0000E+00      -1   0.190E-01   20.00
  77  -152.0000      56.774 0.4060   0.4292E+00  0.0000E+00  0.1305E-01  0.0000E+00      -1   0.190E-01   20.00
  78  -154.0000      58.835 0.4060   0.4292E+00  0.0000E+00  0.1305E-01  0.0000E+00      -1   0.190E-01   20.00
  79  -156.0000      60.895 0.4060   0.4292E+00  0.0000E+00  0.1305E-01  0.0000E+00      -1   0.190E-01   20.00
  80  -158.0000      62.956 0.4060   0.4292E+00  0.0000E+00  0.1305E-01  0.0000E+00      -1   0.190E-01   20.00
  81  -160.0000      65.017 0.4060   0.4292E+00  0.0000E+00  0.1305E-01  0.0000E+00      -1   0.190E-01   20.00
  82  -162.0000      67.078 0.4060   0.4292E+00  0.0000E+00  0.1305E-01  0.0000E+00      -1   0.190E-01   20.00
  83  -164.0000      69.139 0.4060   0.4292E+00  0.0000E+00  0.1305E-01  0.0000E+00      -1   0.190E-01   20.00
  84  -166.0000      71.199 0.4060   0.4292E+00  0.0000E+00  0.1305E-01  0.0000E+00      -1   0.190E-01   20.00
  85  -168.0000      73.260 0.4060   0.4292E+00  0.0000E+00  0.1305E-01  0.0000E+00      -1   0.190E-01   20.00
  86  -170.0000      75.321 0.4060   0.4292E+00  0.0000E+00  0.1305E-01  0.0000E+00      -1   0.190E-01   20.00
  87  -172.0000      77.382 0.4060   0.4292E+00  0.0000E+00  0.1305E-01  0.0000E+00      -1   0.190E-01   20.00
  88  -174.0000      79.443 0.4060   0.4292E+00  0.0000E+00  0.1305E-01  0.0000E+00      -1   0.190E-01   20.00
  89  -176.0000      81.503 0.4060   0.4292E+00  0.0000E+00  0.1305E-01  0.0000E+00      -1   0.190E-01   20.00
  90  -178.0000      83.564 0.4060   0.4292E+00  0.0000E+00  0.1305E-01  0.0000E+00      -1   0.190E-01   20.00
  91  -180.0000      85.625 0.4060   0.4292E+00  0.0000E+00  0.1305E-01  0.0000E+00      -1   0.190E-01   20.00
  92  -182.0000      87.686 0.4060   0.4292E+00  0.0000E+00  0.1305E-01  0.0000E+00      -1   0.190E-01   20.00
  93  -184.0000      89.747 0.4060   0.4292E+00  0.0000E+00  0.1304E-01  0.0000E+00      -1   0.190E-01   20.00
  94  -186.0000      91.807 0.4060   0.4292E+00  0.0000E+00  0.1305E-01  0.0000E+00      -1   0.190E-01   20.00
  95  -188.0000      93.868 0.4060   0.4292E+00  0.0000E+00  0.1305E-01  0.0000E+00      -1   0.190E-01   20.00
  96  -190.0000      95.929 0.4060   0.4292E+00  0.0000E+00  0.1305E-01  0.0000E+00      -1   0.190E-01   20.00
  97  -192.0000      97.990 0.4060   0.4292E+00  0.0000E+00  0.1304E-01  0.0000E+00      -1   0.190E-01   20.00
  98  -194.0000     100.051 0.4060   0.4292E+00  0.0000E+00  0.1305E-01  0.0000E+00      -1   0.190E-01   20.00
  99  -196.0000     102.111 0.4060   0.4292E+00  0.0000E+00  0.1305E-01  0.0000E+00      -1   0.190E-01   20.00
 100  -198.0000     104.172 0.4060   0.4292E+00  0.0000E+00  0.1305E-01  0.0000E+00      -1   0.190E-01   20.00
 101  -200.0000     106.233 0.4060   0.4292E+00  0.0000E+00  0.1304E-01  0.0000E+00      -1   0.190E-01   20.00
end
