 ******* Program HYDRUS
 ******* 
 Welcome to HYDRUS-1D                                                    
 Date:  26.11.2025    Time:  15:11:27
 Units: L = cm   , T = hours, M = mmol 



                               Node(  6)                      Node( 21)                      Node( 41)

         time            h        theta    Flux           h        theta    Flux           h        theta    Flux  
          1.0000     -154.63  0.3815  0.143E-02       -117.83  0.2968  0.301E-02        -68.59  0.3287  0.101E-01
          2.0000     -154.43  0.3816  0.127E-02       -117.72  0.2969  0.304E-02        -68.20  0.3293  0.113E-01
          3.0000     -154.21  0.3817  0.115E-02       -117.62  0.2970  0.306E-02        -67.70  0.3300  0.129E-01
          4.0000     -153.99  0.3817  0.106E-02       -117.51  0.2970  0.308E-02        -67.12  0.3309  0.145E-01
          5.0000     -153.77  0.3818  0.997E-03       -117.39  0.2971  0.311E-02        -66.48  0.3318  0.160E-01
          6.0000     -153.55  0.3819  0.944E-03       -117.27  0.2972  0.314E-02        -65.82  0.3328  0.174E-01
          7.0000     -153.34  0.3820  0.901E-03       -117.14  0.2973  0.319E-02        -65.15  0.3337  0.185E-01
          8.0000     -153.37  0.3820  0.126E-02       -117.00  0.2974  0.324E-02        -64.49  0.3347  0.195E-01
          9.0000     -153.94  0.3818  0.236E-02       -116.85  0.2975  0.330E-02        -63.85  0.3356  0.204E-01
         10.0000     -155.13  0.3813  0.403E-02       -116.69  0.2976  0.339E-02        -63.23  0.3365  0.210E-01
         11.0000     -156.92  0.3806  0.599E-02       -116.51  0.2977  0.350E-02        -62.64  0.3374  0.214E-01
         12.0000     -159.18  0.3798  0.803E-02       -116.34  0.2978  0.363E-02        -62.09  0.3382  0.216E-01
         13.0000     -161.75  0.3788  0.991E-02       -116.16  0.2979  0.380E-02        -61.57  0.3390  0.217E-01
         14.0000     -164.47  0.3777  0.115E-01       -115.98  0.2980  0.402E-02        -61.08  0.3397  0.217E-01
         15.0000     -167.10  0.3767  0.127E-01       -115.81  0.2981  0.426E-02        -60.63  0.3403  0.217E-01
         16.0000     -169.52  0.3758  0.134E-01       -115.66  0.2982  0.455E-02        -60.20  0.3410  0.216E-01
         17.0000     -171.50  0.3750  0.135E-01       -115.51  0.2983  0.487E-02        -59.79  0.3416  0.215E-01
         18.0000     -172.87  0.3745  0.130E-01       -115.38  0.2984  0.521E-02        -59.40  0.3422  0.214E-01
         19.0000     -173.47  0.3742  0.120E-01       -115.27  0.2985  0.556E-02        -59.03  0.3427  0.213E-01
         20.0000     -173.38  0.3743  0.106E-01       -115.16  0.2986  0.592E-02        -58.67  0.3433  0.212E-01
         21.0000     -172.84  0.3745  0.921E-02       -115.06  0.2986  0.627E-02        -58.33  0.3438  0.211E-01
         22.0000     -172.05  0.3748  0.804E-02       -114.96  0.2987  0.660E-02        -58.00  0.3443  0.209E-01
         23.0000     -171.14  0.3752  0.708E-02       -114.85  0.2988  0.691E-02        -57.69  0.3448  0.207E-01
         24.0000     -170.20  0.3755  0.631E-02       -114.75  0.2988  0.719E-02        -57.39  0.3452  0.205E-01
         25.0000     -169.25  0.3759  0.568E-02       -114.63  0.2989  0.744E-02        -57.12  0.3456  0.203E-01
         26.0000     -168.33  0.3762  0.516E-02       -114.50  0.2990  0.767E-02        -56.86  0.3460  0.201E-01
         27.0000     -167.44  0.3766  0.473E-02       -114.35  0.2991  0.786E-02        -56.61  0.3464  0.199E-01
         28.0000     -166.58  0.3769  0.437E-02       -114.19  0.2992  0.803E-02        -56.37  0.3467  0.196E-01
         29.0000     -165.76  0.3772  0.406E-02       -114.02  0.2993  0.817E-02        -56.14  0.3471  0.194E-01
         30.0000     -164.96  0.3775  0.379E-02       -113.84  0.2994  0.829E-02        -55.93  0.3474  0.192E-01
         31.0000     -164.20  0.3778  0.357E-02       -113.64  0.2995  0.839E-02        -55.72  0.3477  0.191E-01
         32.0000     -163.70  0.3780  0.373E-02       -113.43  0.2997  0.848E-02        -55.52  0.3480  0.189E-01
         33.0000     -163.76  0.3780  0.459E-02       -113.21  0.2998  0.855E-02        -55.33  0.3483  0.187E-01
         34.0000     -164.49  0.3777  0.604E-02       -112.98  0.3000  0.861E-02        -55.15  0.3486  0.185E-01
         35.0000     -165.89  0.3772  0.787E-02       -112.75  0.3001  0.866E-02        -54.99  0.3488  0.182E-01
         36.0000     -167.86  0.3764  0.987E-02       -112.51  0.3003  0.873E-02        -54.85  0.3490  0.178E-01
         37.0000     -170.22  0.3755  0.118E-01       -112.29  0.3004  0.881E-02        -54.73  0.3492  0.174E-01
         38.0000     -172.76  0.3746  0.134E-01       -112.07  0.3006  0.890E-02        -54.62  0.3494  0.170E-01
         39.0000     -175.28  0.3736  0.146E-01       -111.87  0.3007  0.902E-02        -54.52  0.3495  0.167E-01
         40.0000     -177.61  0.3727  0.154E-01       -111.68  0.3008  0.917E-02        -54.43  0.3497  0.164E-01
         41.0000     -179.50  0.3720  0.155E-01       -111.52  0.3009  0.933E-02        -54.34  0.3498  0.161E-01
         42.0000     -180.78  0.3715  0.151E-01       -111.38  0.3010  0.951E-02        -54.25  0.3500  0.159E-01
         43.0000     -181.26  0.3713  0.141E-01       -111.27  0.3011  0.970E-02        -54.16  0.3501  0.157E-01
         44.0000     -180.99  0.3714  0.127E-01       -111.17  0.3011  0.989E-02        -54.08  0.3502  0.155E-01
         45.0000     -180.17  0.3717  0.113E-01       -111.09  0.3012  0.101E-01        -54.01  0.3503  0.153E-01
         46.0000     -179.04  0.3721  0.100E-01       -111.03  0.3012  0.103E-01        -53.93  0.3504  0.151E-01
         47.0000     -177.76  0.3726  0.895E-02       -110.96  0.3013  0.104E-01        -53.86  0.3505  0.149E-01
         48.0000     -176.43  0.3731  0.808E-02       -110.90  0.3013  0.105E-01        -53.79  0.3506  0.148E-01
         49.0000     -175.12  0.3736  0.737E-02       -110.84  0.3014  0.106E-01        -53.73  0.3507  0.146E-01
         50.0000     -173.84  0.3741  0.680E-02       -110.78  0.3014  0.107E-01        -53.67  0.3508  0.145E-01
         51.0000     -172.61  0.3746  0.631E-02       -110.71  0.3014  0.108E-01        -53.61  0.3509  0.143E-01
         52.0000     -171.43  0.3751  0.590E-02       -110.63  0.3015  0.108E-01        -53.56  0.3510  0.142E-01
         53.0000     -170.29  0.3755  0.554E-02       -110.54  0.3016  0.108E-01        -53.51  0.3511  0.141E-01
         54.0000     -169.19  0.3759  0.523E-02       -110.43  0.3016  0.108E-01        -53.47  0.3511  0.139E-01
         55.0000     -168.13  0.3763  0.495E-02       -110.32  0.3017  0.107E-01        -53.43  0.3512  0.138E-01
         56.0000     -167.37  0.3766  0.508E-02       -110.20  0.3018  0.107E-01        -53.38  0.3513  0.137E-01
         57.0000     -167.23  0.3767  0.596E-02       -110.07  0.3019  0.106E-01        -53.34  0.3513  0.136E-01
         58.0000     -167.85  0.3765  0.749E-02       -109.94  0.3019  0.106E-01        -53.31  0.3514  0.135E-01
         59.0000     -169.27  0.3759  0.951E-02       -109.80  0.3020  0.105E-01        -53.28  0.3514  0.133E-01
         60.0000     -171.34  0.3751  0.117E-01       -109.66  0.3021  0.105E-01        -53.26  0.3514  0.132E-01
         61.0000     -173.84  0.3741  0.137E-01       -109.53  0.3022  0.104E-01        -53.26  0.3514  0.129E-01
         62.0000     -176.63  0.3731  0.155E-01       -109.41  0.3023  0.104E-01        -53.25  0.3515  0.127E-01
         63.0000     -179.39  0.3720  0.168E-01       -109.30  0.3024  0.105E-01        -53.25  0.3515  0.125E-01
         64.0000     -181.93  0.3710  0.176E-01       -109.22  0.3024  0.105E-01        -53.25  0.3515  0.124E-01
         65.0000     -184.09  0.3702  0.179E-01       -109.16  0.3024  0.106E-01        -53.24  0.3515  0.123E-01
         66.0000     -185.56  0.3696  0.175E-01       -109.12  0.3025  0.107E-01        -53.23  0.3515  0.122E-01
         67.0000     -186.14  0.3694  0.164E-01       -109.11  0.3025  0.108E-01        -53.21  0.3515  0.122E-01
         68.0000     -185.86  0.3695  0.149E-01       -109.11  0.3025  0.110E-01        -53.19  0.3516  0.123E-01
         69.0000     -184.93  0.3699  0.133E-01       -109.13  0.3025  0.111E-01        -53.15  0.3516  0.124E-01
         70.0000     -183.64  0.3704  0.119E-01       -109.16  0.3024  0.112E-01        -53.11  0.3517  0.125E-01
         71.0000     -182.17  0.3709  0.106E-01       -109.19  0.3024  0.113E-01        -53.07  0.3517  0.126E-01
         72.0000     -180.59  0.3715  0.958E-02       -109.23  0.3024  0.114E-01        -53.01  0.3518  0.127E-01
         73.0000     -179.04  0.3721  0.875E-02       -109.26  0.3024  0.115E-01        -52.95  0.3519  0.129E-01
         74.0000     -177.22  0.3728  0.738E-02       -109.29  0.3024  0.115E-01        -52.89  0.3520  0.131E-01
         75.0000     -173.61  0.3742  0.271E-02       -109.31  0.3023  0.116E-01        -52.81  0.3521  0.134E-01
         76.0000     -168.69  0.3761 -0.229E-03       -109.31  0.3023  0.116E-01        -52.72  0.3523  0.137E-01
         77.0000     -165.92  0.3772  0.449E-03       -109.30  0.3024  0.115E-01        -52.61  0.3524  0.140E-01
         78.0000     -162.68  0.3784 -0.222E-02       -109.26  0.3024  0.115E-01        -52.50  0.3526  0.144E-01
         79.0000     -154.96  0.3814 -0.127E-01       -109.20  0.3024  0.113E-01        -52.37  0.3528  0.148E-01
         80.0000     -148.14  0.3842 -0.141E-01       -109.09  0.3025  0.112E-01        -52.22  0.3530  0.153E-01
         81.0000     -133.31  0.3908 -0.484E-01       -108.95  0.3026  0.109E-01        -52.06  0.3533  0.157E-01
         82.0000     -121.05  0.3963 -0.417E-01       -108.73  0.3027  0.106E-01        -51.91  0.3535  0.160E-01
         83.0000     -121.91  0.3959 -0.241E-01       -108.40  0.3029  0.100E-01        -51.76  0.3537  0.161E-01
         84.0000     -124.84  0.3946 -0.131E-01       -107.93  0.3032  0.919E-02        -51.62  0.3539  0.163E-01
         85.0000     -128.07  0.3932 -0.682E-02       -107.31  0.3036  0.832E-02        -51.49  0.3541  0.162E-01
         86.0000     -131.08  0.3918 -0.233E-02       -106.65  0.3041  0.753E-02        -51.39  0.3543  0.160E-01
         87.0000     -133.81  0.3906  0.695E-03       -105.97  0.3045  0.687E-02        -51.31  0.3544  0.157E-01
         88.0000     -136.13  0.3896  0.268E-02       -105.31  0.3049  0.636E-02        -51.25  0.3545  0.152E-01
         89.0000     -137.99  0.3887  0.381E-02       -104.69  0.3053  0.601E-02        -51.20  0.3546  0.148E-01
         90.0000     -139.32  0.3881  0.416E-02       -104.12  0.3057  0.580E-02        -51.16  0.3546  0.143E-01
         91.0000     -140.05  0.3878  0.384E-02       -103.61  0.3060  0.568E-02        -51.13  0.3547  0.138E-01
         92.0000     -140.31  0.3877  0.322E-02       -103.15  0.3063  0.563E-02        -51.09  0.3547  0.134E-01
         93.0000     -140.30  0.3877  0.267E-02       -102.74  0.3066  0.563E-02        -51.06  0.3548  0.130E-01
         94.0000     -138.82  0.3884 -0.188E-02       -102.36  0.3068  0.565E-02        -51.04  0.3548  0.126E-01
         95.0000     -134.04  0.3905 -0.108E-01       -102.02  0.3071  0.568E-02        -51.01  0.3548  0.121E-01
         96.0000     -130.47  0.3921 -0.106E-01       -101.70  0.3073  0.567E-02        -50.99  0.3549  0.117E-01
         97.0000     -129.69  0.3925 -0.723E-02       -101.38  0.3075  0.556E-02        -50.97  0.3549  0.113E-01
         98.0000     -129.69  0.3924 -0.493E-02       -101.04  0.3077  0.536E-02        -50.96  0.3549  0.109E-01
         99.0000     -129.87  0.3924 -0.361E-02       -100.68  0.3079  0.512E-02        -50.94  0.3549  0.107E-01
        100.0000     -130.06  0.3923 -0.266E-02       -100.32  0.3082  0.487E-02        -50.92  0.3550  0.104E-01
        101.0000     -130.23  0.3922 -0.199E-02        -99.96  0.3084  0.464E-02        -50.90  0.3550  0.101E-01
        102.0000     -130.36  0.3921 -0.148E-02        -99.61  0.3086  0.445E-02        -50.87  0.3551  0.992E-02
        103.0000     -130.45  0.3921 -0.110E-02        -99.27  0.3088  0.428E-02        -50.83  0.3551  0.973E-02
        104.0000     -130.70  0.3920 -0.407E-03        -98.95  0.3090  0.414E-02        -50.79  0.3552  0.956E-02
        105.0000     -130.79  0.3919 -0.206E-03        -98.65  0.3092  0.402E-02        -50.75  0.3552  0.942E-02
        106.0000     -131.71  0.3916  0.175E-02        -98.36  0.3094  0.393E-02        -50.71  0.3553  0.923E-02
        107.0000     -132.61  0.3911  0.294E-02        -98.10  0.3096  0.388E-02        -50.67  0.3554  0.898E-02
        108.0000     -133.50  0.3907  0.380E-02        -97.86  0.3098  0.385E-02        -50.64  0.3554  0.870E-02
        109.0000     -135.12  0.3901  0.602E-02        -97.65  0.3099  0.386E-02        -50.62  0.3554  0.837E-02
        110.0000     -136.88  0.3892  0.782E-02        -97.47  0.3100  0.391E-02        -50.60  0.3555  0.801E-02
        111.0000     -138.81  0.3884  0.943E-02        -97.32  0.3101  0.400E-02        -50.60  0.3555  0.763E-02
        112.0000     -140.50  0.3876  0.103E-01        -97.20  0.3102  0.413E-02        -50.60  0.3555  0.725E-02
        113.0000     -141.87  0.3870  0.106E-01        -97.12  0.3102  0.430E-02        -50.61  0.3554  0.685E-02
        114.0000     -142.73  0.3866  0.101E-01        -97.07  0.3103  0.449E-02        -50.63  0.3554  0.646E-02
        115.0000     -135.78  0.3897 -0.137E-01        -97.03  0.3103  0.468E-02        -50.66  0.3554  0.607E-02
        116.0000     -120.76  0.3964 -0.331E-01        -97.02  0.3103  0.486E-02        -50.69  0.3553  0.576E-02
        117.0000     -115.83  0.3989 -0.248E-01        -96.99  0.3103  0.482E-02        -50.72  0.3553  0.554E-02
        118.0000     -115.65  0.3990 -0.164E-01        -96.85  0.3104  0.443E-02        -50.74  0.3553  0.540E-02
        119.0000     -116.34  0.3986 -0.114E-01        -96.61  0.3106  0.382E-02        -50.76  0.3552  0.531E-02
        120.0000     -116.84  0.3984 -0.932E-02        -96.29  0.3108  0.311E-02        -50.77  0.3552  0.523E-02
        121.0000     -117.25  0.3982 -0.751E-02        -95.90  0.3110  0.244E-02        -50.78  0.3552  0.515E-02
        122.0000     -117.84  0.3979 -0.577E-02        -95.49  0.3113  0.187E-02        -50.79  0.3552  0.512E-02
        123.0000     -118.43  0.3976 -0.449E-02        -95.10  0.3116  0.141E-02        -50.78  0.3552  0.510E-02
        124.0000     -118.94  0.3973 -0.364E-02        -94.73  0.3118  0.109E-02        -50.77  0.3552  0.507E-02
        125.0000     -119.38  0.3971 -0.296E-02        -94.38  0.3120  0.838E-03        -50.75  0.3552  0.498E-02
        126.0000     -119.76  0.3969 -0.244E-02        -94.07  0.3123  0.658E-03        -50.73  0.3553  0.486E-02
        127.0000     -120.08  0.3967 -0.203E-02        -93.79  0.3125  0.529E-03        -50.71  0.3553  0.477E-02
        128.0000     -120.48  0.3966 -0.139E-02        -93.54  0.3126  0.445E-03        -50.68  0.3553  0.471E-02
        129.0000     -121.15  0.3963 -0.276E-03        -93.31  0.3128  0.401E-03        -50.63  0.3554  0.467E-02
        130.0000     -122.10  0.3958  0.118E-02        -93.12  0.3129  0.393E-03        -50.60  0.3555  0.454E-02
        131.0000     -123.31  0.3953  0.278E-02        -92.95  0.3130  0.420E-03        -50.55  0.3555  0.441E-02
        132.0000     -124.71  0.3947  0.434E-02        -92.81  0.3131  0.490E-03        -50.52  0.3556  0.423E-02
        133.0000     -126.20  0.3940  0.574E-02        -92.70  0.3132  0.603E-03        -50.48  0.3556  0.407E-02
        134.0000     -127.69  0.3933  0.684E-02        -92.62  0.3133  0.758E-03        -50.45  0.3557  0.390E-02
        135.0000     -129.08  0.3927  0.761E-02        -92.58  0.3133  0.950E-03        -50.41  0.3557  0.376E-02
        136.0000     -130.26  0.3922  0.798E-02        -92.56  0.3133  0.117E-02        -50.37  0.3558  0.369E-02
        137.0000     -131.15  0.3918  0.790E-02        -92.58  0.3133  0.141E-02        -50.32  0.3559  0.372E-02
        138.0000     -131.69  0.3915  0.739E-02        -92.62  0.3133  0.166E-02        -50.26  0.3560  0.380E-02
        139.0000     -130.77  0.3920  0.273E-02        -92.67  0.3132  0.191E-02        -50.20  0.3561  0.389E-02
        140.0000     -128.41  0.3930 -0.707E-03        -92.73  0.3132  0.214E-02        -50.13  0.3562  0.391E-02
        141.0000     -127.23  0.3935 -0.499E-03        -92.80  0.3131  0.231E-02        -50.08  0.3563  0.385E-02
        142.0000     -126.75  0.3938  0.398E-04        -92.85  0.3131  0.239E-02        -50.03  0.3563  0.377E-02
        143.0000     -126.48  0.3939  0.352E-03        -92.88  0.3131  0.241E-02        -49.99  0.3564  0.371E-02
        144.0000     -126.29  0.3940  0.486E-03        -92.88  0.3131  0.238E-02        -49.96  0.3564  0.356E-02
        145.0000     -126.12  0.3940  0.562E-03        -92.87  0.3131  0.235E-02        -49.94  0.3565  0.345E-02
        146.0000     -125.97  0.3941  0.596E-03        -92.85  0.3131  0.230E-02        -49.93  0.3565  0.330E-02
        147.0000     -125.83  0.3942  0.608E-03        -92.81  0.3131  0.226E-02        -49.92  0.3565  0.317E-02
        148.0000     -125.69  0.3942  0.607E-03        -92.78  0.3131  0.221E-02        -49.92  0.3565  0.302E-02
        149.0000     -125.06  0.3945 -0.961E-03        -92.73  0.3132  0.217E-02        -49.92  0.3565  0.289E-02
        150.0000     -117.95  0.3978 -0.229E-01        -92.69  0.3132  0.212E-02        -49.93  0.3565  0.279E-02
        151.0000     -109.53  0.4021 -0.291E-01        -92.63  0.3132  0.201E-02        -49.93  0.3565  0.273E-02
        152.0000     -107.44  0.4031 -0.212E-01        -92.52  0.3133  0.167E-02        -49.93  0.3565  0.272E-02
        153.0000     -108.56  0.4026 -0.125E-01        -92.29  0.3135  0.100E-02        -49.93  0.3565  0.262E-02
        154.0000     -111.03  0.4013 -0.535E-02        -91.96  0.3137  0.246E-03        -49.94  0.3565  0.241E-02
        155.0000     -114.08  0.3998  0.499E-03        -91.59  0.3140 -0.402E-03        -49.97  0.3564  0.214E-02
        156.0000     -117.51  0.3981  0.514E-02        -91.26  0.3142 -0.753E-03        -50.00  0.3564  0.186E-02
        157.0000     -121.02  0.3963  0.895E-02        -90.98  0.3144 -0.902E-03        -50.05  0.3563  0.153E-02
        158.0000     -124.51  0.3948  0.117E-01        -90.79  0.3145 -0.843E-03        -50.09  0.3562  0.116E-02
        159.0000     -127.73  0.3933  0.135E-01        -90.68  0.3146 -0.623E-03        -50.15  0.3562  0.817E-03
        160.0000     -130.51  0.3921  0.145E-01        -90.64  0.3146 -0.282E-03        -50.20  0.3561  0.489E-03
        161.0000     -132.71  0.3911  0.145E-01        -90.68  0.3146  0.137E-03        -50.26  0.3560  0.183E-03
        162.0000     -134.17  0.3904  0.137E-01        -90.78  0.3145  0.592E-03        -50.32  0.3559 -0.115E-03
        163.0000     -134.78  0.3901  0.120E-01        -90.93  0.3144  0.105E-02        -50.38  0.3558 -0.367E-03
        164.0000     -134.70  0.3902  0.994E-02        -91.11  0.3143  0.148E-02        -50.44  0.3557 -0.586E-03
        165.0000     -134.26  0.3904  0.816E-02        -91.32  0.3142  0.186E-02        -50.50  0.3556 -0.718E-03
        166.0000     -133.64  0.3907  0.670E-02        -91.53  0.3140  0.218E-02        -50.56  0.3555 -0.803E-03
        167.0000     -132.99  0.3910  0.559E-02        -91.74  0.3139  0.243E-02        -50.62  0.3554 -0.845E-03
        168.0000     -132.35  0.3913  0.472E-02        -91.94  0.3137  0.261E-02        -50.67  0.3554 -0.849E-03
        169.0000     -131.75  0.3915  0.405E-02        -92.13  0.3136  0.274E-02        -50.73  0.3553 -0.819E-03
        170.0000     -131.20  0.3918  0.352E-02        -92.30  0.3135  0.282E-02        -50.78  0.3552 -0.771E-03
        171.0000     -130.70  0.3920  0.308E-02        -92.46  0.3134  0.286E-02        -50.83  0.3551 -0.727E-03
        172.0000     -130.24  0.3922  0.273E-02        -92.59  0.3133  0.287E-02        -50.89  0.3550 -0.677E-03
        173.0000     -129.82  0.3924  0.243E-02        -92.71  0.3132  0.285E-02        -50.94  0.3549 -0.609E-03
        174.0000     -129.43  0.3926  0.218E-02        -92.82  0.3131  0.282E-02        -50.99  0.3549 -0.506E-03
        175.0000     -129.07  0.3927  0.197E-02        -92.91  0.3131  0.277E-02        -51.04  0.3548 -0.350E-03
        176.0000     -128.89  0.3928  0.208E-02        -92.99  0.3130  0.271E-02        -51.07  0.3548 -0.149E-03
        177.0000     -129.03  0.3928  0.272E-02        -93.05  0.3130  0.265E-02        -51.10  0.3547  0.434E-04
        178.0000     -128.67  0.3929  0.152E-02        -93.12  0.3129  0.259E-02        -51.13  0.3547  0.239E-03
        179.0000     -126.13  0.3940 -0.494E-02        -93.17  0.3129  0.253E-02        -51.15  0.3546  0.396E-03
        180.0000     -119.21  0.3972 -0.198E-01        -93.22  0.3128  0.245E-02        -51.18  0.3546  0.491E-03
        181.0000     -114.05  0.3998 -0.194E-01        -93.23  0.3128  0.229E-02        -51.20  0.3546  0.600E-03
        182.0000     -114.39  0.3996 -0.104E-01        -93.18  0.3129  0.192E-02        -51.22  0.3545  0.748E-03
        183.0000     -116.31  0.3987 -0.406E-02        -93.05  0.3130  0.140E-02        -51.23  0.3545  0.908E-03
        184.0000     -118.35  0.3976 -0.307E-03        -92.86  0.3131  0.881E-03        -51.24  0.3545  0.108E-02
        185.0000     -120.02  0.3968  0.148E-02        -92.66  0.3132  0.522E-03        -51.23  0.3545  0.127E-02
        186.0000     -121.28  0.3962  0.222E-02        -92.49  0.3133  0.283E-03        -51.22  0.3545  0.142E-02
        187.0000     -122.01  0.3958  0.206E-02        -92.34  0.3135  0.158E-03        -51.19  0.3546  0.160E-02
        188.0000     -122.34  0.3957  0.154E-02        -92.22  0.3135  0.114E-03        -51.16  0.3546  0.175E-02
        189.0000     -122.47  0.3957  0.108E-02        -92.13  0.3136  0.123E-03        -51.13  0.3547  0.187E-02
        190.0000     -122.49  0.3956  0.741E-03        -92.06  0.3136  0.160E-03        -51.09  0.3547  0.196E-02
        191.0000     -122.48  0.3957  0.521E-03        -92.00  0.3137  0.208E-03        -51.05  0.3548  0.199E-02
        192.0000     -122.46  0.3957  0.379E-03        -91.96  0.3137  0.257E-03        -51.02  0.3548  0.196E-02
        193.0000     -122.43  0.3957  0.289E-03        -91.93  0.3137  0.302E-03        -50.99  0.3549  0.192E-02
        194.0000     -122.40  0.3957  0.229E-03        -91.90  0.3138  0.341E-03        -50.97  0.3549  0.184E-02
        195.0000     -122.37  0.3957  0.189E-03        -91.87  0.3138  0.373E-03        -50.95  0.3549  0.176E-02
        196.0000     -122.35  0.3957  0.162E-03        -91.85  0.3138  0.400E-03        -50.93  0.3550  0.167E-02
        197.0000     -122.32  0.3957  0.142E-03        -91.82  0.3138  0.421E-03        -50.91  0.3550  0.162E-02
        198.0000     -122.30  0.3957  0.129E-03        -91.80  0.3138  0.438E-03        -50.89  0.3550  0.161E-02
        199.0000     -122.27  0.3957  0.119E-03        -91.77  0.3138  0.451E-03        -50.86  0.3551  0.159E-02
        200.0000     -122.18  0.3958 -0.141E-03        -91.75  0.3139  0.463E-03        -50.84  0.3551  0.161E-02
        201.0000     -122.75  0.3955  0.178E-02        -91.73  0.3139  0.471E-03        -50.81  0.3552  0.169E-02
        202.0000     -124.43  0.3948  0.496E-02        -91.71  0.3139  0.489E-03        -50.77  0.3552  0.177E-02
        203.0000     -126.85  0.3937  0.838E-02        -91.69  0.3139  0.541E-03        -50.73  0.3553  0.182E-02
        204.0000     -129.88  0.3924  0.116E-01        -91.71  0.3139  0.684E-03        -50.70  0.3553  0.186E-02
        205.0000     -133.06  0.3909  0.142E-01        -91.76  0.3138  0.903E-03        -50.66  0.3554  0.189E-02
        206.0000     -136.33  0.3895  0.164E-01        -91.86  0.3138  0.121E-02        -50.62  0.3554  0.194E-02
        207.0000     -139.45  0.3881  0.179E-01        -91.99  0.3137  0.158E-02        -50.58  0.3555  0.195E-02
        208.0000     -142.23  0.3868  0.186E-01        -92.17  0.3136  0.201E-02        -50.55  0.3555  0.200E-02
        209.0000     -144.43  0.3858  0.185E-01        -92.39  0.3134  0.247E-02        -50.52  0.3556  0.203E-02
        210.0000     -145.93  0.3852  0.176E-01        -92.64  0.3132  0.295E-02        -50.49  0.3556  0.205E-02
        211.0000     -146.46  0.3849  0.157E-01        -92.91  0.3131  0.341E-02        -50.46  0.3557  0.207E-02
        212.0000     -140.25  0.3877 -0.520E-02        -93.20  0.3129  0.388E-02        -50.44  0.3557  0.208E-02
        213.0000     -129.86  0.3924 -0.136E-01        -93.50  0.3127  0.427E-02        -50.43  0.3557  0.214E-02
        214.0000     -126.48  0.3939 -0.917E-02        -93.77  0.3125  0.448E-02        -50.41  0.3558  0.222E-02
        215.0000     -125.40  0.3944 -0.599E-02        -93.95  0.3123  0.439E-02        -50.41  0.3557  0.214E-02
        216.0000     -124.04  0.3950 -0.713E-02        -94.05  0.3123  0.412E-02        -50.43  0.3557  0.207E-02
        217.0000     -122.50  0.3956 -0.692E-02        -94.07  0.3123  0.375E-02        -50.45  0.3557  0.204E-02
        218.0000     -122.21  0.3958 -0.494E-02        -94.01  0.3123  0.335E-02        -50.48  0.3556  0.197E-02
        219.0000     -122.33  0.3957 -0.345E-02        -93.91  0.3124  0.295E-02        -50.53  0.3556  0.187E-02
        220.0000     -122.53  0.3956 -0.246E-02        -93.78  0.3125  0.259E-02        -50.57  0.3555  0.179E-02
        221.0000     -116.76  0.3984 -0.227E-01        -93.63  0.3126  0.226E-02        -50.62  0.3554  0.176E-02
        222.0000     -103.31  0.4052 -0.499E-01        -93.47  0.3127  0.191E-02        -50.65  0.3554  0.183E-02
        223.0000      -99.22  0.4074 -0.370E-01        -93.22  0.3128  0.127E-02        -50.68  0.3553  0.195E-02
        224.0000      -95.67  0.4091 -0.398E-01        -92.86  0.3131  0.313E-03        -50.69  0.3553  0.203E-02
        225.0000      -95.50  0.4092 -0.270E-01        -92.31  0.3135 -0.103E-02        -50.71  0.3553  0.203E-02
        226.0000      -98.76  0.4075 -0.145E-01        -91.63  0.3139 -0.242E-02        -50.73  0.3553  0.189E-02
        227.0000     -102.61  0.4056 -0.608E-02        -90.91  0.3144 -0.361E-02        -50.76  0.3552  0.163E-02
        228.0000     -106.48  0.4036 -0.300E-03        -90.26  0.3149 -0.428E-02        -50.78  0.3552  0.137E-02
        229.0000     -110.25  0.4017  0.422E-02        -89.72  0.3153 -0.462E-02        -50.82  0.3551  0.102E-02
        230.0000     -113.86  0.3999  0.762E-02        -89.30  0.3155 -0.462E-02        -50.85  0.3551  0.610E-03
        231.0000     -117.19  0.3982  0.998E-02        -89.01  0.3157 -0.438E-02        -50.89  0.3550  0.154E-03
        232.0000     -120.10  0.3967  0.113E-01        -88.84  0.3159 -0.396E-02        -50.93  0.3550 -0.340E-03
        233.0000     -122.46  0.3956  0.116E-01        -88.77  0.3159 -0.344E-02        -50.98  0.3549 -0.813E-03
        234.0000     -124.06  0.3949  0.109E-01        -88.79  0.3159 -0.287E-02        -51.03  0.3548 -0.126E-02
        235.0000     -124.86  0.3946  0.921E-02        -88.88  0.3158 -0.231E-02        -51.07  0.3548 -0.161E-02
        236.0000     -125.00  0.3945  0.729E-02        -89.01  0.3157 -0.178E-02        -51.12  0.3547 -0.191E-02
        237.0000     -124.82  0.3946  0.565E-02        -89.18  0.3156 -0.131E-02        -51.16  0.3546 -0.217E-02
        238.0000     -124.50  0.3948  0.437E-02        -89.36  0.3155 -0.919E-03        -51.21  0.3545 -0.242E-02
        239.0000     -124.15  0.3949  0.343E-02        -89.54  0.3154 -0.601E-03        -51.26  0.3545 -0.259E-02
        240.0000     -123.81  0.3951  0.274E-02        -89.72  0.3152 -0.351E-03        -51.31  0.3544 -0.273E-02
        241.0000     -123.52  0.3952  0.223E-02        -89.89  0.3151 -0.164E-03        -51.36  0.3543 -0.284E-02
        242.0000     -123.25  0.3953  0.184E-02        -90.05  0.3150 -0.299E-04        -51.42  0.3542 -0.295E-02
        243.0000     -123.03  0.3954  0.153E-02        -90.19  0.3149  0.621E-04        -51.48  0.3541 -0.302E-02
        244.0000     -122.83  0.3955  0.128E-02        -90.33  0.3148  0.121E-03        -51.54  0.3540 -0.308E-02
        245.0000     -122.65  0.3956  0.109E-02        -90.45  0.3147  0.155E-03        -51.61  0.3539 -0.313E-02
        246.0000     -122.50  0.3956  0.923E-03        -90.56  0.3147  0.169E-03        -51.67  0.3538 -0.312E-02
        247.0000     -122.37  0.3957  0.791E-03        -90.66  0.3146  0.168E-03        -51.74  0.3537 -0.309E-02
        248.0000     -122.50  0.3957  0.122E-02        -90.75  0.3145  0.160E-03        -51.80  0.3537 -0.304E-02
        249.0000     -123.16  0.3954  0.259E-02        -90.84  0.3145  0.154E-03        -51.86  0.3536 -0.299E-02
        250.0000     -124.39  0.3948  0.460E-02        -90.93  0.3144  0.166E-03        -51.91  0.3535 -0.292E-02
        251.0000     -126.13  0.3941  0.694E-02        -91.02  0.3144  0.210E-03        -51.97  0.3534 -0.288E-02
        252.0000     -128.26  0.3931  0.928E-02        -91.13  0.3143  0.302E-03        -52.03  0.3533 -0.282E-02
        253.0000     -130.64  0.3920  0.114E-01        -91.26  0.3142  0.451E-03        -52.08  0.3532 -0.276E-02
        254.0000     -133.05  0.3909  0.131E-01        -91.42  0.3141  0.661E-03        -52.14  0.3531 -0.270E-02
        255.0000     -135.38  0.3899  0.143E-01        -91.61  0.3140  0.926E-03        -52.19  0.3531 -0.263E-02
        256.0000     -137.41  0.3890  0.148E-01        -91.82  0.3138  0.123E-02        -52.25  0.3530 -0.257E-02
        257.0000     -138.99  0.3883  0.146E-01        -92.07  0.3136  0.157E-02        -52.30  0.3529 -0.251E-02
        258.0000     -139.97  0.3878  0.137E-01        -92.34  0.3134  0.191E-02        -52.35  0.3528 -0.240E-02
        259.0000     -137.96  0.3887  0.444E-02        -92.62  0.3133  0.226E-02        -52.40  0.3527 -0.229E-02
        260.0000      -92.86  0.4107 -0.161E+00        -92.92  0.3131  0.258E-02        -52.46  0.3527 -0.220E-02
        261.0000      -56.54  0.4319 -0.209E+00        -93.16  0.3129  0.247E-02        -52.51  0.3526 -0.210E-02
        262.0000      -60.95  0.4291 -0.879E-01        -92.86  0.3131 -0.716E-04        -52.57  0.3525 -0.204E-02
        263.0000      -67.81  0.4249 -0.522E-01        -91.47  0.3140 -0.543E-02        -52.63  0.3524 -0.200E-02
        264.0000      -72.96  0.4219 -0.359E-01        -89.48  0.3154 -0.108E-01        -52.70  0.3523 -0.199E-02
        265.0000      -76.84  0.4196 -0.276E-01        -87.48  0.3168 -0.143E-01        -52.75  0.3522 -0.207E-02
        266.0000      -79.00  0.4184 -0.280E-01        -85.57  0.3181 -0.171E-01        -52.80  0.3521 -0.218E-02
        267.0000      -80.92  0.4173 -0.223E-01        -84.01  0.3192 -0.183E-01        -52.84  0.3521 -0.242E-02
        268.0000      -83.33  0.4160 -0.173E-01        -82.79  0.3200 -0.186E-01        -52.84  0.3521 -0.279E-02
        269.0000      -85.48  0.4148 -0.140E-01        -81.86  0.3206 -0.185E-01        -52.82  0.3521 -0.327E-02
        270.0000      -87.36  0.4137 -0.118E-01        -81.16  0.3211 -0.181E-01        -52.77  0.3522 -0.381E-02
        271.0000      -88.94  0.4128 -0.102E-01        -80.69  0.3215 -0.176E-01        -52.70  0.3523 -0.438E-02
        272.0000      -90.64  0.4119 -0.808E-02        -80.34  0.3217 -0.169E-01        -52.61  0.3524 -0.495E-02
        273.0000      -92.74  0.4107 -0.484E-02        -80.12  0.3218 -0.162E-01        -52.51  0.3526 -0.550E-02
        274.0000      -95.27  0.4093 -0.958E-03        -80.01  0.3219 -0.154E-01        -52.41  0.3527 -0.605E-02
        275.0000      -98.21  0.4078  0.293E-02        -80.00  0.3219 -0.146E-01        -52.30  0.3529 -0.656E-02
        276.0000     -101.38  0.4062  0.637E-02        -80.08  0.3219 -0.137E-01        -52.19  0.3531 -0.704E-02
        277.0000     -104.63  0.4046  0.933E-02        -80.26  0.3217 -0.127E-01        -52.09  0.3532 -0.747E-02
        278.0000     -107.82  0.4029  0.116E-01        -80.52  0.3216 -0.116E-01        -51.99  0.3534 -0.780E-02
        279.0000     -109.33  0.4022  0.739E-02        -80.81  0.3214 -0.105E-01        -51.89  0.3535 -0.810E-02
        280.0000     -110.26  0.4017  0.752E-02        -81.19  0.3211 -0.946E-02        -51.80  0.3537 -0.829E-02
        281.0000     -112.01  0.4008  0.904E-02        -81.60  0.3208 -0.851E-02        -51.71  0.3538 -0.837E-02
        282.0000     -113.48  0.4001  0.899E-02        -82.02  0.3205 -0.765E-02        -51.62  0.3539 -0.838E-02
        283.0000     -114.12  0.3997  0.741E-02        -82.46  0.3202 -0.690E-02        -51.54  0.3540 -0.832E-02
        284.0000     -114.33  0.3996  0.563E-02        -82.88  0.3199 -0.622E-02        -51.47  0.3541 -0.819E-02
        285.0000     -114.28  0.3997  0.409E-02        -83.30  0.3197 -0.564E-02        -51.40  0.3543 -0.802E-02
        286.0000     -114.14  0.3997  0.292E-02        -83.69  0.3194 -0.514E-02        -51.34  0.3543 -0.785E-02
        287.0000     -114.00  0.3998  0.208E-02        -84.06  0.3191 -0.474E-02        -51.30  0.3544 -0.768E-02
        288.0000     -113.90  0.3999  0.146E-02        -84.40  0.3189 -0.441E-02        -51.26  0.3545 -0.754E-02
        289.0000     -113.82  0.3999  0.102E-02        -84.72  0.3187 -0.414E-02        -51.23  0.3545 -0.737E-02
        290.0000     -113.79  0.3999  0.680E-03        -85.01  0.3185 -0.392E-02        -51.21  0.3545 -0.722E-02
        291.0000     -113.78  0.3999  0.420E-03        -85.27  0.3183 -0.374E-02        -51.20  0.3546 -0.704E-02
        292.0000     -113.80  0.3999  0.216E-03        -85.51  0.3181 -0.359E-02        -51.20  0.3546 -0.688E-02
        293.0000     -113.83  0.3999  0.555E-04        -85.73  0.3180 -0.346E-02        -51.20  0.3546 -0.670E-02
        294.0000     -113.89  0.3999 -0.721E-04        -85.93  0.3178 -0.336E-02        -51.20  0.3546 -0.651E-02
        295.0000     -113.95  0.3998 -0.174E-03        -86.12  0.3177 -0.326E-02        -51.20  0.3546 -0.628E-02
        296.0000     -114.15  0.3998  0.466E-04        -86.29  0.3176 -0.318E-02        -51.20  0.3546 -0.604E-02
        297.0000     -114.62  0.3995  0.811E-03        -86.46  0.3175 -0.310E-02        -51.20  0.3546 -0.582E-02
        298.0000     -115.38  0.3991  0.196E-02        -86.61  0.3174 -0.300E-02        -51.20  0.3546 -0.558E-02
        299.0000     -116.43  0.3986  0.335E-02        -86.77  0.3173 -0.289E-02        -51.19  0.3546 -0.538E-02
        300.0000     -117.66  0.3980  0.474E-02        -86.93  0.3172 -0.274E-02        -51.19  0.3546 -0.518E-02
        301.0000     -119.04  0.3973  0.604E-02        -87.10  0.3170 -0.256E-02        -51.19  0.3546 -0.500E-02
        302.0000     -120.41  0.3966  0.701E-02        -87.28  0.3169 -0.234E-02        -51.19  0.3546 -0.483E-02
        303.0000     -121.72  0.3960  0.764E-02        -87.48  0.3168 -0.209E-02        -51.19  0.3546 -0.466E-02
        304.0000     -122.83  0.3955  0.786E-02        -87.69  0.3166 -0.182E-02        -51.20  0.3546 -0.454E-02
        305.0000     -123.67  0.3951  0.765E-02        -87.92  0.3165 -0.153E-02        -51.21  0.3545 -0.446E-02
        306.0000     -124.19  0.3949  0.700E-02        -88.15  0.3163 -0.124E-02        -51.24  0.3545 -0.442E-02
        307.0000     -124.32  0.3948  0.594E-02        -88.39  0.3162 -0.963E-03        -51.26  0.3545 -0.435E-02
        308.0000     -124.16  0.3949  0.478E-02        -88.63  0.3160 -0.715E-03        -51.29  0.3544 -0.426E-02
        309.0000     -123.88  0.3950  0.380E-02        -88.86  0.3158 -0.503E-03        -51.32  0.3544 -0.414E-02
        310.0000     -123.56  0.3952  0.303E-02        -89.09  0.3157 -0.329E-03        -51.35  0.3543 -0.401E-02
        311.0000     -123.25  0.3953  0.246E-02        -89.30  0.3155 -0.195E-03        -51.38  0.3543 -0.388E-02
        312.0000     -122.97  0.3954  0.202E-02        -89.49  0.3154 -0.938E-04        -51.41  0.3542 -0.379E-02
        313.0000     -122.72  0.3956  0.167E-02        -89.67  0.3153 -0.237E-04        -51.46  0.3542 -0.371E-02
        314.0000     -122.51  0.3956  0.140E-02        -89.83  0.3152  0.203E-04        -51.50  0.3541 -0.366E-02
        315.0000     -122.32  0.3957  0.118E-02        -89.98  0.3151  0.439E-04        -51.55  0.3540 -0.359E-02
        316.0000     -122.16  0.3958  0.101E-02        -90.12  0.3150  0.517E-04        -51.60  0.3540 -0.352E-02
        317.0000     -122.02  0.3959  0.859E-03        -90.24  0.3149  0.477E-04        -51.65  0.3539 -0.341E-02
        318.0000     -121.90  0.3959  0.736E-03        -90.35  0.3148  0.351E-04        -51.70  0.3538 -0.330E-02
        319.0000     -121.79  0.3960  0.633E-03        -90.45  0.3147  0.166E-04        -51.74  0.3537 -0.317E-02
        320.0000     -121.87  0.3959  0.933E-03        -90.54  0.3147 -0.430E-05        -51.79  0.3537 -0.304E-02
        321.0000     -122.33  0.3957  0.191E-02        -90.63  0.3146 -0.202E-04        -51.83  0.3536 -0.290E-02
        322.0000     -123.20  0.3954  0.338E-02        -90.72  0.3146 -0.211E-04        -51.87  0.3536 -0.280E-02
        323.0000     -124.46  0.3948  0.508E-02        -90.80  0.3145  0.481E-05        -51.91  0.3535 -0.274E-02
        324.0000     -125.98  0.3941  0.680E-02        -90.90  0.3144  0.676E-04        -51.96  0.3534 -0.272E-02
        325.0000     -127.67  0.3933  0.835E-02        -91.01  0.3144  0.174E-03        -52.01  0.3533 -0.273E-02
        326.0000     -129.39  0.3926  0.957E-02        -91.14  0.3143  0.325E-03        -52.07  0.3532 -0.279E-02
        327.0000     -131.01  0.3918  0.104E-01        -91.30  0.3142  0.517E-03        -52.14  0.3531 -0.281E-02
        328.0000     -132.42  0.3912  0.108E-01        -91.47  0.3140  0.747E-03        -52.20  0.3530 -0.282E-02
        329.0000     -133.49  0.3907  0.106E-01        -91.67  0.3139  0.996E-03        -52.27  0.3529 -0.282E-02
        330.0000     -132.51  0.3912  0.440E-02        -91.87  0.3138  0.125E-02        -52.33  0.3528 -0.280E-02
        331.0000     -129.34  0.3926 -0.442E-03        -92.10  0.3136  0.151E-02        -52.40  0.3527 -0.273E-02
        332.0000     -106.29  0.4037 -0.808E-01        -92.32  0.3135  0.169E-02        -52.46  0.3527 -0.263E-02
        333.0000      -92.89  0.4107 -0.581E-01        -92.49  0.3133  0.157E-02        -52.52  0.3526 -0.258E-02
        334.0000      -94.29  0.4099 -0.341E-01        -92.42  0.3134  0.576E-03        -52.58  0.3525 -0.252E-02
        335.0000      -96.58  0.4086 -0.228E-01        -92.07  0.3136 -0.961E-03        -52.65  0.3524 -0.244E-02
        336.0000      -98.66  0.4076 -0.170E-01        -91.52  0.3140 -0.246E-02        -52.71  0.3523 -0.240E-02
        337.0000     -100.44  0.4067 -0.131E-01        -90.94  0.3144 -0.372E-02        -52.77  0.3522 -0.239E-02
        338.0000     -101.95  0.4059 -0.105E-01        -90.37  0.3148 -0.466E-02        -52.83  0.3521 -0.245E-02
        339.0000     -103.24  0.4053 -0.861E-02        -89.85  0.3152 -0.532E-02        -52.89  0.3520 -0.253E-02
        340.0000     -104.36  0.4047 -0.722E-02        -89.40  0.3155 -0.573E-02        -52.94  0.3519 -0.262E-02
        341.0000     -105.34  0.4042 -0.615E-02        -89.01  0.3157 -0.597E-02        -52.98  0.3519 -0.270E-02
        342.0000     -106.20  0.4038 -0.532E-02        -88.70  0.3160 -0.607E-02        -53.00  0.3518 -0.280E-02
        343.0000     -106.96  0.4034 -0.465E-02        -88.44  0.3161 -0.608E-02        -53.02  0.3518 -0.287E-02
        344.0000     -107.73  0.4030 -0.388E-02        -88.24  0.3163 -0.603E-02        -53.02  0.3518 -0.293E-02
        345.0000     -107.93  0.4029 -0.530E-02        -88.07  0.3164 -0.595E-02        -53.02  0.3518 -0.299E-02
        346.0000     -108.33  0.4027 -0.399E-02        -87.94  0.3165 -0.583E-02        -53.00  0.3518 -0.305E-02
        347.0000     -109.43  0.4021 -0.180E-02        -87.86  0.3165 -0.570E-02        -52.98  0.3519 -0.313E-02
        348.0000     -107.90  0.4029 -0.107E-01        -87.79  0.3166 -0.557E-02        -52.96  0.3519 -0.323E-02
        349.0000     -104.78  0.4045 -0.151E-01        -87.75  0.3166 -0.544E-02        -52.94  0.3519 -0.331E-02
        350.0000     -103.62  0.4051 -0.132E-01        -87.70  0.3166 -0.543E-02        -52.91  0.3520 -0.338E-02
        351.0000     -104.40  0.4047 -0.815E-02        -87.61  0.3167 -0.559E-02        -52.88  0.3520 -0.341E-02
        352.0000     -105.97  0.4039 -0.441E-02        -87.49  0.3168 -0.579E-02        -52.84  0.3521 -0.343E-02
        353.0000      -98.23  0.4078 -0.392E-01        -87.37  0.3169 -0.595E-02        -52.80  0.3521 -0.342E-02
        354.0000      -93.00  0.4106 -0.311E-01        -87.23  0.3170 -0.619E-02        -52.75  0.3522 -0.333E-02
        355.0000      -94.22  0.4099 -0.196E-01        -86.98  0.3171 -0.680E-02        -52.69  0.3523 -0.326E-02
        356.0000      -95.89  0.4090 -0.138E-01        -86.65  0.3174 -0.755E-02        -52.63  0.3524 -0.320E-02
        357.0000      -97.42  0.4082 -0.109E-01        -86.29  0.3176 -0.813E-02        -52.56  0.3525 -0.316E-02
        358.0000      -98.75  0.4075 -0.888E-02        -85.95  0.3178 -0.852E-02        -52.48  0.3526 -0.314E-02
        359.0000      -99.92  0.4069 -0.746E-02        -85.65  0.3180 -0.871E-02        -52.41  0.3527 -0.316E-02
        360.0000     -100.96  0.4064 -0.638E-02        -85.41  0.3182 -0.876E-02        -52.33  0.3528 -0.324E-02
        361.0000     -101.88  0.4059 -0.556E-02        -85.21  0.3183 -0.869E-02        -52.26  0.3530 -0.338E-02
        362.0000     -102.71  0.4055 -0.490E-02        -85.07  0.3184 -0.854E-02        -52.19  0.3531 -0.356E-02
        363.0000     -103.46  0.4051 -0.438E-02        -84.97  0.3185 -0.834E-02        -52.12  0.3532 -0.377E-02
        364.0000     -104.14  0.4048 -0.394E-02        -84.90  0.3186 -0.811E-02        -52.06  0.3533 -0.398E-02
        365.0000     -104.77  0.4045 -0.358E-02        -84.87  0.3186 -0.787E-02        -52.01  0.3533 -0.419E-02
        366.0000     -105.35  0.4042 -0.328E-02        -84.86  0.3186 -0.761E-02        -51.95  0.3534 -0.438E-02
        367.0000     -105.89  0.4039 -0.302E-02        -84.87  0.3186 -0.736E-02        -51.90  0.3535 -0.455E-02
        368.0000     -106.60  0.4036 -0.224E-02        -84.90  0.3186 -0.711E-02        -51.85  0.3536 -0.470E-02
        369.0000     -107.70  0.4030 -0.615E-03        -84.95  0.3185 -0.685E-02        -51.81  0.3536 -0.485E-02
        370.0000     -109.23  0.4023  0.161E-02        -85.02  0.3185 -0.656E-02        -51.77  0.3537 -0.501E-02
        371.0000     -111.17  0.4013  0.414E-02        -85.12  0.3184 -0.624E-02        -51.74  0.3537 -0.516E-02
        372.0000     -113.39  0.4001  0.663E-02        -85.25  0.3183 -0.586E-02        -51.71  0.3538 -0.528E-02
        373.0000     -115.78  0.3989  0.888E-02        -85.41  0.3182 -0.543E-02        -51.69  0.3538 -0.538E-02
        374.0000     -102.33  0.4057 -0.518E-01        -85.60  0.3181 -0.498E-02        -51.67  0.3538 -0.547E-02
        375.0000      -93.21  0.4105 -0.364E-01        -85.78  0.3180 -0.474E-02        -51.65  0.3539 -0.550E-02
        376.0000      -94.70  0.4096 -0.206E-01        -85.79  0.3179 -0.524E-02        -51.64  0.3539 -0.551E-02
        377.0000      -97.36  0.4082 -0.111E-01        -85.64  0.3180 -0.608E-02        -51.63  0.3539 -0.550E-02
        378.0000      -99.76  0.4070 -0.676E-02        -85.40  0.3182 -0.677E-02        -51.62  0.3539 -0.549E-02
        379.0000     -101.51  0.4061 -0.486E-02        -85.17  0.3184 -0.723E-02        -51.61  0.3539 -0.548E-02
        380.0000     -102.70  0.4055 -0.429E-02        -84.98  0.3185 -0.745E-02        -51.60  0.3540 -0.549E-02
        381.0000      -91.33  0.4115 -0.562E-01        -84.80  0.3186 -0.758E-02        -51.59  0.3540 -0.551E-02
        382.0000      -85.34  0.4149 -0.413E-01        -84.63  0.3187 -0.784E-02        -51.57  0.3540 -0.553E-02
        383.0000      -87.12  0.4139 -0.257E-01        -84.31  0.3190 -0.878E-02        -51.55  0.3540 -0.554E-02
        384.0000      -89.23  0.4127 -0.180E-01        -83.85  0.3193 -0.992E-02        -51.53  0.3541 -0.557E-02
        385.0000      -87.03  0.4139 -0.326E-01        -83.33  0.3196 -0.109E-01        -51.50  0.3541 -0.565E-02
        386.0000      -84.41  0.4154 -0.326E-01        -82.81  0.3200 -0.117E-01        -51.48  0.3541 -0.578E-02
        387.0000      -85.41  0.4148 -0.228E-01        -82.27  0.3204 -0.126E-01        -51.45  0.3542 -0.598E-02
        388.0000      -86.27  0.4143 -0.212E-01        -81.71  0.3207 -0.134E-01        -51.42  0.3542 -0.622E-02
        389.0000      -80.30  0.4177 -0.504E-01        -81.17  0.3211 -0.140E-01        -51.39  0.3543 -0.645E-02
        390.0000      -77.42  0.4193 -0.400E-01        -80.64  0.3215 -0.147E-01        -51.34  0.3543 -0.668E-02
        391.0000      -73.83  0.4213 -0.540E-01        -80.01  0.3219 -0.159E-01        -51.29  0.3544 -0.692E-02
        392.0000      -72.51  0.4221 -0.435E-01        -79.26  0.3224 -0.174E-01        -51.23  0.3545 -0.719E-02
        393.0000      -64.64  0.4269 -0.859E-01        -78.37  0.3230 -0.191E-01        -51.16  0.3546 -0.749E-02
        394.0000      -63.37  0.4276 -0.579E-01        -77.34  0.3237 -0.214E-01        -51.08  0.3547 -0.781E-02
        395.0000      -66.42  0.4258 -0.385E-01        -76.07  0.3246 -0.242E-01        -50.99  0.3549 -0.819E-02
        396.0000      -70.73  0.4232 -0.223E-01        -74.81  0.3255 -0.263E-01        -50.88  0.3550 -0.861E-02
        397.0000      -75.02  0.4206 -0.125E-01        -73.80  0.3262 -0.269E-01        -50.76  0.3552 -0.915E-02
        398.0000      -78.91  0.4184 -0.684E-02        -73.12  0.3267 -0.264E-01        -50.62  0.3554 -0.981E-02
        399.0000      -82.14  0.4166 -0.372E-02        -72.83  0.3269 -0.251E-01        -50.47  0.3557 -0.106E-01
        400.0000      -84.92  0.4151 -0.174E-02        -72.74  0.3269 -0.236E-01        -50.33  0.3559 -0.114E-01
        401.0000      -87.21  0.4138 -0.815E-03        -72.82  0.3269 -0.220E-01        -50.18  0.3561 -0.121E-01
        402.0000      -89.00  0.4128 -0.772E-03        -73.02  0.3267 -0.205E-01        -50.05  0.3563 -0.129E-01
        403.0000      -90.29  0.4121 -0.149E-02        -73.30  0.3265 -0.191E-01        -49.92  0.3565 -0.135E-01
        404.0000      -91.24  0.4115 -0.235E-02        -73.62  0.3263 -0.179E-01        -49.81  0.3567 -0.141E-01
        405.0000      -70.17  0.4236 -0.117E+00        -73.96  0.3261 -0.168E-01        -49.70  0.3568 -0.146E-01
        406.0000      -16.91  0.4574 -0.502E+00        -74.02  0.3260 -0.182E-01        -49.61  0.3570 -0.150E-01
        407.0000      -34.05  0.4462 -0.995E-01        -71.23  0.3280 -0.362E-01        -49.54  0.3571 -0.152E-01
        408.0000      -43.16  0.4403 -0.566E-01        -66.31  0.3314 -0.534E-01        -49.45  0.3572 -0.153E-01
        409.0000      -49.19  0.4365 -0.394E-01        -62.85  0.3338 -0.573E-01        -49.29  0.3574 -0.154E-01
        410.0000      -53.23  0.4339 -0.347E-01        -60.65  0.3353 -0.557E-01        -49.07  0.3578 -0.160E-01
        411.0000      -56.34  0.4320 -0.290E-01        -59.57  0.3361 -0.522E-01        -48.80  0.3582 -0.174E-01
        412.0000      -59.44  0.4300 -0.222E-01        -59.18  0.3364 -0.486E-01        -48.46  0.3587 -0.193E-01
        413.0000      -62.28  0.4283 -0.182E-01        -59.20  0.3363 -0.452E-01        -48.09  0.3593 -0.213E-01
        414.0000      -64.78  0.4268 -0.156E-01        -59.45  0.3362 -0.420E-01        -47.70  0.3598 -0.231E-01
        415.0000      -65.97  0.4261 -0.197E-01        -59.83  0.3359 -0.392E-01        -47.32  0.3604 -0.247E-01
        416.0000      -67.76  0.4250 -0.150E-01        -60.29  0.3356 -0.369E-01        -46.95  0.3610 -0.259E-01
        417.0000      -70.28  0.4235 -0.985E-02        -60.78  0.3353 -0.348E-01        -46.61  0.3615 -0.267E-01
        418.0000      -73.12  0.4218 -0.502E-02        -61.33  0.3349 -0.328E-01        -46.29  0.3619 -0.272E-01
        419.0000      -76.13  0.4200 -0.840E-03        -61.96  0.3344 -0.307E-01        -46.02  0.3623 -0.275E-01
        420.0000      -79.18  0.4183  0.258E-02        -62.66  0.3340 -0.285E-01        -45.78  0.3627 -0.276E-01
        421.0000      -82.22  0.4166  0.535E-02        -63.41  0.3334 -0.264E-01        -45.57  0.3630 -0.275E-01
        422.0000      -85.12  0.4150  0.741E-02        -64.20  0.3329 -0.243E-01        -45.39  0.3632 -0.273E-01
        423.0000      -87.79  0.4135  0.871E-02        -65.03  0.3323 -0.223E-01        -45.23  0.3635 -0.269E-01
        424.0000      -90.13  0.4122  0.916E-02        -65.88  0.3317 -0.204E-01        -45.11  0.3637 -0.264E-01
        425.0000      -92.01  0.4111  0.871E-02        -66.73  0.3311 -0.187E-01        -45.01  0.3638 -0.259E-01
        426.0000      -93.38  0.4103  0.744E-02        -67.57  0.3305 -0.171E-01        -44.93  0.3639 -0.252E-01
        427.0000      -94.16  0.4099  0.533E-02        -68.38  0.3300 -0.157E-01        -44.87  0.3640 -0.246E-01
        428.0000      -80.90  0.4173 -0.627E-01        -69.16  0.3294 -0.145E-01        -44.83  0.3641 -0.238E-01
        429.0000      -74.93  0.4207 -0.409E-01        -69.78  0.3290 -0.144E-01        -44.80  0.3641 -0.231E-01
        430.0000      -76.78  0.4196 -0.243E-01        -70.00  0.3288 -0.156E-01        -44.80  0.3641 -0.224E-01
        431.0000      -78.87  0.4185 -0.167E-01        -70.01  0.3288 -0.169E-01        -44.81  0.3641 -0.218E-01
        432.0000      -80.62  0.4175 -0.131E-01        -69.97  0.3289 -0.176E-01        -44.83  0.3641 -0.213E-01
        433.0000      -82.18  0.4166 -0.106E-01        -69.97  0.3289 -0.178E-01        -44.86  0.3640 -0.209E-01
        434.0000      -83.54  0.4158 -0.897E-02        -70.03  0.3288 -0.177E-01        -44.90  0.3640 -0.206E-01
        435.0000      -84.76  0.4152 -0.777E-02        -70.14  0.3287 -0.174E-01        -44.93  0.3639 -0.203E-01
        436.0000      -85.87  0.4145 -0.689E-02        -70.31  0.3286 -0.170E-01        -44.96  0.3639 -0.201E-01
        437.0000      -86.88  0.4140 -0.619E-02        -70.51  0.3285 -0.165E-01        -44.98  0.3638 -0.198E-01
        438.0000      -87.81  0.4135 -0.564E-02        -70.75  0.3283 -0.160E-01        -45.00  0.3638 -0.195E-01
        439.0000      -88.68  0.4130 -0.518E-02        -71.02  0.3281 -0.154E-01        -45.02  0.3638 -0.192E-01
        440.0000      -89.64  0.4124 -0.431E-02        -71.30  0.3279 -0.149E-01        -45.03  0.3638 -0.189E-01
        441.0000      -90.87  0.4118 -0.272E-02        -71.60  0.3277 -0.144E-01        -45.05  0.3637 -0.187E-01
        442.0000      -92.36  0.4109 -0.703E-03        -71.92  0.3275 -0.138E-01        -45.08  0.3637 -0.184E-01
        443.0000      -94.09  0.4100  0.150E-02        -72.26  0.3273 -0.132E-01        -45.10  0.3637 -0.181E-01
        444.0000      -95.98  0.4089  0.358E-02        -72.62  0.3270 -0.125E-01        -45.13  0.3636 -0.178E-01
        445.0000      -97.93  0.4079  0.532E-02        -73.01  0.3267 -0.119E-01        -45.17  0.3636 -0.175E-01
        446.0000      -99.83  0.4070  0.657E-02        -73.43  0.3265 -0.111E-01        -45.20  0.3635 -0.172E-01
        447.0000     -101.59  0.4061  0.736E-02        -73.88  0.3261 -0.104E-01        -45.24  0.3635 -0.168E-01
        448.0000     -102.29  0.4057  0.539E-02        -74.33  0.3258 -0.963E-02        -45.27  0.3634 -0.164E-01
        449.0000     -103.39  0.4052  0.570E-02        -74.80  0.3255 -0.894E-02        -45.30  0.3634 -0.159E-01
        450.0000     -104.00  0.4049  0.482E-02        -75.27  0.3252 -0.831E-02        -45.35  0.3633 -0.155E-01
        451.0000     -104.47  0.4046  0.394E-02        -75.72  0.3249 -0.774E-02        -45.39  0.3632 -0.151E-01
        452.0000     -104.61  0.4046  0.269E-02        -76.16  0.3246 -0.725E-02        -45.45  0.3631 -0.148E-01
        453.0000     -104.69  0.4045  0.175E-02        -76.59  0.3243 -0.683E-02        -45.52  0.3630 -0.145E-01
        454.0000     -104.72  0.4045  0.101E-02        -76.98  0.3240 -0.648E-02        -45.59  0.3629 -0.141E-01
        455.0000     -104.77  0.4045  0.507E-03        -77.36  0.3237 -0.619E-02        -45.67  0.3628 -0.138E-01
        456.0000     -104.85  0.4045  0.135E-03        -77.71  0.3235 -0.596E-02        -45.76  0.3627 -0.136E-01
        457.0000     -104.95  0.4044 -0.134E-03        -78.03  0.3233 -0.577E-02        -45.85  0.3626 -0.133E-01
        458.0000     -105.07  0.4043 -0.337E-03        -78.34  0.3231 -0.560E-02        -45.95  0.3624 -0.130E-01
        459.0000     -105.21  0.4043 -0.491E-03        -78.62  0.3229 -0.547E-02        -46.05  0.3623 -0.128E-01
        460.0000     -105.36  0.4042 -0.609E-03        -78.89  0.3227 -0.535E-02        -46.15  0.3621 -0.125E-01
        461.0000     -105.52  0.4041 -0.699E-03        -79.14  0.3225 -0.524E-02        -46.24  0.3620 -0.122E-01
        462.0000     -105.69  0.4040 -0.769E-03        -79.38  0.3223 -0.515E-02        -46.34  0.3618 -0.119E-01
        463.0000     -105.87  0.4039 -0.823E-03        -79.61  0.3222 -0.506E-02        -46.43  0.3617 -0.116E-01
        464.0000     -106.22  0.4038 -0.429E-03        -79.83  0.3220 -0.498E-02        -46.53  0.3616 -0.113E-01
        465.0000     -106.90  0.4034  0.680E-03        -80.05  0.3219 -0.488E-02        -46.61  0.3615 -0.110E-01
        466.0000     -107.95  0.4029  0.229E-02        -80.26  0.3217 -0.476E-02        -46.70  0.3613 -0.107E-01
        467.0000     -109.33  0.4022  0.418E-02        -80.48  0.3216 -0.460E-02        -46.79  0.3612 -0.106E-01
        468.0000     -110.96  0.4014  0.608E-02        -80.71  0.3214 -0.439E-02        -46.88  0.3611 -0.104E-01
        469.0000     -112.72  0.4005  0.776E-02        -80.97  0.3213 -0.412E-02        -46.97  0.3609 -0.102E-01
        470.0000     -114.51  0.3996  0.912E-02        -81.24  0.3211 -0.380E-02        -47.06  0.3608 -0.998E-02
        471.0000     -116.17  0.3987  0.995E-02        -81.54  0.3209 -0.343E-02        -47.15  0.3607 -0.976E-02
        472.0000     -117.62  0.3980  0.103E-01        -81.86  0.3206 -0.304E-02        -47.23  0.3605 -0.947E-02
        473.0000     -118.73  0.3974  0.100E-01        -82.20  0.3204 -0.262E-02        -47.30  0.3604 -0.915E-02
        474.0000     -119.41  0.3971  0.913E-02        -82.55  0.3202 -0.222E-02        -47.37  0.3603 -0.882E-02
        475.0000     -119.59  0.3970  0.768E-02        -82.91  0.3199 -0.185E-02        -47.44  0.3602 -0.845E-02
        476.0000     -119.42  0.3971  0.608E-02        -83.26  0.3197 -0.151E-02        -47.49  0.3602 -0.806E-02
        477.0000     -119.09  0.3972  0.476E-02        -83.60  0.3194 -0.123E-02        -47.54  0.3601 -0.765E-02
        478.0000     -118.70  0.3974  0.373E-02        -83.93  0.3192 -0.101E-02        -47.59  0.3600 -0.723E-02
        479.0000     -118.34  0.3976  0.297E-02        -84.23  0.3190 -0.837E-03        -47.62  0.3600 -0.674E-02
        480.0000     -118.02  0.3978  0.239E-02        -84.51  0.3188 -0.714E-03        -47.65  0.3599 -0.624E-02
        481.0000     -117.75  0.3979  0.197E-02        -84.77  0.3186 -0.630E-03        -47.67  0.3599 -0.573E-02
        482.0000     -117.51  0.3980  0.162E-02        -85.00  0.3185 -0.575E-03        -47.67  0.3599 -0.523E-02
        483.0000     -117.32  0.3981  0.134E-02        -85.21  0.3183 -0.542E-03        -47.67  0.3599 -0.471E-02
        484.0000     -117.15  0.3982  0.111E-02        -85.39  0.3182 -0.524E-03        -47.66  0.3599 -0.418E-02
        485.0000     -117.01  0.3983  0.927E-03        -85.56  0.3181 -0.514E-03        -47.64  0.3599 -0.368E-02
        486.0000     -116.89  0.3984  0.771E-03        -85.71  0.3180 -0.511E-03        -47.62  0.3600 -0.322E-02
        487.0000     -116.79  0.3984  0.641E-03        -85.85  0.3179 -0.511E-03        -47.60  0.3600 -0.286E-02
        488.0000     -112.46  0.4006 -0.152E-01        -85.98  0.3178 -0.514E-03        -47.57  0.3600 -0.250E-02
        489.0000     -105.89  0.4039 -0.229E-01        -86.08  0.3177 -0.571E-03        -47.55  0.3601 -0.214E-02
        490.0000     -105.11  0.4043 -0.135E-01        -86.11  0.3177 -0.874E-03        -47.51  0.3601 -0.180E-02
        491.0000     -107.17  0.4033 -0.500E-02        -86.04  0.3178 -0.138E-02        -47.48  0.3602 -0.155E-02
        492.0000     -109.88  0.4019  0.816E-03        -85.92  0.3179 -0.187E-02        -47.46  0.3602 -0.136E-02
        493.0000     -112.74  0.4005  0.475E-02        -85.80  0.3179 -0.213E-02        -47.44  0.3602 -0.130E-02
        494.0000     -113.08  0.4003 -0.112E-02        -85.68  0.3180 -0.230E-02        -47.42  0.3603 -0.124E-02
        495.0000     -112.29  0.4007 -0.206E-02        -85.62  0.3181 -0.226E-02        -47.40  0.3603 -0.120E-02
        496.0000     -113.48  0.4001  0.184E-02        -85.59  0.3181 -0.216E-02        -47.38  0.3603 -0.119E-02
        497.0000     -115.20  0.3992  0.456E-02        -85.58  0.3181 -0.205E-02        -47.37  0.3603 -0.119E-02
        498.0000     -116.51  0.3985  0.519E-02        -85.60  0.3181 -0.188E-02        -47.34  0.3604 -0.116E-02
        499.0000     -117.26  0.3981  0.471E-02        -85.65  0.3180 -0.168E-02        -47.33  0.3604 -0.119E-02
        500.0000     -117.52  0.3980  0.364E-02        -85.72  0.3180 -0.146E-02        -47.30  0.3604 -0.110E-02
        501.0000     -117.54  0.3980  0.271E-02        -85.80  0.3179 -0.124E-02        -47.28  0.3605 -0.103E-02
        502.0000     -117.44  0.3981  0.198E-02        -85.90  0.3179 -0.104E-02        -47.24  0.3605 -0.919E-03
        503.0000     -117.32  0.3981  0.148E-02        -85.99  0.3178 -0.862E-03        -47.22  0.3606 -0.894E-03
        504.0000     -117.21  0.3982  0.113E-02        -86.08  0.3177 -0.717E-03        -47.20  0.3606 -0.866E-03
        505.0000     -117.11  0.3983  0.873E-03        -86.17  0.3177 -0.600E-03        -47.18  0.3606 -0.847E-03
        506.0000     -117.02  0.3983  0.685E-03        -86.25  0.3176 -0.509E-03        -47.16  0.3606 -0.864E-03
        507.0000     -116.95  0.3983  0.543E-03        -86.32  0.3176 -0.438E-03        -47.15  0.3607 -0.828E-03
        508.0000     -116.19  0.3987 -0.203E-02        -86.39  0.3175 -0.377E-03        -47.14  0.3607 -0.787E-03
        509.0000     -115.38  0.3991 -0.241E-02        -86.44  0.3175 -0.346E-03        -47.13  0.3607 -0.755E-03
        510.0000     -114.94  0.3993 -0.247E-02        -86.49  0.3175 -0.350E-03        -47.12  0.3607 -0.735E-03
        511.0000     -113.04  0.4003 -0.814E-02        -86.51  0.3174 -0.394E-03        -47.11  0.3607 -0.614E-03
        512.0000     -102.78  0.4055 -0.406E-01        -86.52  0.3174 -0.489E-03        -47.09  0.3608 -0.435E-03
        513.0000      -90.37  0.4120 -0.575E-01        -86.48  0.3175 -0.794E-03        -47.06  0.3608 -0.297E-03
        514.0000      -84.05  0.4156 -0.557E-01        -86.28  0.3176 -0.172E-02        -47.04  0.3608 -0.195E-03
        515.0000      -77.22  0.4194 -0.697E-01        -85.81  0.3179 -0.347E-02        -47.02  0.3609 -0.184E-03
        516.0000      -69.74  0.4238 -0.826E-01        -84.97  0.3185 -0.601E-02        -47.01  0.3609 -0.241E-03
        517.0000      -65.24  0.4265 -0.801E-01        -83.80  0.3193 -0.930E-02        -46.99  0.3609 -0.343E-03
        518.0000      -37.17  0.4443 -0.271E+00        -82.20  0.3204 -0.136E-01        -46.98  0.3609 -0.505E-03
        519.0000      -43.52  0.4401 -0.967E-01        -79.63  0.3222 -0.221E-01        -46.96  0.3609 -0.841E-03
        520.0000      -22.55  0.4538 -0.318E+00        -75.57  0.3250 -0.348E-01        -46.94  0.3610 -0.143E-02
        521.0000      -34.76  0.4458 -0.875E-01        -69.82  0.3290 -0.539E-01        -46.91  0.3610 -0.229E-02
        522.0000      -43.01  0.4404 -0.519E-01        -64.63  0.3326 -0.629E-01        -46.79  0.3612 -0.312E-02
        523.0000      -48.86  0.4367 -0.368E-01        -61.31  0.3349 -0.625E-01        -46.56  0.3615 -0.450E-02
        524.0000      -53.10  0.4339 -0.294E-01        -59.75  0.3361 -0.584E-01        -46.22  0.3620 -0.685E-02
        525.0000      -56.41  0.4319 -0.272E-01        -58.60  0.3367 -0.535E-01        -45.86  0.3626 -0.948E-02
        526.0000      -55.99  0.4322 -0.430E-01        -58.23  0.3370 -0.492E-01        -45.38  0.3633 -0.119E-01
        527.0000      -58.03  0.4309 -0.290E-01        -58.13  0.3371 -0.463E-01        -44.68  0.3643 -0.123E-01
        528.0000      -60.95  0.4291 -0.210E-01        -58.16  0.3370 -0.438E-01        -43.89  0.3654 -0.132E-01
        529.0000      -63.59  0.4275 -0.171E-01        -58.34  0.3369 -0.412E-01        -43.19  0.3665 -0.151E-01
        530.0000      -65.81  0.4262 -0.147E-01        -58.68  0.3367 -0.386E-01        -42.61  0.3673 -0.171E-01
        531.0000      -67.82  0.4249 -0.129E-01        -59.08  0.3364 -0.361E-01        -42.09  0.3681 -0.187E-01
        532.0000      -69.63  0.4239 -0.115E-01        -59.53  0.3361 -0.339E-01        -41.61  0.3688 -0.198E-01
        533.0000      -71.29  0.4229 -0.103E-01        -59.99  0.3358 -0.318E-01        -41.18  0.3694 -0.206E-01
        534.0000      -72.81  0.4220 -0.937E-02        -60.48  0.3355 -0.299E-01        -40.78  0.3700 -0.209E-01
        535.0000      -74.24  0.4211 -0.854E-02        -60.97  0.3351 -0.281E-01        -40.40  0.3705 -0.209E-01
        536.0000      -75.79  0.4202 -0.696E-02        -61.47  0.3348 -0.265E-01        -40.05  0.3711 -0.208E-01
        537.0000      -77.70  0.4191 -0.428E-02        -61.98  0.3344 -0.249E-01        -39.72  0.3715 -0.205E-01
        538.0000      -79.95  0.4179 -0.110E-02        -62.50  0.3341 -0.233E-01        -39.43  0.3720 -0.202E-01
        539.0000      -82.47  0.4165  0.222E-02        -63.05  0.3337 -0.218E-01        -39.17  0.3723 -0.198E-01
        540.0000      -85.17  0.4150  0.534E-02        -63.63  0.3333 -0.201E-01        -38.94  0.3727 -0.195E-01
        541.0000      -87.92  0.4134  0.801E-02        -64.24  0.3328 -0.185E-01        -38.74  0.3730 -0.191E-01
        542.0000      -90.60  0.4119  0.100E-01        -64.88  0.3324 -0.169E-01        -38.58  0.3732 -0.188E-01
        543.0000      -93.07  0.4105  0.113E-01        -65.54  0.3319 -0.153E-01        -38.45  0.3734 -0.183E-01
        544.0000      -95.22  0.4093  0.116E-01        -66.22  0.3315 -0.138E-01        -38.33  0.3736 -0.178E-01
        545.0000      -96.93  0.4084  0.111E-01        -66.90  0.3310 -0.124E-01        -38.24  0.3737 -0.173E-01
        546.0000      -98.08  0.4078  0.971E-02        -67.57  0.3305 -0.111E-01        -38.16  0.3738 -0.167E-01
        547.0000      -98.62  0.4076  0.750E-02        -68.22  0.3301 -0.997E-02        -38.10  0.3739 -0.160E-01
        548.0000      -98.74  0.4075  0.522E-02        -68.83  0.3297 -0.901E-02        -38.04  0.3740 -0.152E-01
        549.0000      -98.71  0.4075  0.348E-02        -69.40  0.3293 -0.822E-02        -37.99  0.3741 -0.143E-01
        550.0000      -98.64  0.4076  0.221E-02        -69.91  0.3289 -0.758E-02        -37.94  0.3741 -0.135E-01
        551.0000      -98.62  0.4076  0.133E-02        -70.39  0.3286 -0.707E-02        -37.90  0.3742 -0.128E-01
        552.0000      -98.63  0.4076  0.713E-03        -70.81  0.3283 -0.665E-02        -37.87  0.3742 -0.121E-01
        553.0000      -98.68  0.4076  0.271E-03        -71.19  0.3280 -0.631E-02        -37.84  0.3743 -0.114E-01
        554.0000      -98.77  0.4075 -0.528E-04        -71.53  0.3278 -0.602E-02        -37.82  0.3743 -0.107E-01
        555.0000      -98.89  0.4075 -0.292E-03        -71.83  0.3276 -0.578E-02        -37.78  0.3744 -0.992E-02
        556.0000      -94.91  0.4095 -0.175E-01        -72.12  0.3274 -0.556E-02        -37.74  0.3744 -0.896E-02
        557.0000      -86.89  0.4140 -0.376E-01        -72.34  0.3272 -0.560E-02        -37.67  0.3745 -0.812E-02
        558.0000      -78.22  0.4188 -0.549E-01        -72.38  0.3272 -0.636E-02        -37.62  0.3746 -0.755E-02
        559.0000      -68.80  0.4244 -0.763E-01        -72.12  0.3274 -0.814E-02        -37.56  0.3747 -0.699E-02
        560.0000      -59.39  0.4300 -0.977E-01        -71.28  0.3279 -0.116E-01        -37.49  0.3748 -0.649E-02
        561.0000      -57.60  0.4312 -0.723E-01        -70.21  0.3287 -0.160E-01        -37.41  0.3749 -0.607E-02
        562.0000      -60.03  0.4296 -0.487E-01        -68.59  0.3298 -0.213E-01        -37.32  0.3750 -0.595E-02
        563.0000      -64.74  0.4268 -0.265E-01        -66.92  0.3310 -0.249E-01        -37.21  0.3751 -0.602E-02
        564.0000      -69.44  0.4240 -0.141E-01        -65.62  0.3319 -0.260E-01        -37.06  0.3753 -0.643E-02
        565.0000      -70.15  0.4236 -0.254E-01        -64.67  0.3325 -0.258E-01        -36.88  0.3756 -0.704E-02
        566.0000      -59.90  0.4297 -0.849E-01        -64.08  0.3330 -0.250E-01        -36.67  0.3759 -0.787E-02
        567.0000      -61.07  0.4290 -0.391E-01        -63.45  0.3334 -0.260E-01        -36.44  0.3762 -0.877E-02
        568.0000      -65.86  0.4261 -0.197E-01        -62.67  0.3339 -0.274E-01        -36.18  0.3765 -0.940E-02
        569.0000      -69.20  0.4241 -0.141E-01        -62.06  0.3344 -0.275E-01        -35.87  0.3769 -0.954E-02
        570.0000      -67.36  0.4252 -0.357E-01        -61.64  0.3347 -0.268E-01        -35.54  0.3774 -0.993E-02
        571.0000      -67.87  0.4250 -0.243E-01        -61.39  0.3348 -0.261E-01        -35.22  0.3778 -0.107E-01
        572.0000      -69.97  0.4237 -0.170E-01        -61.19  0.3350 -0.256E-01        -34.90  0.3782 -0.113E-01
        573.0000      -71.90  0.4225 -0.132E-01        -61.07  0.3351 -0.248E-01        -34.56  0.3787 -0.114E-01
        574.0000      -73.54  0.4215 -0.111E-01        -61.06  0.3351 -0.238E-01        -34.23  0.3791 -0.115E-01
        575.0000      -75.02  0.4206 -0.942E-02        -61.13  0.3350 -0.227E-01        -33.89  0.3796 -0.115E-01
        576.0000      -76.36  0.4199 -0.824E-02        -61.26  0.3349 -0.215E-01        -33.59  0.3800 -0.119E-01
        577.0000      -77.57  0.4192 -0.736E-02        -61.44  0.3348 -0.203E-01        -33.31  0.3803 -0.121E-01
        578.0000      -78.32  0.4188 -0.862E-02        -61.63  0.3347 -0.192E-01        -33.04  0.3807 -0.121E-01
        579.0000      -79.14  0.4183 -0.753E-02        -61.85  0.3345 -0.181E-01        -32.77  0.3811 -0.119E-01
        580.0000      -80.13  0.4178 -0.645E-02        -62.08  0.3344 -0.172E-01        -32.52  0.3814 -0.116E-01
        581.0000      -80.02  0.4178 -0.108E-01        -62.30  0.3342 -0.163E-01        -32.25  0.3818 -0.109E-01
        582.0000      -71.28  0.4229 -0.562E-01        -62.51  0.3341 -0.156E-01        -31.98  0.3821 -0.102E-01
        583.0000      -66.04  0.4260 -0.505E-01        -62.56  0.3340 -0.160E-01        -31.72  0.3825 -0.975E-02
        584.0000      -43.38  0.4402 -0.196E+00        -62.20  0.3343 -0.184E-01        -31.47  0.3828 -0.924E-02
        585.0000      -47.14  0.4378 -0.714E-01        -60.89  0.3352 -0.255E-01        -31.24  0.3831 -0.902E-02
        586.0000      -53.44  0.4338 -0.382E-01        -58.91  0.3365 -0.323E-01        -31.02  0.3834 -0.947E-02
        587.0000      -58.45  0.4306 -0.225E-01        -57.28  0.3377 -0.350E-01        -30.79  0.3837 -0.106E-01
        588.0000      -57.04  0.4315 -0.486E-01        -56.15  0.3384 -0.349E-01        -30.54  0.3841 -0.118E-01
        589.0000      -59.37  0.4301 -0.258E-01        -55.48  0.3389 -0.342E-01        -30.23  0.3845 -0.130E-01
        590.0000      -63.31  0.4277 -0.134E-01        -55.06  0.3392 -0.330E-01        -29.87  0.3849 -0.140E-01
        591.0000      -66.76  0.4256 -0.743E-02        -54.92  0.3393 -0.312E-01        -29.48  0.3854 -0.146E-01
        592.0000      -68.99  0.4243 -0.803E-02        -54.98  0.3392 -0.289E-01        -29.06  0.3859 -0.146E-01
        593.0000      -69.68  0.4238 -0.125E-01        -55.21  0.3390 -0.266E-01        -28.62  0.3864 -0.147E-01
        594.0000      -70.98  0.4231 -0.889E-02        -55.52  0.3388 -0.247E-01        -28.21  0.3869 -0.146E-01
        595.0000      -72.51  0.4221 -0.694E-02        -55.83  0.3386 -0.230E-01        -27.81  0.3874 -0.142E-01
        596.0000      -73.76  0.4214 -0.643E-02        -56.14  0.3384 -0.215E-01        -27.45  0.3878 -0.140E-01
        597.0000      -74.81  0.4208 -0.604E-02        -56.46  0.3382 -0.201E-01        -26.97  0.3883 -0.116E-01
        598.0000      -75.78  0.4202 -0.564E-02        -56.75  0.3380 -0.187E-01        -25.94  0.3895 -0.239E-02
        599.0000      -76.69  0.4197 -0.527E-02        -57.01  0.3378 -0.174E-01        -25.26  0.3904 -0.147E-02
        600.0000      -77.53  0.4192 -0.493E-02        -57.23  0.3377 -0.160E-01        -24.66  0.3910 -0.137E-02
        601.0000      -78.32  0.4188 -0.461E-02        -57.42  0.3375 -0.148E-01        -24.19  0.3916 -0.172E-02
        602.0000      -79.06  0.4184 -0.431E-02        -57.58  0.3374 -0.136E-01        -23.74  0.3921 -0.153E-02
        603.0000      -79.74  0.4180 -0.403E-02        -57.71  0.3373 -0.126E-01        -23.29  0.3926 -0.853E-03
        604.0000      -80.38  0.4176 -0.376E-02        -57.83  0.3373 -0.115E-01        -22.80  0.3931  0.459E-03
        605.0000      -80.98  0.4173 -0.351E-02        -57.92  0.3372 -0.106E-01        -22.32  0.3935  0.175E-02
        606.0000      -81.53  0.4170 -0.327E-02        -57.98  0.3372 -0.966E-02        -21.80  0.3940  0.348E-02
        607.0000      -82.04  0.4167 -0.304E-02        -58.02  0.3371 -0.878E-02        -21.26  0.3946  0.502E-02
        608.0000      -82.73  0.4163 -0.212E-02        -58.04  0.3371 -0.789E-02        -20.68  0.3952  0.685E-02
        609.0000      -83.77  0.4157 -0.126E-03        -58.03  0.3371 -0.698E-02        -20.13  0.3957  0.804E-02
        610.0000      -85.17  0.4150  0.251E-02        -58.03  0.3371 -0.602E-02        -19.66  0.3962  0.809E-02
        611.0000      -86.88  0.4140  0.541E-02        -58.03  0.3371 -0.499E-02        -19.19  0.3966  0.864E-02
        612.0000      -88.79  0.4129  0.819E-02        -58.04  0.3371 -0.388E-02        -18.79  0.3970  0.835E-02
        613.0000      -90.78  0.4118  0.106E-01        -58.09  0.3371 -0.271E-02        -18.36  0.3974  0.907E-02
        614.0000      -92.70  0.4107  0.124E-01        -58.15  0.3371 -0.148E-02        -17.93  0.3977  0.101E-01
        615.0000      -94.44  0.4098  0.135E-01        -58.25  0.3370 -0.255E-03        -17.61  0.3980  0.944E-02
        616.0000      -95.86  0.4090  0.138E-01        -58.36  0.3369  0.941E-03        -17.29  0.3983  0.963E-02
        617.0000      -96.88  0.4085  0.133E-01        -58.48  0.3368  0.205E-02        -17.06  0.3985  0.897E-02
        618.0000      -97.37  0.4082  0.120E-01        -58.61  0.3367  0.305E-02        -16.83  0.3987  0.890E-02
        619.0000      -97.31  0.4082  0.993E-02        -58.73  0.3367  0.389E-02        -16.63  0.3988  0.897E-02
        620.0000      -96.86  0.4085  0.777E-02        -58.83  0.3366  0.458E-02        -16.43  0.3990  0.921E-02
        621.0000      -96.28  0.4088  0.609E-02        -58.90  0.3365  0.510E-02        -16.22  0.3992  0.100E-01
        622.0000      -95.68  0.4091  0.485E-02        -58.93  0.3365  0.549E-02        -16.05  0.3993  0.100E-01
        623.0000      -95.13  0.4094  0.399E-02        -58.93  0.3365  0.574E-02        -15.93  0.3994  0.955E-02
        624.0000      -94.62  0.4097  0.337E-02        -58.90  0.3365  0.588E-02        -15.84  0.3995  0.919E-02
        625.0000      -94.16  0.4099  0.292E-02        -58.85  0.3366  0.593E-02        -15.76  0.3995  0.886E-02
        626.0000      -93.74  0.4102  0.257E-02        -58.78  0.3366  0.591E-02        -15.70  0.3996  0.861E-02
        627.0000      -93.34  0.4104  0.231E-02        -58.69  0.3367  0.585E-02        -15.60  0.3997  0.892E-02
        628.0000      -92.99  0.4106  0.211E-02        -58.59  0.3368  0.577E-02        -15.54  0.3997  0.863E-02
        629.0000      -92.65  0.4108  0.194E-02        -58.49  0.3368  0.566E-02        -15.47  0.3998  0.856E-02
        630.0000      -92.33  0.4109  0.181E-02        -58.37  0.3369  0.555E-02        -15.37  0.3998  0.889E-02
        631.0000      -92.03  0.4111  0.169E-02        -58.25  0.3370  0.545E-02        -15.24  0.4000  0.944E-02
        632.0000      -92.02  0.4111  0.244E-02        -58.12  0.3371  0.537E-02        -15.14  0.4000  0.940E-02
        633.0000      -92.54  0.4109  0.452E-02        -58.00  0.3372  0.534E-02        -15.03  0.4001  0.933E-02
        634.0000      -93.62  0.4103  0.745E-02        -57.89  0.3372  0.540E-02        -14.97  0.4002  0.880E-02
        635.0000      -95.16  0.4094  0.107E-01        -57.81  0.3373  0.557E-02        -14.90  0.4002  0.851E-02
        636.0000      -97.05  0.4084  0.138E-01        -57.78  0.3373  0.589E-02        -14.80  0.4003  0.886E-02
        637.0000      -99.08  0.4074  0.165E-01        -57.79  0.3373  0.634E-02        -14.72  0.4004  0.878E-02
        638.0000     -101.10  0.4063  0.185E-01        -57.85  0.3373  0.691E-02        -14.64  0.4004  0.893E-02
        639.0000     -102.91  0.4054  0.197E-01        -57.95  0.3372  0.756E-02        -14.59  0.4005  0.861E-02
        640.0000     -104.38  0.4047  0.200E-01        -58.09  0.3371  0.824E-02        -14.53  0.4005  0.879E-02
        641.0000     -105.35  0.4042  0.194E-01        -58.27  0.3370  0.890E-02        -14.54  0.4005  0.831E-02
        642.0000     -105.69  0.4040  0.178E-01        -58.45  0.3369  0.950E-02        -14.55  0.4005  0.808E-02
        643.0000     -105.31  0.4042  0.152E-01        -58.64  0.3367  0.998E-02        -14.58  0.4005  0.802E-02
        644.0000     -104.44  0.4046  0.125E-01        -58.82  0.3366  0.103E-01        -14.64  0.4004  0.771E-02
        645.0000     -103.39  0.4052  0.103E-01        -58.97  0.3365  0.105E-01        -14.66  0.4004  0.813E-02
        646.0000     -102.30  0.4057  0.856E-02        -59.09  0.3364  0.106E-01        -14.67  0.4004  0.868E-02
        647.0000     -101.27  0.4063  0.726E-02        -59.18  0.3364  0.105E-01        -14.68  0.4004  0.896E-02
        648.0000     -100.32  0.4067  0.626E-02        -59.23  0.3363  0.104E-01        -14.75  0.4003  0.841E-02
        649.0000      -99.45  0.4072  0.549E-02        -59.24  0.3363  0.102E-01        -14.71  0.4004  0.971E-02
        650.0000      -98.65  0.4076  0.487E-02        -59.23  0.3363  0.994E-02        -14.74  0.4004  0.943E-02
        651.0000      -97.92  0.4080  0.437E-02        -59.19  0.3364  0.966E-02        -14.77  0.4003  0.911E-02
        652.0000      -97.25  0.4083  0.394E-02        -59.12  0.3364  0.936E-02        -14.78  0.4003  0.929E-02
        653.0000      -96.63  0.4086  0.359E-02        -59.04  0.3364  0.906E-02        -14.76  0.4003  0.970E-02
        654.0000      -96.05  0.4089  0.330E-02        -58.95  0.3365  0.877E-02        -14.72  0.4004  0.101E-01
        655.0000      -95.51  0.4092  0.305E-02        -58.84  0.3366  0.848E-02        -14.70  0.4004  0.100E-01
        656.0000      -95.36  0.4093  0.389E-02        -58.72  0.3367  0.823E-02        -14.66  0.4004  0.100E-01
        657.0000      -95.94  0.4090  0.644E-02        -58.60  0.3367  0.804E-02        -14.59  0.4005  0.104E-01
        658.0000      -97.24  0.4083  0.100E-01        -58.51  0.3368  0.796E-02        -14.60  0.4005  0.945E-02
        659.0000      -99.18  0.4073  0.140E-01        -58.45  0.3369  0.801E-02        -14.65  0.4004  0.835E-02
        660.0000     -101.58  0.4061  0.178E-01        -58.44  0.3369  0.823E-02        -14.64  0.4004  0.861E-02
        661.0000     -104.18  0.4048  0.211E-01        -58.49  0.3368  0.862E-02        -14.65  0.4004  0.845E-02
        662.0000     -106.79  0.4035  0.236E-01        -58.60  0.3368  0.916E-02        -14.61  0.4004  0.915E-02
        663.0000     -109.21  0.4022  0.251E-01        -58.76  0.3366  0.983E-02        -14.58  0.4005  0.932E-02
        664.0000     -111.20  0.4012  0.256E-01        -58.97  0.3365  0.106E-01        -14.53  0.4005  0.100E-01
        665.0000     -112.58  0.4005  0.249E-01        -59.20  0.3363  0.113E-01        -14.53  0.4005  0.982E-02
        666.0000     -113.16  0.4002  0.231E-01        -59.45  0.3362  0.120E-01        -14.55  0.4005  0.973E-02
        667.0000     -112.81  0.4004  0.201E-01        -59.70  0.3360  0.126E-01        -14.52  0.4005  0.107E-01
        668.0000     -111.74  0.4009  0.167E-01        -59.94  0.3358  0.130E-01        -14.58  0.4005  0.101E-01
        669.0000     -110.37  0.4016  0.139E-01        -60.15  0.3357  0.133E-01        -14.62  0.4004  0.103E-01
        670.0000     -108.92  0.4024  0.116E-01        -60.32  0.3356  0.135E-01        -14.63  0.4004  0.110E-01
        671.0000     -107.53  0.4031  0.991E-02        -60.45  0.3355  0.135E-01        -14.67  0.4004  0.111E-01
        672.0000     -106.24  0.4038  0.861E-02        -60.53  0.3354  0.133E-01        -14.74  0.4004  0.108E-01
        673.0000     -105.06  0.4043  0.759E-02        -60.58  0.3354  0.131E-01        -14.79  0.4003  0.109E-01
        674.0000     -103.98  0.4049  0.676E-02        -60.59  0.3354  0.128E-01        -14.87  0.4003  0.106E-01
        675.0000     -102.98  0.4054  0.609E-02        -60.57  0.3354  0.125E-01        -14.93  0.4002  0.107E-01
        676.0000     -102.06  0.4059  0.551E-02        -60.52  0.3354  0.121E-01        -14.98  0.4002  0.108E-01
        677.0000     -101.20  0.4063  0.503E-02        -60.46  0.3355  0.117E-01        -15.00  0.4002  0.110E-01
        678.0000     -100.41  0.4067  0.461E-02        -60.37  0.3355  0.113E-01        -14.97  0.4002  0.118E-01
        679.0000      -99.67  0.4071  0.424E-02        -60.26  0.3356  0.109E-01        -14.94  0.4002  0.122E-01
        680.0000      -99.40  0.4072  0.513E-02        -60.14  0.3357  0.106E-01        -14.93  0.4002  0.120E-01
        681.0000     -100.01  0.4069  0.794E-02        -60.02  0.3358  0.103E-01        -14.93  0.4002  0.116E-01
        682.0000     -101.50  0.4062  0.120E-01        -59.91  0.3359  0.102E-01        -14.97  0.4002  0.108E-01
        683.0000     -103.79  0.4050  0.165E-01        -59.85  0.3359  0.102E-01        -15.00  0.4002  0.104E-01
        684.0000     -106.62  0.4036  0.209E-01        -59.84  0.3359  0.103E-01        -14.97  0.4002  0.109E-01
        685.0000     -109.77  0.4020  0.247E-01        -59.88  0.3359  0.107E-01        -14.99  0.4002  0.105E-01
        686.0000     -112.91  0.4004  0.275E-01        -60.00  0.3358  0.112E-01        -15.06  0.4001  0.957E-02
        687.0000     -115.95  0.3988  0.295E-01        -60.18  0.3357  0.119E-01        -15.08  0.4001  0.997E-02
        688.0000     -118.48  0.3975  0.301E-01        -60.41  0.3355  0.126E-01        -15.10  0.4001  0.103E-01
        689.0000     -120.31  0.3966  0.295E-01        -60.69  0.3353  0.134E-01        -15.14  0.4000  0.103E-01
        690.0000     -121.22  0.3962  0.276E-01        -60.99  0.3351  0.141E-01        -15.16  0.4000  0.108E-01
        691.0000     -120.95  0.3963  0.243E-01        -61.29  0.3349  0.147E-01        -15.22  0.4000  0.108E-01
        692.0000     -119.80  0.3968  0.206E-01        -61.58  0.3347  0.152E-01        -15.23  0.4000  0.116E-01
        693.0000     -118.20  0.3977  0.173E-01        -61.85  0.3345  0.155E-01        -15.31  0.3999  0.114E-01
        694.0000     -116.42  0.3986  0.145E-01        -62.07  0.3344  0.157E-01        -15.41  0.3998  0.112E-01
        695.0000     -114.69  0.3995  0.124E-01        -62.26  0.3342  0.157E-01        -15.47  0.3998  0.117E-01
        696.0000     -113.05  0.4003  0.108E-01        -62.40  0.3341  0.156E-01        -15.61  0.3997  0.110E-01
        697.0000     -111.54  0.4011  0.952E-02        -62.51  0.3341  0.153E-01        -15.75  0.3995  0.106E-01
        698.0000     -110.15  0.4018  0.849E-02        -62.57  0.3340  0.150E-01        -15.86  0.3994  0.109E-01
        699.0000     -108.88  0.4024  0.765E-02        -62.60  0.3340  0.146E-01        -15.98  0.3993  0.107E-01
        700.0000     -107.72  0.4030  0.695E-02        -62.60  0.3340  0.142E-01        -16.07  0.3993  0.111E-01
        701.0000     -106.65  0.4035  0.636E-02        -62.56  0.3340  0.137E-01        -16.10  0.3992  0.118E-01
        702.0000     -105.65  0.4040  0.585E-02        -62.51  0.3341  0.133E-01        -16.15  0.3992  0.119E-01
        703.0000     -104.72  0.4045  0.540E-02        -62.43  0.3341  0.128E-01        -16.15  0.3992  0.125E-01
        704.0000     -104.26  0.4048  0.610E-02        -62.33  0.3342  0.124E-01        -16.19  0.3992  0.122E-01
        705.0000     -104.68  0.4046  0.862E-02        -62.22  0.3343  0.121E-01        -16.20  0.3992  0.124E-01
        706.0000     -106.02  0.4039  0.124E-01        -62.13  0.3343  0.118E-01        -16.22  0.3992  0.122E-01
        707.0000     -108.17  0.4028  0.167E-01        -62.06  0.3344  0.117E-01        -16.27  0.3991  0.116E-01
        708.0000     -110.90  0.4014  0.209E-01        -62.03  0.3344  0.118E-01        -16.26  0.3991  0.119E-01
        709.0000     -113.94  0.3999  0.245E-01        -62.06  0.3344  0.121E-01        -16.30  0.3991  0.115E-01
        710.0000     -117.14  0.3982  0.275E-01        -62.15  0.3343  0.125E-01        -16.32  0.3991  0.114E-01
        711.0000     -120.08  0.3967  0.292E-01        -62.29  0.3342  0.130E-01        -16.32  0.3991  0.119E-01
        712.0000     -122.64  0.3956  0.299E-01        -62.49  0.3341  0.136E-01        -16.32  0.3991  0.120E-01
        713.0000     -124.47  0.3947  0.294E-01        -62.72  0.3339  0.143E-01        -16.29  0.3991  0.128E-01
        714.0000     -125.35  0.3943  0.276E-01        -62.97  0.3337  0.149E-01        -16.29  0.3991  0.130E-01
        715.0000     -125.10  0.3944  0.245E-01        -63.23  0.3335  0.155E-01        -16.29  0.3991  0.131E-01
        716.0000     -123.93  0.3950  0.209E-01        -63.48  0.3334  0.160E-01        -16.33  0.3991  0.132E-01
        717.0000     -122.28  0.3957  0.177E-01        -63.71  0.3332  0.163E-01        -16.32  0.3991  0.139E-01
        718.0000     -120.43  0.3966  0.150E-01        -63.91  0.3331  0.165E-01        -16.36  0.3990  0.138E-01
        719.0000     -118.63  0.3975  0.129E-01        -64.06  0.3330  0.166E-01        -16.43  0.3990  0.135E-01
        720.0000     -116.88  0.3984  0.112E-01        -64.17  0.3329  0.165E-01        -16.53  0.3989  0.130E-01
        721.0000     -115.29  0.3992  0.996E-02        -64.25  0.3328  0.163E-01        -16.62  0.3988  0.130E-01
        722.0000     -113.79  0.3999  0.890E-02        -64.29  0.3328  0.160E-01        -16.69  0.3988  0.131E-01
        723.0000     -112.43  0.4006  0.806E-02        -64.29  0.3328  0.157E-01        -16.78  0.3987  0.129E-01
        724.0000     -111.16  0.4013  0.734E-02        -64.26  0.3328  0.153E-01        -16.83  0.3987  0.134E-01
        725.0000     -109.99  0.4019  0.674E-02        -64.21  0.3329  0.148E-01        -16.87  0.3986  0.136E-01
        726.0000     -108.91  0.4024  0.623E-02        -64.12  0.3329  0.144E-01        -16.90  0.3986  0.137E-01
        727.0000     -107.90  0.4029  0.578E-02        -64.02  0.3330  0.140E-01        -16.92  0.3986  0.138E-01
        728.0000     -107.42  0.4032  0.663E-02        -63.90  0.3331  0.136E-01        -16.94  0.3986  0.138E-01
        729.0000     -107.99  0.4029  0.958E-02        -63.78  0.3332  0.132E-01        -17.01  0.3985  0.129E-01
        730.0000     -109.64  0.4021  0.139E-01        -63.67  0.3332  0.129E-01        -17.07  0.3985  0.125E-01
        731.0000     -112.24  0.4008  0.189E-01        -63.60  0.3333  0.128E-01        -17.11  0.3984  0.125E-01
        732.0000     -115.52  0.3991  0.236E-01        -63.57  0.3333  0.129E-01        -17.14  0.3984  0.123E-01
        733.0000     -119.27  0.3972  0.278E-01        -63.61  0.3333  0.131E-01        -17.14  0.3984  0.128E-01
        734.0000     -123.15  0.3954  0.310E-01        -63.70  0.3332  0.136E-01        -17.16  0.3984  0.126E-01
        735.0000     -126.82  0.3937  0.330E-01        -63.86  0.3331  0.142E-01        -17.15  0.3984  0.131E-01
        736.0000     -129.95  0.3923  0.337E-01        -64.08  0.3330  0.148E-01        -17.16  0.3984  0.131E-01
        737.0000     -132.48  0.3912  0.335E-01        -64.33  0.3328  0.155E-01        -17.21  0.3983  0.127E-01
        738.0000     -133.69  0.3906  0.316E-01        -64.63  0.3326  0.162E-01        -17.24  0.3983  0.130E-01
        739.0000     -133.73  0.3906  0.285E-01        -64.93  0.3324  0.169E-01        -17.26  0.3983  0.135E-01
        740.0000     -132.61  0.3911  0.247E-01        -65.24  0.3322  0.174E-01        -17.31  0.3983  0.135E-01
        741.0000     -130.85  0.3919  0.211E-01        -65.52  0.3320  0.178E-01        -17.36  0.3982  0.137E-01
        742.0000     -128.79  0.3928  0.181E-01        -65.78  0.3318  0.180E-01        -17.43  0.3982  0.138E-01
        743.0000     -126.68  0.3938  0.157E-01        -65.99  0.3316  0.182E-01        -17.49  0.3981  0.141E-01
        744.0000     -124.64  0.3947  0.137E-01        -66.17  0.3315  0.181E-01        -17.59  0.3980  0.138E-01
end
