 ******* Program HYDRUS
 ******* 
 Welcome to HYDRUS-1D                                                    
 Date:  26.11.2025    Time:  15:11:27
 Units: L = cm   , T = hours, M = mmol 


    TLevel      Time          dt      Iter    ItCum  KodT  KodB  Convergency

       10  0.1000000E+01  0.21749E+00    2       20    -4     3     T
       13  0.2000000E+01  0.37500E+00    2       26    -4     3     T
       15  0.3000000E+01  0.50000E+00    2       30    -4     3     T
       17  0.4000000E+01  0.50000E+00    2       34    -4     3     T
       18  0.5000000E+01  0.10000E+01    2       36    -4     3     T
       19  0.6000000E+01  0.10000E+01    2       38    -4     3     T
       20  0.7000000E+01  0.10000E+01    2       40    -4     3     T
       21  0.8000000E+01  0.10000E+01    2       42    -4     3     T
       22  0.9000000E+01  0.10000E+01    2       44    -4     3     T
       23  0.1000000E+02  0.10000E+01    2       46    -4     3     T
       24  0.1100000E+02  0.10000E+01    2       48    -4     3     T
       25  0.1200000E+02  0.10000E+01    2       50    -4     3     T
       26  0.1300000E+02  0.10000E+01    2       52    -4     3     T
       27  0.1400000E+02  0.10000E+01    2       54    -4     3     T
       28  0.1500000E+02  0.10000E+01    2       56    -4     3     T
       29  0.1600000E+02  0.10000E+01    2       58    -4     3     T
       30  0.1700000E+02  0.10000E+01    2       60    -4     3     T
       31  0.1800000E+02  0.10000E+01    2       62    -4     3     T
       32  0.1900000E+02  0.10000E+01    2       64    -4     3     T
       33  0.2000000E+02  0.10000E+01    2       66    -4     3     T
       34  0.2100000E+02  0.10000E+01    2       68    -4     3     T
       35  0.2200000E+02  0.10000E+01    2       70    -4     3     T
       36  0.2300000E+02  0.10000E+01    2       72    -4     3     T
       37  0.2400000E+02  0.10000E+01    2       74    -4     3     T
       38  0.2500000E+02  0.10000E+01    2       76    -4     3     T
       39  0.2600000E+02  0.10000E+01    2       78    -4     3     T
       40  0.2700000E+02  0.10000E+01    2       80    -4     3     T
       41  0.2800000E+02  0.10000E+01    2       82    -4     3     T
       42  0.2900000E+02  0.10000E+01    2       84    -4     3     T
       43  0.3000000E+02  0.10000E+01    2       86    -4     3     T
       44  0.3100000E+02  0.10000E+01    2       88    -4     3     T
       45  0.3200000E+02  0.10000E+01    2       90    -4     3     T
       46  0.3300000E+02  0.10000E+01    2       92    -4     3     T
       47  0.3400000E+02  0.10000E+01    2       94    -4     3     T
       48  0.3500000E+02  0.10000E+01    2       96    -4     3     T
       49  0.3600000E+02  0.10000E+01    2       98    -4     3     T
       50  0.3700000E+02  0.10000E+01    2      100    -4     3     T
       51  0.3800000E+02  0.10000E+01    2      102    -4     3     T
       52  0.3900000E+02  0.10000E+01    2      104    -4     3     T
       53  0.4000000E+02  0.10000E+01    2      106    -4     3     T
       54  0.4100000E+02  0.10000E+01    2      108    -4     3     T
       55  0.4200000E+02  0.10000E+01    2      110    -4     3     T
       56  0.4300000E+02  0.10000E+01    2      112    -4     3     T
       57  0.4400000E+02  0.10000E+01    2      114    -4     3     T
       58  0.4500000E+02  0.10000E+01    2      116    -4     3     T
       59  0.4600000E+02  0.10000E+01    2      118    -4     3     T
       60  0.4700000E+02  0.10000E+01    2      120    -4     3     T
       61  0.4800000E+02  0.10000E+01    2      122    -4     3     T
       62  0.4900000E+02  0.10000E+01    2      124    -4     3     T
       63  0.5000000E+02  0.10000E+01    2      126    -4     3     T
       64  0.5100000E+02  0.10000E+01    2      128    -4     3     T
       65  0.5200000E+02  0.10000E+01    2      130    -4     3     T
       66  0.5300000E+02  0.10000E+01    2      132    -4     3     T
       67  0.5400000E+02  0.10000E+01    2      134    -4     3     T
       68  0.5500000E+02  0.10000E+01    2      136    -4     3     T
       69  0.5600000E+02  0.10000E+01    2      138    -4     3     T
       70  0.5700000E+02  0.10000E+01    2      140    -4     3     T
       71  0.5800000E+02  0.10000E+01    2      142    -4     3     T
       72  0.5900000E+02  0.10000E+01    2      144    -4     3     T
       73  0.6000000E+02  0.10000E+01    2      146    -4     3     T
       74  0.6100000E+02  0.10000E+01    2      148    -4     3     T
       75  0.6200000E+02  0.10000E+01    2      150    -4     3     T
       76  0.6300000E+02  0.10000E+01    2      152    -4     3     T
       77  0.6400000E+02  0.10000E+01    2      154    -4     3     T
       78  0.6500000E+02  0.10000E+01    2      156    -4     3     T
       79  0.6600000E+02  0.10000E+01    2      158    -4     3     T
       80  0.6700000E+02  0.10000E+01    2      160    -4     3     T
       81  0.6800000E+02  0.10000E+01    2      162    -4     3     T
       82  0.6900000E+02  0.10000E+01    2      164    -4     3     T
       83  0.7000000E+02  0.10000E+01    2      166    -4     3     T
       84  0.7100000E+02  0.10000E+01    2      168    -4     3     T
       85  0.7200000E+02  0.10000E+01    2      170    -4     3     T
       86  0.7300000E+02  0.10000E+01    2      172    -4     3     T
       96  0.7400000E+02  0.21749E+00    2      192    -4     3     T
      106  0.7500000E+02  0.21749E+00    2      212    -4     3     T
      109  0.7600000E+02  0.37500E+00    2      218    -4     3     T
      111  0.7700000E+02  0.50000E+00    2      222    -4     3     T
      121  0.7800000E+02  0.21749E+00    2      242    -4     3     T
      131  0.7900000E+02  0.21749E+00    2      262    -4     3     T
      135  0.8000000E+02  0.25000E+00    2      272    -4     3     T
      145  0.8100000E+02  0.21749E+00    2      292    -4     3     T
      149  0.8200000E+02  0.25000E+00    2      302    -4     3     T
      151  0.8300000E+02  0.50000E+00    2      306    -4     3     T
      153  0.8400000E+02  0.50000E+00    2      310    -4     3     T
      154  0.8500000E+02  0.10000E+01    2      312    -4     3     T
      155  0.8600000E+02  0.10000E+01    2      314    -4     3     T
      156  0.8700000E+02  0.10000E+01    2      316    -4     3     T
      157  0.8800000E+02  0.10000E+01    2      318    -4     3     T
      158  0.8900000E+02  0.10000E+01    2      320    -4     3     T
      159  0.9000000E+02  0.10000E+01    2      322    -4     3     T
      160  0.9100000E+02  0.10000E+01    2      324    -4     3     T
      161  0.9200000E+02  0.10000E+01    2      326    -4     3     T
      162  0.9300000E+02  0.10000E+01    2      328    -4     3     T
      172  0.9400000E+02  0.21749E+00    2      348    -4     3     T
      182  0.9500000E+02  0.21749E+00    2      368    -4     3     T
      185  0.9600000E+02  0.37500E+00    2      374    -4     3     T
      187  0.9700000E+02  0.50000E+00    2      378    -4     3     T
      189  0.9800000E+02  0.50000E+00    2      382    -4     3     T
      190  0.9900000E+02  0.10000E+01    2      384    -4     3     T
      191  0.1000000E+03  0.10000E+01    2      386    -4     3     T
      192  0.1010000E+03  0.10000E+01    2      388    -4     3     T
      193  0.1020000E+03  0.10000E+01    2      390    -4     3     T
      194  0.1030000E+03  0.10000E+01    2      392    -4     3     T
      195  0.1040000E+03  0.10000E+01    2      394    -4     3     T
      196  0.1050000E+03  0.10000E+01    2      396    -4     3     T
      197  0.1060000E+03  0.10000E+01    2      398    -4     3     T
      198  0.1070000E+03  0.10000E+01    2      400    -4     3     T
      199  0.1080000E+03  0.10000E+01    2      402    -4     3     T
      200  0.1090000E+03  0.10000E+01    2      404    -4     3     T
      201  0.1100000E+03  0.10000E+01    2      406    -4     3     T
      202  0.1110000E+03  0.10000E+01    2      408    -4     3     T
      203  0.1120000E+03  0.10000E+01    2      410    -4     3     T
      204  0.1130000E+03  0.10000E+01    2      412    -4     3     T
      205  0.1140000E+03  0.10000E+01    2      414    -4     3     T
      215  0.1150000E+03  0.21749E+00    2      434    -4     3     T
      225  0.1160000E+03  0.21749E+00    2      454    -4     3     T
      228  0.1170000E+03  0.37500E+00    2      460    -4     3     T
      230  0.1180000E+03  0.50000E+00    2      464    -4     3     T
      232  0.1190000E+03  0.50000E+00    2      468    -4     3     T
      242  0.1200000E+03  0.21749E+00    2      488    -4     3     T
      245  0.1210000E+03  0.37500E+00    2      494    -4     3     T
      247  0.1220000E+03  0.50000E+00    2      498    -4     3     T
      249  0.1230000E+03  0.50000E+00    2      502    -4     3     T
      250  0.1240000E+03  0.10000E+01    2      504    -4     3     T
      251  0.1250000E+03  0.10000E+01    2      506    -4     3     T
      252  0.1260000E+03  0.10000E+01    2      508    -4     3     T
      253  0.1270000E+03  0.10000E+01    2      510    -4     3     T
      254  0.1280000E+03  0.10000E+01    2      512    -4     3     T
      255  0.1290000E+03  0.10000E+01    2      514    -4     3     T
      256  0.1300000E+03  0.10000E+01    2      516    -4     3     T
      257  0.1310000E+03  0.10000E+01    2      518    -4     3     T
      258  0.1320000E+03  0.10000E+01    2      520    -4     3     T
      259  0.1330000E+03  0.10000E+01    2      522    -4     3     T
      260  0.1340000E+03  0.10000E+01    2      524    -4     3     T
      261  0.1350000E+03  0.10000E+01    2      526    -4     3     T
      262  0.1360000E+03  0.10000E+01    2      528    -4     3     T
      263  0.1370000E+03  0.10000E+01    2      530    -4     3     T
      264  0.1380000E+03  0.10000E+01    2      532    -4     3     T
      274  0.1390000E+03  0.21749E+00    2      552    -4     3     T
      284  0.1400000E+03  0.21749E+00    2      572    -4     3     T
      287  0.1410000E+03  0.37500E+00    2      578    -4     3     T
      289  0.1420000E+03  0.50000E+00    2      582    -4     3     T
      291  0.1430000E+03  0.50000E+00    2      586    -4     3     T
      292  0.1440000E+03  0.10000E+01    2      588    -4     3     T
      293  0.1450000E+03  0.10000E+01    2      590    -4     3     T
      294  0.1460000E+03  0.10000E+01    2      592    -4     3     T
      295  0.1470000E+03  0.10000E+01    2      594    -4     3     T
      296  0.1480000E+03  0.10000E+01    2      596    -4     3     T
      306  0.1490000E+03  0.21749E+00    2      616    -4     3     T
      316  0.1500000E+03  0.21749E+00    2      636    -4     3     T
      326  0.1510000E+03  0.21749E+00    2      656    -4     3     T
      336  0.1520000E+03  0.21749E+00    2      676    -4     3     T
      339  0.1530000E+03  0.37500E+00    2      682    -4     3     T
      341  0.1540000E+03  0.50000E+00    2      686    -4     3     T
      343  0.1550000E+03  0.50000E+00    2      690    -4     3     T
      344  0.1560000E+03  0.10000E+01    2      692    -4     3     T
      345  0.1570000E+03  0.10000E+01    2      694    -4     3     T
      346  0.1580000E+03  0.10000E+01    2      696    -4     3     T
      347  0.1590000E+03  0.10000E+01    2      698    -4     3     T
      348  0.1600000E+03  0.10000E+01    2      700    -4     3     T
      349  0.1610000E+03  0.10000E+01    2      702    -4     3     T
      350  0.1620000E+03  0.10000E+01    2      704    -4     3     T
      351  0.1630000E+03  0.10000E+01    2      706    -4     3     T
      352  0.1640000E+03  0.10000E+01    2      708    -4     3     T
      353  0.1650000E+03  0.10000E+01    2      710    -4     3     T
      354  0.1660000E+03  0.10000E+01    2      712    -4     3     T
      355  0.1670000E+03  0.10000E+01    2      714    -4     3     T
      356  0.1680000E+03  0.10000E+01    2      716    -4     3     T
      357  0.1690000E+03  0.10000E+01    2      718    -4     3     T
      358  0.1700000E+03  0.10000E+01    2      720    -4     3     T
      359  0.1710000E+03  0.10000E+01    2      722    -4     3     T
      360  0.1720000E+03  0.10000E+01    2      724    -4     3     T
      361  0.1730000E+03  0.10000E+01    2      726    -4     3     T
      362  0.1740000E+03  0.10000E+01    2      728    -4     3     T
      363  0.1750000E+03  0.10000E+01    2      730    -4     3     T
      364  0.1760000E+03  0.10000E+01    2      732    -4     3     T
      365  0.1770000E+03  0.10000E+01    2      734    -4     3     T
      375  0.1780000E+03  0.21749E+00    2      754    -4     3     T
      385  0.1790000E+03  0.21749E+00    2      774    -4     3     T
      395  0.1800000E+03  0.21749E+00    2      794    -4     3     T
      405  0.1810000E+03  0.21749E+00    2      814    -4     3     T
      408  0.1820000E+03  0.37500E+00    2      820    -4     3     T
      410  0.1830000E+03  0.50000E+00    2      824    -4     3     T
      412  0.1840000E+03  0.50000E+00    2      828    -4     3     T
      413  0.1850000E+03  0.10000E+01    2      830    -4     3     T
      414  0.1860000E+03  0.10000E+01    2      832    -4     3     T
      415  0.1870000E+03  0.10000E+01    2      834    -4     3     T
      416  0.1880000E+03  0.10000E+01    2      836    -4     3     T
      417  0.1890000E+03  0.10000E+01    2      838    -4     3     T
      418  0.1900000E+03  0.10000E+01    2      840    -4     3     T
      419  0.1910000E+03  0.10000E+01    2      842    -4     3     T
      420  0.1920000E+03  0.10000E+01    2      844    -4     3     T
      421  0.1930000E+03  0.10000E+01    2      846    -4     3     T
      422  0.1940000E+03  0.10000E+01    2      848    -4     3     T
      423  0.1950000E+03  0.10000E+01    2      850    -4     3     T
      424  0.1960000E+03  0.10000E+01    2      852    -4     3     T
      425  0.1970000E+03  0.10000E+01    2      854    -4     3     T
      426  0.1980000E+03  0.10000E+01    2      856    -4     3     T
      427  0.1990000E+03  0.10000E+01    2      858    -4     3     T
      437  0.2000000E+03  0.21749E+00    2      878    -4     3     T
      440  0.2010000E+03  0.37500E+00    2      884    -4     3     T
      442  0.2020000E+03  0.50000E+00    2      888    -4     3     T
      444  0.2030000E+03  0.50000E+00    2      892    -4     3     T
      445  0.2040000E+03  0.10000E+01    2      894    -4     3     T
      446  0.2050000E+03  0.10000E+01    2      896    -4     3     T
      447  0.2060000E+03  0.10000E+01    2      898    -4     3     T
      448  0.2070000E+03  0.10000E+01    2      900    -4     3     T
      449  0.2080000E+03  0.10000E+01    2      902    -4     3     T
      450  0.2090000E+03  0.10000E+01    2      904    -4     3     T
      451  0.2100000E+03  0.10000E+01    2      906    -4     3     T
      452  0.2110000E+03  0.10000E+01    2      908    -4     3     T
      462  0.2120000E+03  0.21749E+00    2      928    -4     3     T
      466  0.2130000E+03  0.25000E+00    2      938    -4     3     T
      476  0.2140000E+03  0.21749E+00    2      958    -4     3     T
      479  0.2150000E+03  0.37500E+00    2      964    -4     3     T
      489  0.2160000E+03  0.21749E+00    2      984    -4     3     T
      499  0.2170000E+03  0.21749E+00    2     1004    -4     3     T
      502  0.2180000E+03  0.37500E+00    2     1010    -4     3     T
      504  0.2190000E+03  0.50000E+00    2     1014    -4     3     T
      506  0.2200000E+03  0.50000E+00    2     1018    -4     3     T
      516  0.2210000E+03  0.21749E+00    2     1038    -4     3     T
      519  0.2220000E+03  0.37500E+00    2     1044    -4     3     T
      521  0.2230000E+03  0.50000E+00    2     1050    -4     3     T
      531  0.2240000E+03  0.21749E+00    2     1070    -4     3     T
      534  0.2250000E+03  0.37500E+00    2     1076    -4     3     T
      536  0.2260000E+03  0.50000E+00    2     1080    -4     3     T
      538  0.2270000E+03  0.50000E+00    2     1084    -4     3     T
      539  0.2280000E+03  0.10000E+01    2     1086    -4     3     T
      540  0.2290000E+03  0.10000E+01    2     1088    -4     3     T
      541  0.2300000E+03  0.10000E+01    2     1090    -4     3     T
      542  0.2310000E+03  0.10000E+01    2     1092    -4     3     T
      543  0.2320000E+03  0.10000E+01    2     1094    -4     3     T
      544  0.2330000E+03  0.10000E+01    2     1096    -4     3     T
      545  0.2340000E+03  0.10000E+01    2     1098    -4     3     T
      546  0.2350000E+03  0.10000E+01    2     1100    -4     3     T
      547  0.2360000E+03  0.10000E+01    2     1102    -4     3     T
      548  0.2370000E+03  0.10000E+01    2     1104    -4     3     T
      549  0.2380000E+03  0.10000E+01    2     1106    -4     3     T
      550  0.2390000E+03  0.10000E+01    2     1108    -4     3     T
      551  0.2400000E+03  0.10000E+01    2     1110    -4     3     T
      552  0.2410000E+03  0.10000E+01    2     1112    -4     3     T
      553  0.2420000E+03  0.10000E+01    2     1114    -4     3     T
      554  0.2430000E+03  0.10000E+01    2     1116    -4     3     T
      555  0.2440000E+03  0.10000E+01    2     1118    -4     3     T
      556  0.2450000E+03  0.10000E+01    2     1120    -4     3     T
      557  0.2460000E+03  0.10000E+01    2     1122    -4     3     T
      558  0.2470000E+03  0.10000E+01    2     1124    -4     3     T
      559  0.2480000E+03  0.10000E+01    2     1126    -4     3     T
      560  0.2490000E+03  0.10000E+01    2     1128    -4     3     T
      561  0.2500000E+03  0.10000E+01    2     1130    -4     3     T
      562  0.2510000E+03  0.10000E+01    2     1132    -4     3     T
      563  0.2520000E+03  0.10000E+01    2     1134    -4     3     T
      564  0.2530000E+03  0.10000E+01    2     1136    -4     3     T
      565  0.2540000E+03  0.10000E+01    2     1138    -4     3     T
      566  0.2550000E+03  0.10000E+01    2     1140    -4     3     T
      567  0.2560000E+03  0.10000E+01    2     1142    -4     3     T
      568  0.2570000E+03  0.10000E+01    2     1144    -4     3     T
      569  0.2580000E+03  0.10000E+01    2     1146    -4     3     T
      579  0.2590000E+03  0.21749E+00    2     1166    -4     3     T
      589  0.2600000E+03  0.21749E+00    4     1195    -4     3     T
      599  0.2610000E+03  0.21749E+00    2     1215    -4     3     T
      603  0.2620000E+03  0.25000E+00    2     1225    -4     3     T
      605  0.2630000E+03  0.50000E+00    2     1229    -4     3     T
      607  0.2640000E+03  0.50000E+00    2     1233    -4     3     T
      608  0.2650000E+03  0.10000E+01    2     1235    -4     3     T
      618  0.2660000E+03  0.21749E+00    2     1255    -4     3     T
      628  0.2670000E+03  0.21749E+00    2     1275    -4     3     T
      631  0.2680000E+03  0.37500E+00    2     1281    -4     3     T
      633  0.2690000E+03  0.50000E+00    2     1285    -4     3     T
      635  0.2700000E+03  0.50000E+00    2     1289    -4     3     T
      636  0.2710000E+03  0.10000E+01    2     1291    -4     3     T
      637  0.2720000E+03  0.10000E+01    2     1293    -4     3     T
      638  0.2730000E+03  0.10000E+01    2     1295    -4     3     T
      639  0.2740000E+03  0.10000E+01    2     1297    -4     3     T
      640  0.2750000E+03  0.10000E+01    2     1299    -4     3     T
      641  0.2760000E+03  0.10000E+01    2     1301    -4     3     T
      642  0.2770000E+03  0.10000E+01    2     1303    -4     3     T
      643  0.2780000E+03  0.10000E+01    2     1305    -4     3     T
      653  0.2790000E+03  0.21749E+00    2     1325    -4     3     T
      656  0.2800000E+03  0.37500E+00    2     1331    -4     3     T
      658  0.2810000E+03  0.50000E+00    2     1335    -4     3     T
      660  0.2820000E+03  0.50000E+00    2     1339    -4     3     T
      661  0.2830000E+03  0.10000E+01    2     1341    -4     3     T
      662  0.2840000E+03  0.10000E+01    2     1343    -4     3     T
      663  0.2850000E+03  0.10000E+01    2     1345    -4     3     T
      664  0.2860000E+03  0.10000E+01    2     1347    -4     3     T
      665  0.2870000E+03  0.10000E+01    2     1349    -4     3     T
      666  0.2880000E+03  0.10000E+01    2     1351    -4     3     T
      667  0.2890000E+03  0.10000E+01    2     1353    -4     3     T
      668  0.2900000E+03  0.10000E+01    2     1355    -4     3     T
      669  0.2910000E+03  0.10000E+01    2     1357    -4     3     T
      670  0.2920000E+03  0.10000E+01    2     1359    -4     3     T
      671  0.2930000E+03  0.10000E+01    2     1361    -4     3     T
      672  0.2940000E+03  0.10000E+01    2     1363    -4     3     T
      673  0.2950000E+03  0.10000E+01    2     1365    -4     3     T
      674  0.2960000E+03  0.10000E+01    2     1367    -4     3     T
      675  0.2970000E+03  0.10000E+01    2     1369    -4     3     T
      676  0.2980000E+03  0.10000E+01    2     1371    -4     3     T
      677  0.2990000E+03  0.10000E+01    2     1373    -4     3     T
      678  0.3000000E+03  0.10000E+01    2     1375    -4     3     T
      679  0.3010000E+03  0.10000E+01    2     1377    -4     3     T
      680  0.3020000E+03  0.10000E+01    2     1379    -4     3     T
      681  0.3030000E+03  0.10000E+01    2     1381    -4     3     T
      682  0.3040000E+03  0.10000E+01    2     1383    -4     3     T
      683  0.3050000E+03  0.10000E+01    2     1385    -4     3     T
      684  0.3060000E+03  0.10000E+01    2     1387    -4     3     T
      685  0.3070000E+03  0.10000E+01    2     1389    -4     3     T
      686  0.3080000E+03  0.10000E+01    2     1391    -4     3     T
      687  0.3090000E+03  0.10000E+01    2     1393    -4     3     T
      688  0.3100000E+03  0.10000E+01    2     1395    -4     3     T
      689  0.3110000E+03  0.10000E+01    2     1397    -4     3     T
      690  0.3120000E+03  0.10000E+01    2     1399    -4     3     T
      691  0.3130000E+03  0.10000E+01    2     1401    -4     3     T
      692  0.3140000E+03  0.10000E+01    2     1403    -4     3     T
      693  0.3150000E+03  0.10000E+01    2     1405    -4     3     T
      694  0.3160000E+03  0.10000E+01    2     1407    -4     3     T
      695  0.3170000E+03  0.10000E+01    2     1409    -4     3     T
      696  0.3180000E+03  0.10000E+01    2     1411    -4     3     T
      697  0.3190000E+03  0.10000E+01    2     1413    -4     3     T
      698  0.3200000E+03  0.10000E+01    2     1415    -4     3     T
      699  0.3210000E+03  0.10000E+01    2     1417    -4     3     T
      700  0.3220000E+03  0.10000E+01    2     1419    -4     3     T
      701  0.3230000E+03  0.10000E+01    2     1421    -4     3     T
      702  0.3240000E+03  0.10000E+01    2     1423    -4     3     T
      703  0.3250000E+03  0.10000E+01    2     1425    -4     3     T
      704  0.3260000E+03  0.10000E+01    2     1427    -4     3     T
      705  0.3270000E+03  0.10000E+01    2     1429    -4     3     T
      706  0.3280000E+03  0.10000E+01    2     1431    -4     3     T
      707  0.3290000E+03  0.10000E+01    2     1433    -4     3     T
      717  0.3300000E+03  0.21749E+00    2     1453    -4     3     T
      727  0.3310000E+03  0.21749E+00    2     1473    -4     3     T
      738  0.3320000E+03  0.21082E+00    3     1500    -4     3     T
      742  0.3330000E+03  0.25000E+00    2     1510    -4     3     T
      744  0.3340000E+03  0.50000E+00    2     1514    -4     3     T
      746  0.3350000E+03  0.50000E+00    2     1518    -4     3     T
      747  0.3360000E+03  0.10000E+01    2     1520    -4     3     T
      748  0.3370000E+03  0.10000E+01    2     1522    -4     3     T
      749  0.3380000E+03  0.10000E+01    2     1524    -4     3     T
      750  0.3390000E+03  0.10000E+01    2     1526    -4     3     T
      751  0.3400000E+03  0.10000E+01    2     1528    -4     3     T
      752  0.3410000E+03  0.10000E+01    2     1530    -4     3     T
      753  0.3420000E+03  0.10000E+01    2     1532    -4     3     T
      754  0.3430000E+03  0.10000E+01    2     1534    -4     3     T
      755  0.3440000E+03  0.10000E+01    2     1536    -4     3     T
      765  0.3450000E+03  0.21749E+00    2     1556    -4     3     T
      768  0.3460000E+03  0.37500E+00    2     1562    -4     3     T
      770  0.3470000E+03  0.50000E+00    2     1566    -4     3     T
      780  0.3480000E+03  0.21749E+00    2     1586    -4     3     T
      790  0.3490000E+03  0.21749E+00    2     1606    -4     3     T
      800  0.3500000E+03  0.21749E+00    2     1626    -4     3     T
      803  0.3510000E+03  0.37500E+00    2     1632    -4     3     T
      805  0.3520000E+03  0.50000E+00    2     1636    -4     3     T
      815  0.3530000E+03  0.21749E+00    2     1656    -4     3     T
      819  0.3540000E+03  0.25000E+00    2     1666    -4     3     T
      821  0.3550000E+03  0.50000E+00    2     1670    -4     3     T
      823  0.3560000E+03  0.50000E+00    2     1674    -4     3     T
      824  0.3570000E+03  0.10000E+01    2     1676    -4     3     T
      825  0.3580000E+03  0.10000E+01    2     1678    -4     3     T
      826  0.3590000E+03  0.10000E+01    2     1680    -4     3     T
      827  0.3600000E+03  0.10000E+01    2     1682    -4     3     T
      828  0.3610000E+03  0.10000E+01    2     1684    -4     3     T
      829  0.3620000E+03  0.10000E+01    2     1686    -4     3     T
      830  0.3630000E+03  0.10000E+01    2     1688    -4     3     T
      831  0.3640000E+03  0.10000E+01    2     1690    -4     3     T
      832  0.3650000E+03  0.10000E+01    2     1692    -4     3     T
      833  0.3660000E+03  0.10000E+01    2     1694    -4     3     T
      834  0.3670000E+03  0.10000E+01    2     1696    -4     3     T
      835  0.3680000E+03  0.10000E+01    2     1698    -4     3     T
      836  0.3690000E+03  0.10000E+01    2     1700    -4     3     T
      837  0.3700000E+03  0.10000E+01    2     1702    -4     3     T
      838  0.3710000E+03  0.10000E+01    2     1704    -4     3     T
      839  0.3720000E+03  0.10000E+01    2     1706    -4     3     T
      840  0.3730000E+03  0.10000E+01    2     1708    -4     3     T
      850  0.3740000E+03  0.21749E+00    3     1730    -4     3     T
      854  0.3750000E+03  0.25000E+00    2     1740    -4     3     T
      856  0.3760000E+03  0.50000E+00    2     1744    -4     3     T
      858  0.3770000E+03  0.50000E+00    2     1748    -4     3     T
      859  0.3780000E+03  0.10000E+01    2     1750    -4     3     T
      860  0.3790000E+03  0.10000E+01    2     1752    -4     3     T
      861  0.3800000E+03  0.10000E+01    2     1754    -4     3     T
      871  0.3810000E+03  0.21749E+00    2     1774    -4     3     T
      875  0.3820000E+03  0.25000E+00    2     1784    -4     3     T
      877  0.3830000E+03  0.50000E+00    2     1788    -4     3     T
      879  0.3840000E+03  0.50000E+00    2     1792    -4     3     T
      889  0.3850000E+03  0.21749E+00    2     1812    -4     3     T
      899  0.3860000E+03  0.21749E+00    2     1832    -4     3     T
      902  0.3870000E+03  0.37500E+00    2     1838    -4     3     T
      912  0.3880000E+03  0.21749E+00    2     1858    -4     3     T
      922  0.3890000E+03  0.21749E+00    2     1878    -4     3     T
      932  0.3900000E+03  0.21749E+00    2     1898    -4     3     T
      942  0.3910000E+03  0.21749E+00    2     1918    -4     3     T
      952  0.3920000E+03  0.21749E+00    2     1938    -4     3     T
      962  0.3930000E+03  0.21749E+00    2     1958    -4     3     T
      972  0.3940000E+03  0.21749E+00    2     1978    -4     3     T
      982  0.3950000E+03  0.21749E+00    2     1998    -4     3     T
      985  0.3960000E+03  0.37500E+00    2     2004    -4     3     T
      987  0.3970000E+03  0.50000E+00    2     2008    -4     3     T
      989  0.3980000E+03  0.50000E+00    2     2012    -4     3     T
      990  0.3990000E+03  0.10000E+01    2     2014    -4     3     T
      991  0.4000000E+03  0.10000E+01    2     2016    -4     3     T
      992  0.4010000E+03  0.10000E+01    2     2018    -4     3     T
      993  0.4020000E+03  0.10000E+01    2     2020    -4     3     T
      994  0.4030000E+03  0.10000E+01    2     2022    -4     3     T
      995  0.4040000E+03  0.10000E+01    2     2024    -4     3     T
     1005  0.4050000E+03  0.21749E+00    3     2046    -4     3     T
     1015  0.4060000E+03  0.21749E+00    7     2075    -4     3     T
     1020  0.4070000E+03  0.26786E+00    2     2089    -4     3     T
     1023  0.4080000E+03  0.33333E+00    2     2095    -4     3     T
     1025  0.4090000E+03  0.50000E+00    2     2099    -4     3     T
     1035  0.4100000E+03  0.21749E+00    2     2119    -4     3     T
     1045  0.4110000E+03  0.21749E+00    2     2139    -4     3     T
     1048  0.4120000E+03  0.37500E+00    2     2145    -4     3     T
     1050  0.4130000E+03  0.50000E+00    2     2149    -4     3     T
     1052  0.4140000E+03  0.50000E+00    2     2153    -4     3     T
     1062  0.4150000E+03  0.21749E+00    2     2173    -4     3     T
     1065  0.4160000E+03  0.37500E+00    2     2179    -4     3     T
     1067  0.4170000E+03  0.50000E+00    2     2183    -4     3     T
     1069  0.4180000E+03  0.50000E+00    2     2187    -4     3     T
     1070  0.4190000E+03  0.10000E+01    2     2189    -4     3     T
     1071  0.4200000E+03  0.10000E+01    2     2191    -4     3     T
     1072  0.4210000E+03  0.10000E+01    2     2193    -4     3     T
     1073  0.4220000E+03  0.10000E+01    2     2195    -4     3     T
     1074  0.4230000E+03  0.10000E+01    2     2197    -4     3     T
     1075  0.4240000E+03  0.10000E+01    2     2199    -4     3     T
     1076  0.4250000E+03  0.10000E+01    2     2201    -4     3     T
     1077  0.4260000E+03  0.10000E+01    2     2203    -4     3     T
     1078  0.4270000E+03  0.10000E+01    2     2205    -4     3     T
     1088  0.4280000E+03  0.21749E+00    2     2225    -4     3     T
     1092  0.4290000E+03  0.25000E+00    2     2235    -4     3     T
     1094  0.4300000E+03  0.50000E+00    2     2239    -4     3     T
     1096  0.4310000E+03  0.50000E+00    2     2243    -4     3     T
     1097  0.4320000E+03  0.10000E+01    2     2245    -4     3     T
     1098  0.4330000E+03  0.10000E+01    2     2247    -4     3     T
     1099  0.4340000E+03  0.10000E+01    2     2249    -4     3     T
     1100  0.4350000E+03  0.10000E+01    2     2251    -4     3     T
     1101  0.4360000E+03  0.10000E+01    2     2253    -4     3     T
     1102  0.4370000E+03  0.10000E+01    2     2255    -4     3     T
     1103  0.4380000E+03  0.10000E+01    2     2257    -4     3     T
     1104  0.4390000E+03  0.10000E+01    2     2259    -4     3     T
     1105  0.4400000E+03  0.10000E+01    2     2261    -4     3     T
     1106  0.4410000E+03  0.10000E+01    2     2263    -4     3     T
     1107  0.4420000E+03  0.10000E+01    2     2265    -4     3     T
     1108  0.4430000E+03  0.10000E+01    2     2267    -4     3     T
     1109  0.4440000E+03  0.10000E+01    2     2269    -4     3     T
     1110  0.4450000E+03  0.10000E+01    2     2271    -4     3     T
     1111  0.4460000E+03  0.10000E+01    2     2273    -4     3     T
     1112  0.4470000E+03  0.10000E+01    2     2275    -4     3     T
     1113  0.4480000E+03  0.10000E+01    2     2277    -4     3     T
     1114  0.4490000E+03  0.10000E+01    2     2279    -4     3     T
     1115  0.4500000E+03  0.10000E+01    2     2281    -4     3     T
     1116  0.4510000E+03  0.10000E+01    2     2283    -4     3     T
     1117  0.4520000E+03  0.10000E+01    2     2285    -4     3     T
     1118  0.4530000E+03  0.10000E+01    2     2287    -4     3     T
     1119  0.4540000E+03  0.10000E+01    2     2289    -4     3     T
     1120  0.4550000E+03  0.10000E+01    2     2291    -4     3     T
     1121  0.4560000E+03  0.10000E+01    2     2293    -4     3     T
     1122  0.4570000E+03  0.10000E+01    2     2295    -4     3     T
     1123  0.4580000E+03  0.10000E+01    2     2297    -4     3     T
     1124  0.4590000E+03  0.10000E+01    2     2299    -4     3     T
     1125  0.4600000E+03  0.10000E+01    2     2301    -4     3     T
     1126  0.4610000E+03  0.10000E+01    2     2303    -4     3     T
     1127  0.4620000E+03  0.10000E+01    2     2305    -4     3     T
     1128  0.4630000E+03  0.10000E+01    2     2307    -4     3     T
     1129  0.4640000E+03  0.10000E+01    2     2309    -4     3     T
     1130  0.4650000E+03  0.10000E+01    2     2311    -4     3     T
     1131  0.4660000E+03  0.10000E+01    2     2313    -4     3     T
     1132  0.4670000E+03  0.10000E+01    2     2315    -4     3     T
     1133  0.4680000E+03  0.10000E+01    2     2317    -4     3     T
     1134  0.4690000E+03  0.10000E+01    2     2319    -4     3     T
     1135  0.4700000E+03  0.10000E+01    2     2321    -4     3     T
     1136  0.4710000E+03  0.10000E+01    2     2323    -4     3     T
     1137  0.4720000E+03  0.10000E+01    2     2325    -4     3     T
     1138  0.4730000E+03  0.10000E+01    2     2327    -4     3     T
     1139  0.4740000E+03  0.10000E+01    2     2329    -4     3     T
     1140  0.4750000E+03  0.10000E+01    2     2331    -4     3     T
     1141  0.4760000E+03  0.10000E+01    2     2333    -4     3     T
     1142  0.4770000E+03  0.10000E+01    2     2335    -4     3     T
     1143  0.4780000E+03  0.10000E+01    2     2337    -4     3     T
     1144  0.4790000E+03  0.10000E+01    2     2339    -4     3     T
     1145  0.4800000E+03  0.10000E+01    2     2341    -4     3     T
     1146  0.4810000E+03  0.10000E+01    2     2343    -4     3     T
     1147  0.4820000E+03  0.10000E+01    2     2345    -4     3     T
     1148  0.4830000E+03  0.10000E+01    2     2347    -4     3     T
     1149  0.4840000E+03  0.10000E+01    2     2349    -4     3     T
     1150  0.4850000E+03  0.10000E+01    2     2351    -4     3     T
     1151  0.4860000E+03  0.10000E+01    2     2353    -4     3     T
     1152  0.4870000E+03  0.10000E+01    2     2355    -4     3     T
     1162  0.4880000E+03  0.21749E+00    2     2375    -4     3     T
     1172  0.4890000E+03  0.21749E+00    2     2395    -4     3     T
     1175  0.4900000E+03  0.37500E+00    2     2401    -4     3     T
     1177  0.4910000E+03  0.50000E+00    2     2405    -4     3     T
     1179  0.4920000E+03  0.50000E+00    2     2409    -4     3     T
     1180  0.4930000E+03  0.10000E+01    2     2411    -4     3     T
     1190  0.4940000E+03  0.21749E+00    2     2431    -4     3     T
     1193  0.4950000E+03  0.37500E+00    2     2437    -4     3     T
     1195  0.4960000E+03  0.50000E+00    2     2441    -4     3     T
     1197  0.4970000E+03  0.50000E+00    2     2445    -4     3     T
     1198  0.4980000E+03  0.10000E+01    2     2447    -4     3     T
     1199  0.4990000E+03  0.10000E+01    2     2449    -4     3     T
     1200  0.5000000E+03  0.10000E+01    2     2451    -4     3     T
     1201  0.5010000E+03  0.10000E+01    2     2453    -4     3     T
     1202  0.5020000E+03  0.10000E+01    2     2455    -4     3     T
     1203  0.5030000E+03  0.10000E+01    2     2457    -4     3     T
     1204  0.5040000E+03  0.10000E+01    2     2459    -4     3     T
     1205  0.5050000E+03  0.10000E+01    2     2461    -4     3     T
     1206  0.5060000E+03  0.10000E+01    2     2463    -4     3     T
     1207  0.5070000E+03  0.10000E+01    2     2465    -4     3     T
     1217  0.5080000E+03  0.21749E+00    2     2485    -4     3     T
     1220  0.5090000E+03  0.37500E+00    2     2491    -4     3     T
     1230  0.5100000E+03  0.21749E+00    2     2511    -4     3     T
     1240  0.5110000E+03  0.21749E+00    2     2531    -4     3     T
     1250  0.5120000E+03  0.21749E+00    2     2551    -4     3     T
     1260  0.5130000E+03  0.21749E+00    2     2571    -4     3     T
     1270  0.5140000E+03  0.21749E+00    2     2591    -4     3     T
     1280  0.5150000E+03  0.21749E+00    2     2611    -4     3     T
     1283  0.5160000E+03  0.37500E+00    2     2617    -4     3     T
     1293  0.5170000E+03  0.21749E+00    2     2637    -4     3     T
     1303  0.5180000E+03  0.21749E+00    3     2659    -4     3     T
     1313  0.5190000E+03  0.21749E+00    2     2679    -4     3     T
     1323  0.5200000E+03  0.21749E+00    2     2700    -4     3     T
     1327  0.5210000E+03  0.25000E+00    2     2710    -4     3     T
     1329  0.5220000E+03  0.50000E+00    2     2714    -4     3     T
     1331  0.5230000E+03  0.50000E+00    2     2718    -4     3     T
     1332  0.5240000E+03  0.10000E+01    2     2720    -4     3     T
     1342  0.5250000E+03  0.21749E+00    2     2740    -4     3     T
     1352  0.5260000E+03  0.21749E+00    2     2760    -4     3     T
     1355  0.5270000E+03  0.37500E+00    2     2766    -4     3     T
     1357  0.5280000E+03  0.50000E+00    2     2770    -4     3     T
     1359  0.5290000E+03  0.50000E+00    2     2774    -4     3     T
     1360  0.5300000E+03  0.10000E+01    2     2776    -4     3     T
     1361  0.5310000E+03  0.10000E+01    2     2778    -4     3     T
     1362  0.5320000E+03  0.10000E+01    2     2780    -4     3     T
     1363  0.5330000E+03  0.10000E+01    2     2782    -4     3     T
     1364  0.5340000E+03  0.10000E+01    2     2784    -4     3     T
     1365  0.5350000E+03  0.10000E+01    2     2786    -4     3     T
     1366  0.5360000E+03  0.10000E+01    2     2788    -4     3     T
     1367  0.5370000E+03  0.10000E+01    2     2790    -4     3     T
     1368  0.5380000E+03  0.10000E+01    2     2792    -4     3     T
     1369  0.5390000E+03  0.10000E+01    2     2794    -4     3     T
     1370  0.5400000E+03  0.10000E+01    2     2796    -4     3     T
     1371  0.5410000E+03  0.10000E+01    2     2798    -4     3     T
     1372  0.5420000E+03  0.10000E+01    2     2800    -4     3     T
     1373  0.5430000E+03  0.10000E+01    2     2802    -4     3     T
     1374  0.5440000E+03  0.10000E+01    2     2804    -4     3     T
     1375  0.5450000E+03  0.10000E+01    2     2806    -4     3     T
     1376  0.5460000E+03  0.10000E+01    2     2808    -4     3     T
     1377  0.5470000E+03  0.10000E+01    2     2810    -4     3     T
     1378  0.5480000E+03  0.10000E+01    2     2812    -4     3     T
     1379  0.5490000E+03  0.10000E+01    2     2814    -4     3     T
     1380  0.5500000E+03  0.10000E+01    2     2816    -4     3     T
     1381  0.5510000E+03  0.10000E+01    2     2818    -4     3     T
     1382  0.5520000E+03  0.10000E+01    2     2820    -4     3     T
     1383  0.5530000E+03  0.10000E+01    2     2822    -4     3     T
     1384  0.5540000E+03  0.10000E+01    2     2824    -4     3     T
     1385  0.5550000E+03  0.10000E+01    2     2826    -4     3     T
     1395  0.5560000E+03  0.21749E+00    2     2846    -4     3     T
     1398  0.5570000E+03  0.37500E+00    2     2852    -4     3     T
     1400  0.5580000E+03  0.50000E+00    2     2856    -4     3     T
     1402  0.5590000E+03  0.50000E+00    2     2860    -4     3     T
     1403  0.5600000E+03  0.10000E+01    2     2862    -4     3     T
     1413  0.5610000E+03  0.21749E+00    2     2882    -4     3     T
     1423  0.5620000E+03  0.21749E+00    2     2902    -4     3     T
     1426  0.5630000E+03  0.37500E+00    2     2908    -4     3     T
     1428  0.5640000E+03  0.50000E+00    2     2912    -4     3     T
     1438  0.5650000E+03  0.21749E+00    2     2932    -4     3     T
     1448  0.5660000E+03  0.21749E+00    2     2952    -4     3     T
     1452  0.5670000E+03  0.25000E+00    2     2962    -4     3     T
     1454  0.5680000E+03  0.50000E+00    2     2966    -4     3     T
     1456  0.5690000E+03  0.50000E+00    2     2970    -4     3     T
     1466  0.5700000E+03  0.21749E+00    2     2990    -4     3     T
     1469  0.5710000E+03  0.37500E+00    2     2996    -4     3     T
     1471  0.5720000E+03  0.50000E+00    2     3000    -4     3     T
     1473  0.5730000E+03  0.50000E+00    2     3004    -4     3     T
     1474  0.5740000E+03  0.10000E+01    2     3006    -4     3     T
     1475  0.5750000E+03  0.10000E+01    2     3008    -4     3     T
     1476  0.5760000E+03  0.10000E+01    2     3010    -4     3     T
     1477  0.5770000E+03  0.10000E+01    2     3012    -4     3     T
     1487  0.5780000E+03  0.21749E+00    2     3032    -4     3     T
     1490  0.5790000E+03  0.37500E+00    2     3038    -4     3     T
     1492  0.5800000E+03  0.50000E+00    2     3042    -4     3     T
     1502  0.5810000E+03  0.21749E+00    2     3062    -4     3     T
     1512  0.5820000E+03  0.21749E+00    2     3082    -4     3     T
     1522  0.5830000E+03  0.21749E+00    2     3102    -4     3     T
     1532  0.5840000E+03  0.21749E+00    2     3122    -4     3     T
     1536  0.5850000E+03  0.25000E+00    2     3132    -4     3     T
     1538  0.5860000E+03  0.50000E+00    2     3136    -4     3     T
     1540  0.5870000E+03  0.50000E+00    2     3140    -4     3     T
     1550  0.5880000E+03  0.21749E+00    2     3160    -4     3     T
     1553  0.5890000E+03  0.37500E+00    2     3166    -4     3     T
     1555  0.5900000E+03  0.50000E+00    2     3170    -4     3     T
     1557  0.5910000E+03  0.50000E+00    2     3174    -4     3     T
     1567  0.5920000E+03  0.21749E+00    2     3194    -4     3     T
     1577  0.5930000E+03  0.21749E+00    2     3214    -4     3     T
     1580  0.5940000E+03  0.37500E+00    2     3220    -4     3     T
     1582  0.5950000E+03  0.50000E+00    2     3224    -4     3     T
     1584  0.5960000E+03  0.50000E+00    2     3228    -4     3     T
     1585  0.5970000E+03  0.10000E+01    2     3230    -4     3     T
     1586  0.5980000E+03  0.10000E+01    2     3232    -4     3     T
     1587  0.5990000E+03  0.10000E+01    2     3234    -4     3     T
     1588  0.6000000E+03  0.10000E+01    2     3236    -4     3     T
     1589  0.6010000E+03  0.10000E+01    2     3238    -4     3     T
     1590  0.6020000E+03  0.10000E+01    2     3240    -4     3     T
     1591  0.6030000E+03  0.10000E+01    2     3242    -4     3     T
     1592  0.6040000E+03  0.10000E+01    2     3244    -4     3     T
     1593  0.6050000E+03  0.10000E+01    2     3246    -4     3     T
     1594  0.6060000E+03  0.10000E+01    2     3248    -4     3     T
     1595  0.6070000E+03  0.10000E+01    2     3250    -4     3     T
     1596  0.6080000E+03  0.10000E+01    2     3252    -4     3     T
     1597  0.6090000E+03  0.10000E+01    2     3254    -4     3     T
     1598  0.6100000E+03  0.10000E+01    2     3256    -4     3     T
     1599  0.6110000E+03  0.10000E+01    2     3258    -4     3     T
     1600  0.6120000E+03  0.10000E+01    2     3260    -4     3     T
     1601  0.6130000E+03  0.10000E+01    2     3262    -4     3     T
     1602  0.6140000E+03  0.10000E+01    2     3264    -4     3     T
     1603  0.6150000E+03  0.10000E+01    2     3266    -4     3     T
     1604  0.6160000E+03  0.10000E+01    2     3268    -4     3     T
     1605  0.6170000E+03  0.10000E+01    2     3270    -4     3     T
     1606  0.6180000E+03  0.10000E+01    2     3272    -4     3     T
     1607  0.6190000E+03  0.10000E+01    2     3274    -4     3     T
     1608  0.6200000E+03  0.10000E+01    2     3276    -4     3     T
     1609  0.6210000E+03  0.10000E+01    2     3278    -4     3     T
     1610  0.6220000E+03  0.10000E+01    2     3280    -4     3     T
     1611  0.6230000E+03  0.10000E+01    2     3282    -4     3     T
     1612  0.6240000E+03  0.10000E+01    2     3284    -4     3     T
     1613  0.6250000E+03  0.10000E+01    2     3286    -4     3     T
     1614  0.6260000E+03  0.10000E+01    2     3288    -4     3     T
     1615  0.6270000E+03  0.10000E+01    2     3290    -4     3     T
     1616  0.6280000E+03  0.10000E+01    2     3292    -4     3     T
     1617  0.6290000E+03  0.10000E+01    2     3294    -4     3     T
     1618  0.6300000E+03  0.10000E+01    2     3296    -4     3     T
     1619  0.6310000E+03  0.10000E+01    2     3298    -4     3     T
     1620  0.6320000E+03  0.10000E+01    2     3300    -4     3     T
     1621  0.6330000E+03  0.10000E+01    2     3302    -4     3     T
     1622  0.6340000E+03  0.10000E+01    2     3304    -4     3     T
     1623  0.6350000E+03  0.10000E+01    2     3306    -4     3     T
     1624  0.6360000E+03  0.10000E+01    2     3308    -4     3     T
     1625  0.6370000E+03  0.10000E+01    2     3310    -4     3     T
     1626  0.6380000E+03  0.10000E+01    2     3312    -4     3     T
     1627  0.6390000E+03  0.10000E+01    2     3314    -4     3     T
     1628  0.6400000E+03  0.10000E+01    2     3316    -4     3     T
     1629  0.6410000E+03  0.10000E+01    2     3318    -4     3     T
     1630  0.6420000E+03  0.10000E+01    2     3320    -4     3     T
     1631  0.6430000E+03  0.10000E+01    2     3322    -4     3     T
     1632  0.6440000E+03  0.10000E+01    2     3324    -4     3     T
     1633  0.6450000E+03  0.10000E+01    2     3326    -4     3     T
     1634  0.6460000E+03  0.10000E+01    2     3328    -4     3     T
     1635  0.6470000E+03  0.10000E+01    2     3330    -4     3     T
     1636  0.6480000E+03  0.10000E+01    2     3332    -4     3     T
     1637  0.6490000E+03  0.10000E+01    2     3334    -4     3     T
     1638  0.6500000E+03  0.10000E+01    2     3336    -4     3     T
     1639  0.6510000E+03  0.10000E+01    2     3338    -4     3     T
     1640  0.6520000E+03  0.10000E+01    2     3340    -4     3     T
     1641  0.6530000E+03  0.10000E+01    2     3342    -4     3     T
     1642  0.6540000E+03  0.10000E+01    2     3344    -4     3     T
     1643  0.6550000E+03  0.10000E+01    2     3346    -4     3     T
     1644  0.6560000E+03  0.10000E+01    2     3348    -4     3     T
     1645  0.6570000E+03  0.10000E+01    2     3350    -4     3     T
     1646  0.6580000E+03  0.10000E+01    2     3352    -4     3     T
     1647  0.6590000E+03  0.10000E+01    2     3354    -4     3     T
     1648  0.6600000E+03  0.10000E+01    2     3356    -4     3     T
     1649  0.6610000E+03  0.10000E+01    2     3358    -4     3     T
     1650  0.6620000E+03  0.10000E+01    2     3360    -4     3     T
     1651  0.6630000E+03  0.10000E+01    2     3362    -4     3     T
     1652  0.6640000E+03  0.10000E+01    2     3364    -4     3     T
     1653  0.6650000E+03  0.10000E+01    2     3366    -4     3     T
     1654  0.6660000E+03  0.10000E+01    2     3368    -4     3     T
     1655  0.6670000E+03  0.10000E+01    2     3370    -4     3     T
     1656  0.6680000E+03  0.10000E+01    2     3372    -4     3     T
     1657  0.6690000E+03  0.10000E+01    2     3374    -4     3     T
     1658  0.6700000E+03  0.10000E+01    2     3376    -4     3     T
     1659  0.6710000E+03  0.10000E+01    2     3378    -4     3     T
     1660  0.6720000E+03  0.10000E+01    2     3380    -4     3     T
     1661  0.6730000E+03  0.10000E+01    2     3382    -4     3     T
     1662  0.6740000E+03  0.10000E+01    2     3384    -4     3     T
     1663  0.6750000E+03  0.10000E+01    2     3386    -4     3     T
     1664  0.6760000E+03  0.10000E+01    2     3388    -4     3     T
     1665  0.6770000E+03  0.10000E+01    2     3390    -4     3     T
     1666  0.6780000E+03  0.10000E+01    2     3392    -4     3     T
     1667  0.6790000E+03  0.10000E+01    2     3394    -4     3     T
     1668  0.6800000E+03  0.10000E+01    2     3396    -4     3     T
     1669  0.6810000E+03  0.10000E+01    2     3398    -4     3     T
     1670  0.6820000E+03  0.10000E+01    2     3400    -4     3     T
     1671  0.6830000E+03  0.10000E+01    2     3402    -4     3     T
     1672  0.6840000E+03  0.10000E+01    2     3404    -4     3     T
     1673  0.6850000E+03  0.10000E+01    2     3406    -4     3     T
     1674  0.6860000E+03  0.10000E+01    2     3408    -4     3     T
     1675  0.6870000E+03  0.10000E+01    2     3410    -4     3     T
     1676  0.6880000E+03  0.10000E+01    2     3412    -4     3     T
     1677  0.6890000E+03  0.10000E+01    2     3414    -4     3     T
     1678  0.6900000E+03  0.10000E+01    2     3416    -4     3     T
     1679  0.6910000E+03  0.10000E+01    2     3418    -4     3     T
     1680  0.6920000E+03  0.10000E+01    2     3420    -4     3     T
     1681  0.6930000E+03  0.10000E+01    2     3422    -4     3     T
     1682  0.6940000E+03  0.10000E+01    2     3424    -4     3     T
     1683  0.6950000E+03  0.10000E+01    2     3426    -4     3     T
     1684  0.6960000E+03  0.10000E+01    2     3428    -4     3     T
     1685  0.6970000E+03  0.10000E+01    2     3430    -4     3     T
     1686  0.6980000E+03  0.10000E+01    2     3432    -4     3     T
     1687  0.6990000E+03  0.10000E+01    2     3434    -4     3     T
     1688  0.7000000E+03  0.10000E+01    2     3436    -4     3     T
     1689  0.7010000E+03  0.10000E+01    2     3438    -4     3     T
     1690  0.7020000E+03  0.10000E+01    2     3440    -4     3     T
     1691  0.7030000E+03  0.10000E+01    2     3442    -4     3     T
     1692  0.7040000E+03  0.10000E+01    2     3444    -4     3     T
     1693  0.7050000E+03  0.10000E+01    2     3446    -4     3     T
     1694  0.7060000E+03  0.10000E+01    2     3448    -4     3     T
     1695  0.7070000E+03  0.10000E+01    2     3450    -4     3     T
     1696  0.7080000E+03  0.10000E+01    2     3452    -4     3     T
     1697  0.7090000E+03  0.10000E+01    2     3454    -4     3     T
     1698  0.7100000E+03  0.10000E+01    2     3456    -4     3     T
     1699  0.7110000E+03  0.10000E+01    2     3458    -4     3     T
     1700  0.7120000E+03  0.10000E+01    2     3460    -4     3     T
     1701  0.7130000E+03  0.10000E+01    2     3462    -4     3     T
     1702  0.7140000E+03  0.10000E+01    2     3464    -4     3     T
     1703  0.7150000E+03  0.10000E+01    2     3466    -4     3     T
     1704  0.7160000E+03  0.10000E+01    2     3468    -4     3     T
     1705  0.7170000E+03  0.10000E+01    2     3470    -4     3     T
     1706  0.7180000E+03  0.10000E+01    2     3472    -4     3     T
     1707  0.7190000E+03  0.10000E+01    2     3474    -4     3     T
     1708  0.7200000E+03  0.10000E+01    2     3476    -4     3     T
     1709  0.7210000E+03  0.10000E+01    2     3478    -4     3     T
     1710  0.7220000E+03  0.10000E+01    2     3480    -4     3     T
     1711  0.7230000E+03  0.10000E+01    2     3482    -4     3     T
     1712  0.7240000E+03  0.10000E+01    2     3484    -4     3     T
     1713  0.7250000E+03  0.10000E+01    2     3486    -4     3     T
     1714  0.7260000E+03  0.10000E+01    2     3488    -4     3     T
     1715  0.7270000E+03  0.10000E+01    2     3490    -4     3     T
     1716  0.7280000E+03  0.10000E+01    2     3492    -4     3     T
     1717  0.7290000E+03  0.10000E+01    2     3494    -4     3     T
     1718  0.7300000E+03  0.10000E+01    2     3496    -4     3     T
     1719  0.7310000E+03  0.10000E+01    2     3498    -4     3     T
     1720  0.7320000E+03  0.10000E+01    2     3500    -4     3     T
     1721  0.7330000E+03  0.10000E+01    2     3502    -4     3     T
     1722  0.7340000E+03  0.10000E+01    2     3504    -4     3     T
     1723  0.7350000E+03  0.10000E+01    2     3506    -4     3     T
     1724  0.7360000E+03  0.10000E+01    2     3508    -4     3     T
     1725  0.7370000E+03  0.10000E+01    3     3511    -4     3     T
     1726  0.7380000E+03  0.10000E+01    2     3513    -4     3     T
     1727  0.7390000E+03  0.10000E+01    2     3515    -4     3     T
     1728  0.7400000E+03  0.10000E+01    2     3517    -4     3     T
     1729  0.7410000E+03  0.10000E+01    2     3519    -4     3     T
     1730  0.7420000E+03  0.10000E+01    2     3521    -4     3     T
     1731  0.7430000E+03  0.10000E+01    2     3523    -4     3     T
     1732  0.7440000E+03  0.10000E+01    2     3525    -4     3     T
end
